{"C:\\Users\\dev\\source\\repos\\shogun\\shogun-core\\src\\config.ts": {"path":"C:\\Users\\dev\\source\\repos\\shogun\\shogun-core\\src\\config.ts","statementMap":{"0":{"start":{"line":1,"column":13},"end":{"line":32,"column":2}},"1":{"start":{"line":34,"column":0},"end":{"line":34,"column":22}}},"fnMap":{},"branchMap":{},"s":{"0":2,"1":2},"f":{},"b":{}}
,"C:\\Users\\dev\\source\\repos\\shogun\\shogun-core\\src\\gun\\gun.ts": {"path":"C:\\Users\\dev\\source\\repos\\shogun\\shogun-core\\src\\gun\\gun.ts","statementMap":{"0":{"start":{"line":4,"column":0},"end":{"line":4,"column":22}},"1":{"start":{"line":5,"column":0},"end":{"line":5,"column":17}},"2":{"start":{"line":7,"column":0},"end":{"line":7,"column":31}},"3":{"start":{"line":8,"column":0},"end":{"line":8,"column":48}},"4":{"start":{"line":9,"column":0},"end":{"line":9,"column":64}},"5":{"start":{"line":37,"column":9},"end":{"line":37,"column":51}},"6":{"start":{"line":38,"column":10},"end":{"line":38,"column":44}},"7":{"start":{"line":39,"column":10},"end":{"line":39,"column":59}},"8":{"start":{"line":41,"column":10},"end":{"line":41,"column":43}},"9":{"start":{"line":47,"column":4},"end":{"line":47,"column":30}},"10":{"start":{"line":49,"column":4},"end":{"line":52,"column":6}},"11":{"start":{"line":55,"column":19},"end":{"line":61,"column":6}},"12":{"start":{"line":64,"column":4},"end":{"line":74,"column":5}},"13":{"start":{"line":66,"column":8},"end":{"line":70,"column":15}},"14":{"start":{"line":71,"column":6},"end":{"line":71,"column":51}},"15":{"start":{"line":73,"column":6},"end":{"line":73,"column":36}},"16":{"start":{"line":77,"column":4},"end":{"line":77,"column":31}},"17":{"start":{"line":79,"column":4},"end":{"line":79,"column":65}},"18":{"start":{"line":82,"column":22},"end":{"line":82,"column":39}},"19":{"start":{"line":84,"column":4},"end":{"line":99,"column":5}},"20":{"start":{"line":85,"column":6},"end":{"line":97,"column":9}},"21":{"start":{"line":86,"column":8},"end":{"line":88,"column":9}},"22":{"start":{"line":87,"column":10},"end":{"line":87,"column":17}},"23":{"start":{"line":89,"column":8},"end":{"line":96,"column":11}},"24":{"start":{"line":90,"column":19},"end":{"line":90,"column":25}},"25":{"start":{"line":92,"column":10},"end":{"line":94,"column":12}},"26":{"start":{"line":95,"column":10},"end":{"line":95,"column":23}},"27":{"start":{"line":98,"column":6},"end":{"line":98,"column":65}},"28":{"start":{"line":102,"column":4},"end":{"line":102,"column":33}},"29":{"start":{"line":114,"column":4},"end":{"line":126,"column":5}},"30":{"start":{"line":114,"column":17},"end":{"line":114,"column":18}},"31":{"start":{"line":115,"column":6},"end":{"line":125,"column":7}},"32":{"start":{"line":116,"column":8},"end":{"line":116,"column":33}},"33":{"start":{"line":118,"column":8},"end":{"line":118,"column":78}},"34":{"start":{"line":120,"column":8},"end":{"line":124,"column":9}},"35":{"start":{"line":121,"column":24},"end":{"line":121,"column":63}},"36":{"start":{"line":122,"column":10},"end":{"line":122,"column":69}},"37":{"start":{"line":123,"column":10},"end":{"line":123,"column":69}},"38":{"start":{"line":123,"column":41},"end":{"line":123,"column":67}},"39":{"start":{"line":128,"column":4},"end":{"line":128,"column":21}},"40":{"start":{"line":135,"column":4},"end":{"line":148,"column":7}},"41":{"start":{"line":136,"column":6},"end":{"line":136,"column":39}},"42":{"start":{"line":138,"column":6},"end":{"line":147,"column":7}},"43":{"start":{"line":139,"column":8},"end":{"line":144,"column":10}},"44":{"start":{"line":146,"column":8},"end":{"line":146,"column":53}},"45":{"start":{"line":156,"column":17},"end":{"line":156,"column":32}},"46":{"start":{"line":157,"column":4},"end":{"line":159,"column":7}},"47":{"start":{"line":158,"column":6},"end":{"line":158,"column":21}},"48":{"start":{"line":168,"column":4},"end":{"line":168,"column":32}},"49":{"start":{"line":177,"column":4},"end":{"line":177,"column":40}},"50":{"start":{"line":180,"column":17},"end":{"line":180,"column":32}},"51":{"start":{"line":181,"column":4},"end":{"line":183,"column":5}},"52":{"start":{"line":182,"column":6},"end":{"line":182,"column":21}},"53":{"start":{"line":186,"column":4},"end":{"line":191,"column":6}},"54":{"start":{"line":187,"column":20},"end":{"line":187,"column":58}},"55":{"start":{"line":188,"column":6},"end":{"line":190,"column":7}},"56":{"start":{"line":189,"column":8},"end":{"line":189,"column":46}},"57":{"start":{"line":199,"column":4},"end":{"line":199,"column":20}},"58":{"start":{"line":207,"column":4},"end":{"line":207,"column":27}},"59":{"start":{"line":215,"column":4},"end":{"line":215,"column":35}},"60":{"start":{"line":216,"column":17},"end":{"line":216,"column":32}},"61":{"start":{"line":217,"column":4},"end":{"line":217,"column":58}},"62":{"start":{"line":225,"column":4},"end":{"line":225,"column":28}},"63":{"start":{"line":235,"column":4},"end":{"line":263,"column":5}},"64":{"start":{"line":236,"column":6},"end":{"line":236,"column":53}},"65":{"start":{"line":238,"column":6},"end":{"line":256,"column":9}},"66":{"start":{"line":239,"column":8},"end":{"line":255,"column":11}},"67":{"start":{"line":240,"column":10},"end":{"line":254,"column":11}},"68":{"start":{"line":241,"column":12},"end":{"line":241,"column":55}},"69":{"start":{"line":242,"column":12},"end":{"line":242,"column":56}},"70":{"start":{"line":245,"column":32},"end":{"line":245,"column":68}},"71":{"start":{"line":247,"column":12},"end":{"line":251,"column":13}},"72":{"start":{"line":248,"column":14},"end":{"line":248,"column":67}},"73":{"start":{"line":250,"column":14},"end":{"line":250,"column":66}},"74":{"start":{"line":253,"column":12},"end":{"line":253,"column":33}},"75":{"start":{"line":258,"column":6},"end":{"line":258,"column":52}},"76":{"start":{"line":259,"column":6},"end":{"line":262,"column":8}},"77":{"start":{"line":278,"column":4},"end":{"line":278,"column":50}},"78":{"start":{"line":280,"column":4},"end":{"line":322,"column":7}},"79":{"start":{"line":281,"column":6},"end":{"line":287,"column":7}},"80":{"start":{"line":282,"column":22},"end":{"line":282,"column":58}},"81":{"start":{"line":283,"column":8},"end":{"line":283,"column":19}},"82":{"start":{"line":284,"column":8},"end":{"line":284,"column":47}},"83":{"start":{"line":284,"column":22},"end":{"line":284,"column":47}},"84":{"start":{"line":285,"column":8},"end":{"line":285,"column":33}},"85":{"start":{"line":286,"column":8},"end":{"line":286,"column":15}},"86":{"start":{"line":290,"column":6},"end":{"line":295,"column":7}},"87":{"start":{"line":291,"column":8},"end":{"line":291,"column":32}},"88":{"start":{"line":292,"column":8},"end":{"line":292,"column":55}},"89":{"start":{"line":298,"column":6},"end":{"line":298,"column":60}},"90":{"start":{"line":299,"column":6},"end":{"line":321,"column":9}},"91":{"start":{"line":300,"column":8},"end":{"line":320,"column":9}},"92":{"start":{"line":301,"column":10},"end":{"line":301,"column":41}},"93":{"start":{"line":302,"column":10},"end":{"line":302,"column":51}},"94":{"start":{"line":302,"column":24},"end":{"line":302,"column":51}},"95":{"start":{"line":303,"column":10},"end":{"line":303,"column":37}},"96":{"start":{"line":305,"column":10},"end":{"line":305,"column":55}},"97":{"start":{"line":307,"column":10},"end":{"line":312,"column":11}},"98":{"start":{"line":308,"column":12},"end":{"line":308,"column":29}},"99":{"start":{"line":309,"column":12},"end":{"line":309,"column":40}},"100":{"start":{"line":311,"column":12},"end":{"line":311,"column":65}},"101":{"start":{"line":314,"column":10},"end":{"line":314,"column":38}},"102":{"start":{"line":314,"column":24},"end":{"line":314,"column":38}},"103":{"start":{"line":315,"column":10},"end":{"line":319,"column":13}},"104":{"start":{"line":330,"column":4},"end":{"line":342,"column":5}},"105":{"start":{"line":331,"column":19},"end":{"line":331,"column":34}},"106":{"start":{"line":333,"column":19},"end":{"line":333,"column":39}},"107":{"start":{"line":334,"column":6},"end":{"line":339,"column":7}},"108":{"start":{"line":336,"column":8},"end":{"line":338,"column":9}},"109":{"start":{"line":337,"column":10},"end":{"line":337,"column":61}},"110":{"start":{"line":341,"column":6},"end":{"line":341,"column":64}},"111":{"start":{"line":349,"column":4},"end":{"line":349,"column":41}},"112":{"start":{"line":356,"column":4},"end":{"line":356,"column":33}},"113":{"start":{"line":363,"column":4},"end":{"line":369,"column":5}},"114":{"start":{"line":364,"column":6},"end":{"line":364,"column":31}},"115":{"start":{"line":365,"column":6},"end":{"line":365,"column":30}},"116":{"start":{"line":366,"column":6},"end":{"line":366,"column":30}},"117":{"start":{"line":368,"column":6},"end":{"line":368,"column":46}},"118":{"start":{"line":377,"column":17},"end":{"line":377,"column":32}},"119":{"start":{"line":378,"column":4},"end":{"line":378,"column":46}},"120":{"start":{"line":386,"column":20},"end":{"line":386,"column":44}},"121":{"start":{"line":387,"column":4},"end":{"line":389,"column":5}},"122":{"start":{"line":388,"column":6},"end":{"line":388,"column":18}},"123":{"start":{"line":390,"column":4},"end":{"line":393,"column":6}},"124":{"start":{"line":404,"column":4},"end":{"line":417,"column":6}},"125":{"start":{"line":406,"column":8},"end":{"line":415,"column":10}},"126":{"start":{"line":407,"column":10},"end":{"line":414,"column":12}},"127":{"start":{"line":410,"column":14},"end":{"line":411,"column":33}},"128":{"start":{"line":410,"column":27},"end":{"line":410,"column":54}},"129":{"start":{"line":411,"column":19},"end":{"line":411,"column":33}},"130":{"start":{"line":424,"column":4},"end":{"line":430,"column":6}},"131":{"start":{"line":426,"column":8},"end":{"line":428,"column":10}},"132":{"start":{"line":427,"column":10},"end":{"line":427,"column":50}},"133":{"start":{"line":427,"column":35},"end":{"line":427,"column":48}},"134":{"start":{"line":437,"column":4},"end":{"line":455,"column":5}},"135":{"start":{"line":438,"column":6},"end":{"line":440,"column":7}},"136":{"start":{"line":439,"column":8},"end":{"line":439,"column":50}},"137":{"start":{"line":442,"column":22},"end":{"line":444,"column":19}},"138":{"start":{"line":446,"column":6},"end":{"line":446,"column":80}},"139":{"start":{"line":448,"column":6},"end":{"line":453,"column":8}},"140":{"start":{"line":454,"column":6},"end":{"line":454,"column":18}},"141":{"start":{"line":462,"column":4},"end":{"line":484,"column":5}},"142":{"start":{"line":463,"column":6},"end":{"line":465,"column":7}},"143":{"start":{"line":464,"column":8},"end":{"line":464,"column":50}},"144":{"start":{"line":467,"column":19},"end":{"line":467,"column":70}},"145":{"start":{"line":469,"column":6},"end":{"line":472,"column":7}},"146":{"start":{"line":470,"column":8},"end":{"line":470,"column":40}},"147":{"start":{"line":471,"column":8},"end":{"line":471,"column":20}},"148":{"start":{"line":474,"column":6},"end":{"line":474,"column":41}},"149":{"start":{"line":475,"column":6},"end":{"line":475,"column":18}},"150":{"start":{"line":477,"column":6},"end":{"line":482,"column":8}},"151":{"start":{"line":483,"column":6},"end":{"line":483,"column":18}},"152":{"start":{"line":491,"column":4},"end":{"line":512,"column":7}},"153":{"start":{"line":492,"column":22},"end":{"line":494,"column":19}},"154":{"start":{"line":496,"column":6},"end":{"line":511,"column":10}},"155":{"start":{"line":502,"column":12},"end":{"line":508,"column":13}},"156":{"start":{"line":503,"column":14},"end":{"line":503,"column":63}},"157":{"start":{"line":504,"column":14},"end":{"line":504,"column":41}},"158":{"start":{"line":506,"column":14},"end":{"line":506,"column":57}},"159":{"start":{"line":507,"column":14},"end":{"line":507,"column":28}},"160":{"start":{"line":519,"column":4},"end":{"line":532,"column":7}},"161":{"start":{"line":520,"column":6},"end":{"line":531,"column":11}},"162":{"start":{"line":524,"column":10},"end":{"line":530,"column":11}},"163":{"start":{"line":525,"column":12},"end":{"line":525,"column":58}},"164":{"start":{"line":526,"column":12},"end":{"line":526,"column":26}},"165":{"start":{"line":528,"column":12},"end":{"line":528,"column":61}},"166":{"start":{"line":529,"column":12},"end":{"line":529,"column":26}},"167":{"start":{"line":540,"column":4},"end":{"line":540,"column":35}},"168":{"start":{"line":562,"column":9},"end":{"line":562,"column":14}},"169":{"start":{"line":556,"column":0},"end":{"line":560,"column":1}},"170":{"start":{"line":557,"column":2},"end":{"line":557,"column":23}},"171":{"start":{"line":558,"column":7},"end":{"line":560,"column":1}},"172":{"start":{"line":559,"column":3},"end":{"line":559,"column":32}}},"fnMap":{"0":{"name":"(anonymous_1)","decl":{"start":{"line":46,"column":2},"end":{"line":46,"column":14}},"loc":{"start":{"line":46,"column":49},"end":{"line":103,"column":3}}},"1":{"name":"(anonymous_2)","decl":{"start":{"line":85,"column":20},"end":{"line":85,"column":30}},"loc":{"start":{"line":85,"column":38},"end":{"line":97,"column":7}}},"2":{"name":"(anonymous_3)","decl":{"start":{"line":89,"column":22},"end":{"line":89,"column":32}},"loc":{"start":{"line":89,"column":40},"end":{"line":96,"column":9}}},"3":{"name":"(anonymous_4)","decl":{"start":{"line":108,"column":10},"end":{"line":108,"column":15}},"loc":{"start":{"line":110,"column":19},"end":{"line":129,"column":3}}},"4":{"name":"(anonymous_5)","decl":{"start":{"line":123,"column":28},"end":{"line":123,"column":29}},"loc":{"start":{"line":123,"column":41},"end":{"line":123,"column":67}}},"5":{"name":"(anonymous_6)","decl":{"start":{"line":134,"column":10},"end":{"line":134,"column":31}},"loc":{"start":{"line":134,"column":31},"end":{"line":149,"column":3}}},"6":{"name":"(anonymous_7)","decl":{"start":{"line":135,"column":24},"end":{"line":135,"column":25}},"loc":{"start":{"line":135,"column":37},"end":{"line":148,"column":5}}},"7":{"name":"(anonymous_8)","decl":{"start":{"line":155,"column":10},"end":{"line":155,"column":29}},"loc":{"start":{"line":155,"column":41},"end":{"line":160,"column":3}}},"8":{"name":"(anonymous_9)","decl":{"start":{"line":157,"column":33},"end":{"line":157,"column":34}},"loc":{"start":{"line":157,"column":46},"end":{"line":159,"column":5}}},"9":{"name":"(anonymous_10)","decl":{"start":{"line":167,"column":2},"end":{"line":167,"column":8}},"loc":{"start":{"line":167,"column":49},"end":{"line":169,"column":3}}},"10":{"name":"(anonymous_11)","decl":{"start":{"line":176,"column":2},"end":{"line":176,"column":8}},"loc":{"start":{"line":176,"column":38},"end":{"line":192,"column":3}}},"11":{"name":"(anonymous_12)","decl":{"start":{"line":186,"column":11},"end":{"line":186,"column":14}},"loc":{"start":{"line":186,"column":16},"end":{"line":191,"column":5}}},"12":{"name":"(anonymous_13)","decl":{"start":{"line":198,"column":2},"end":{"line":198,"column":8}},"loc":{"start":{"line":198,"column":8},"end":{"line":200,"column":3}}},"13":{"name":"(anonymous_14)","decl":{"start":{"line":206,"column":2},"end":{"line":206,"column":9}},"loc":{"start":{"line":206,"column":9},"end":{"line":208,"column":3}}},"14":{"name":"(anonymous_15)","decl":{"start":{"line":214,"column":2},"end":{"line":214,"column":16}},"loc":{"start":{"line":214,"column":36},"end":{"line":218,"column":3}}},"15":{"name":"(anonymous_16)","decl":{"start":{"line":224,"column":2},"end":{"line":224,"column":16}},"loc":{"start":{"line":224,"column":16},"end":{"line":226,"column":3}}},"16":{"name":"(anonymous_17)","decl":{"start":{"line":234,"column":2},"end":{"line":234,"column":7}},"loc":{"start":{"line":234,"column":49},"end":{"line":264,"column":3}}},"17":{"name":"(anonymous_18)","decl":{"start":{"line":238,"column":25},"end":{"line":238,"column":26}},"loc":{"start":{"line":238,"column":37},"end":{"line":256,"column":7}}},"18":{"name":"(anonymous_19)","decl":{"start":{"line":239,"column":51},"end":{"line":239,"column":56}},"loc":{"start":{"line":239,"column":70},"end":{"line":255,"column":9}}},"19":{"name":"(anonymous_20)","decl":{"start":{"line":273,"column":2},"end":{"line":273,"column":7}},"loc":{"start":{"line":276,"column":36},"end":{"line":323,"column":3}}},"20":{"name":"(anonymous_21)","decl":{"start":{"line":280,"column":23},"end":{"line":280,"column":24}},"loc":{"start":{"line":280,"column":43},"end":{"line":322,"column":5}}},"21":{"name":"(anonymous_22)","decl":{"start":{"line":299,"column":47},"end":{"line":299,"column":48}},"loc":{"start":{"line":299,"column":60},"end":{"line":321,"column":7}}},"22":{"name":"(anonymous_23)","decl":{"start":{"line":329,"column":10},"end":{"line":329,"column":19}},"loc":{"start":{"line":329,"column":19},"end":{"line":343,"column":3}}},"23":{"name":"(anonymous_24)","decl":{"start":{"line":348,"column":10},"end":{"line":348,"column":26}},"loc":{"start":{"line":348,"column":26},"end":{"line":350,"column":3}}},"24":{"name":"(anonymous_25)","decl":{"start":{"line":355,"column":10},"end":{"line":355,"column":28}},"loc":{"start":{"line":355,"column":43},"end":{"line":357,"column":3}}},"25":{"name":"(anonymous_26)","decl":{"start":{"line":362,"column":2},"end":{"line":362,"column":8}},"loc":{"start":{"line":362,"column":8},"end":{"line":370,"column":3}}},"26":{"name":"(anonymous_27)","decl":{"start":{"line":376,"column":2},"end":{"line":376,"column":12}},"loc":{"start":{"line":376,"column":12},"end":{"line":379,"column":3}}},"27":{"name":"(anonymous_28)","decl":{"start":{"line":385,"column":2},"end":{"line":385,"column":16}},"loc":{"start":{"line":385,"column":16},"end":{"line":394,"column":3}}},"28":{"name":"(anonymous_29)","decl":{"start":{"line":399,"column":10},"end":{"line":399,"column":15}},"loc":{"start":{"line":402,"column":17},"end":{"line":418,"column":3}}},"29":{"name":"(anonymous_30)","decl":{"start":{"line":405,"column":6},"end":{"line":405,"column":9}},"loc":{"start":{"line":406,"column":8},"end":{"line":415,"column":10}}},"30":{"name":"(anonymous_31)","decl":{"start":{"line":406,"column":20},"end":{"line":406,"column":21}},"loc":{"start":{"line":406,"column":40},"end":{"line":415,"column":9}}},"31":{"name":"(anonymous_32)","decl":{"start":{"line":409,"column":12},"end":{"line":409,"column":13}},"loc":{"start":{"line":409,"column":25},"end":{"line":412,"column":13}}},"32":{"name":"(anonymous_33)","decl":{"start":{"line":423,"column":10},"end":{"line":423,"column":15}},"loc":{"start":{"line":423,"column":39},"end":{"line":431,"column":3}}},"33":{"name":"(anonymous_34)","decl":{"start":{"line":425,"column":6},"end":{"line":425,"column":9}},"loc":{"start":{"line":426,"column":8},"end":{"line":428,"column":10}}},"34":{"name":"(anonymous_35)","decl":{"start":{"line":426,"column":20},"end":{"line":426,"column":21}},"loc":{"start":{"line":426,"column":32},"end":{"line":428,"column":9}}},"35":{"name":"(anonymous_36)","decl":{"start":{"line":427,"column":20},"end":{"line":427,"column":21}},"loc":{"start":{"line":427,"column":35},"end":{"line":427,"column":48}}},"36":{"name":"(anonymous_37)","decl":{"start":{"line":436,"column":2},"end":{"line":436,"column":7}},"loc":{"start":{"line":436,"column":44},"end":{"line":456,"column":3}}},"37":{"name":"(anonymous_38)","decl":{"start":{"line":461,"column":2},"end":{"line":461,"column":7}},"loc":{"start":{"line":461,"column":32},"end":{"line":485,"column":3}}},"38":{"name":"(anonymous_39)","decl":{"start":{"line":490,"column":2},"end":{"line":490,"column":7}},"loc":{"start":{"line":490,"column":59},"end":{"line":513,"column":3}}},"39":{"name":"(anonymous_40)","decl":{"start":{"line":491,"column":23},"end":{"line":491,"column":24}},"loc":{"start":{"line":491,"column":43},"end":{"line":512,"column":5}}},"40":{"name":"(anonymous_41)","decl":{"start":{"line":501,"column":10},"end":{"line":501,"column":11}},"loc":{"start":{"line":501,"column":23},"end":{"line":509,"column":11}}},"41":{"name":"(anonymous_42)","decl":{"start":{"line":518,"column":2},"end":{"line":518,"column":7}},"loc":{"start":{"line":518,"column":47},"end":{"line":533,"column":3}}},"42":{"name":"(anonymous_43)","decl":{"start":{"line":519,"column":23},"end":{"line":519,"column":24}},"loc":{"start":{"line":519,"column":35},"end":{"line":532,"column":5}}},"43":{"name":"(anonymous_44)","decl":{"start":{"line":523,"column":14},"end":{"line":523,"column":15}},"loc":{"start":{"line":523,"column":23},"end":{"line":531,"column":9}}},"44":{"name":"(anonymous_45)","decl":{"start":{"line":538,"column":2},"end":{"line":538,"column":7}},"loc":{"start":{"line":538,"column":23},"end":{"line":541,"column":3}}}},"branchMap":{"0":{"loc":{"start":{"line":46,"column":14},"end":{"line":46,"column":49}},"type":"default-arg","locations":[{"start":{"line":46,"column":47},"end":{"line":46,"column":49}}]},"1":{"loc":{"start":{"line":50,"column":16},"end":{"line":50,"column":42}},"type":"binary-expr","locations":[{"start":{"line":50,"column":16},"end":{"line":50,"column":37}},{"start":{"line":50,"column":41},"end":{"line":50,"column":42}}]},"2":{"loc":{"start":{"line":51,"column":13},"end":{"line":51,"column":39}},"type":"binary-expr","locations":[{"start":{"line":51,"column":13},"end":{"line":51,"column":31}},{"start":{"line":51,"column":35},"end":{"line":51,"column":39}}]},"3":{"loc":{"start":{"line":57,"column":20},"end":{"line":57,"column":49}},"type":"binary-expr","locations":[{"start":{"line":57,"column":20},"end":{"line":57,"column":40}},{"start":{"line":57,"column":44},"end":{"line":57,"column":49}}]},"4":{"loc":{"start":{"line":58,"column":14},"end":{"line":58,"column":37}},"type":"binary-expr","locations":[{"start":{"line":58,"column":14},"end":{"line":58,"column":28}},{"start":{"line":58,"column":32},"end":{"line":58,"column":37}}]},"5":{"loc":{"start":{"line":59,"column":17},"end":{"line":59,"column":43}},"type":"binary-expr","locations":[{"start":{"line":59,"column":17},"end":{"line":59,"column":34}},{"start":{"line":59,"column":38},"end":{"line":59,"column":43}}]},"6":{"loc":{"start":{"line":60,"column":11},"end":{"line":60,"column":31}},"type":"binary-expr","locations":[{"start":{"line":60,"column":11},"end":{"line":60,"column":22}},{"start":{"line":60,"column":26},"end":{"line":60,"column":31}}]},"7":{"loc":{"start":{"line":64,"column":4},"end":{"line":74,"column":5}},"type":"if","locations":[{"start":{"line":64,"column":4},"end":{"line":74,"column":5}},{"start":{"line":72,"column":11},"end":{"line":74,"column":5}}]},"8":{"loc":{"start":{"line":68,"column":9},"end":{"line":70,"column":14}},"type":"cond-expr","locations":[{"start":{"line":69,"column":12},"end":{"line":69,"column":69}},{"start":{"line":70,"column":12},"end":{"line":70,"column":14}}]},"9":{"loc":{"start":{"line":84,"column":4},"end":{"line":99,"column":5}},"type":"if","locations":[{"start":{"line":84,"column":4},"end":{"line":99,"column":5}}]},"10":{"loc":{"start":{"line":86,"column":8},"end":{"line":88,"column":9}},"type":"if","locations":[{"start":{"line":86,"column":8},"end":{"line":88,"column":9}}]},"11":{"loc":{"start":{"line":118,"column":20},"end":{"line":118,"column":77}},"type":"cond-expr","locations":[{"start":{"line":118,"column":45},"end":{"line":118,"column":50}},{"start":{"line":118,"column":53},"end":{"line":118,"column":77}}]},"12":{"loc":{"start":{"line":120,"column":8},"end":{"line":124,"column":9}},"type":"if","locations":[{"start":{"line":120,"column":8},"end":{"line":124,"column":9}}]},"13":{"loc":{"start":{"line":138,"column":6},"end":{"line":147,"column":7}},"type":"if","locations":[{"start":{"line":138,"column":6},"end":{"line":147,"column":7}},{"start":{"line":145,"column":13},"end":{"line":147,"column":7}}]},"14":{"loc":{"start":{"line":146,"column":33},"end":{"line":146,"column":51}},"type":"binary-expr","locations":[{"start":{"line":146,"column":33},"end":{"line":146,"column":45}},{"start":{"line":146,"column":49},"end":{"line":146,"column":51}}]},"15":{"loc":{"start":{"line":167,"column":19},"end":{"line":167,"column":49}},"type":"default-arg","locations":[{"start":{"line":167,"column":37},"end":{"line":167,"column":49}}]},"16":{"loc":{"start":{"line":181,"column":4},"end":{"line":183,"column":5}},"type":"if","locations":[{"start":{"line":181,"column":4},"end":{"line":183,"column":5}}]},"17":{"loc":{"start":{"line":181,"column":8},"end":{"line":181,"column":23}},"type":"binary-expr","locations":[{"start":{"line":181,"column":8},"end":{"line":181,"column":12}},{"start":{"line":181,"column":16},"end":{"line":181,"column":23}}]},"18":{"loc":{"start":{"line":188,"column":6},"end":{"line":190,"column":7}},"type":"if","locations":[{"start":{"line":188,"column":6},"end":{"line":190,"column":7}}]},"19":{"loc":{"start":{"line":240,"column":10},"end":{"line":254,"column":11}},"type":"if","locations":[{"start":{"line":240,"column":10},"end":{"line":254,"column":11}},{"start":{"line":243,"column":17},"end":{"line":254,"column":11}}]},"20":{"loc":{"start":{"line":247,"column":12},"end":{"line":251,"column":13}},"type":"if","locations":[{"start":{"line":247,"column":12},"end":{"line":251,"column":13}},{"start":{"line":249,"column":19},"end":{"line":251,"column":13}}]},"21":{"loc":{"start":{"line":261,"column":15},"end":{"line":261,"column":71}},"type":"cond-expr","locations":[{"start":{"line":261,"column":40},"end":{"line":261,"column":53}},{"start":{"line":261,"column":56},"end":{"line":261,"column":71}}]},"22":{"loc":{"start":{"line":281,"column":6},"end":{"line":287,"column":7}},"type":"if","locations":[{"start":{"line":281,"column":6},"end":{"line":287,"column":7}}]},"23":{"loc":{"start":{"line":281,"column":10},"end":{"line":281,"column":32}},"type":"binary-expr","locations":[{"start":{"line":281,"column":10},"end":{"line":281,"column":19}},{"start":{"line":281,"column":23},"end":{"line":281,"column":32}}]},"24":{"loc":{"start":{"line":284,"column":8},"end":{"line":284,"column":47}},"type":"if","locations":[{"start":{"line":284,"column":8},"end":{"line":284,"column":47}}]},"25":{"loc":{"start":{"line":300,"column":8},"end":{"line":320,"column":9}},"type":"if","locations":[{"start":{"line":300,"column":8},"end":{"line":320,"column":9}},{"start":{"line":304,"column":15},"end":{"line":320,"column":9}}]},"26":{"loc":{"start":{"line":302,"column":10},"end":{"line":302,"column":51}},"type":"if","locations":[{"start":{"line":302,"column":10},"end":{"line":302,"column":51}}]},"27":{"loc":{"start":{"line":314,"column":10},"end":{"line":314,"column":38}},"type":"if","locations":[{"start":{"line":314,"column":10},"end":{"line":314,"column":38}}]},"28":{"loc":{"start":{"line":333,"column":19},"end":{"line":333,"column":39}},"type":"binary-expr","locations":[{"start":{"line":333,"column":19},"end":{"line":333,"column":25}},{"start":{"line":333,"column":29},"end":{"line":333,"column":39}}]},"29":{"loc":{"start":{"line":334,"column":6},"end":{"line":339,"column":7}},"type":"if","locations":[{"start":{"line":334,"column":6},"end":{"line":339,"column":7}}]},"30":{"loc":{"start":{"line":336,"column":8},"end":{"line":338,"column":9}},"type":"if","locations":[{"start":{"line":336,"column":8},"end":{"line":338,"column":9}}]},"31":{"loc":{"start":{"line":378,"column":14},"end":{"line":378,"column":44}},"type":"binary-expr","locations":[{"start":{"line":378,"column":14},"end":{"line":378,"column":18}},{"start":{"line":378,"column":22},"end":{"line":378,"column":29}},{"start":{"line":378,"column":33},"end":{"line":378,"column":44}}]},"32":{"loc":{"start":{"line":387,"column":4},"end":{"line":389,"column":5}},"type":"if","locations":[{"start":{"line":387,"column":4},"end":{"line":389,"column":5}}]},"33":{"loc":{"start":{"line":410,"column":14},"end":{"line":411,"column":33}},"type":"if","locations":[{"start":{"line":410,"column":14},"end":{"line":411,"column":33}},{"start":{"line":411,"column":19},"end":{"line":411,"column":33}}]},"34":{"loc":{"start":{"line":438,"column":6},"end":{"line":440,"column":7}},"type":"if","locations":[{"start":{"line":438,"column":6},"end":{"line":440,"column":7}}]},"35":{"loc":{"start":{"line":442,"column":22},"end":{"line":444,"column":19}},"type":"cond-expr","locations":[{"start":{"line":443,"column":10},"end":{"line":443,"column":45}},{"start":{"line":444,"column":10},"end":{"line":444,"column":19}}]},"36":{"loc":{"start":{"line":463,"column":6},"end":{"line":465,"column":7}},"type":"if","locations":[{"start":{"line":463,"column":6},"end":{"line":465,"column":7}}]},"37":{"loc":{"start":{"line":469,"column":6},"end":{"line":472,"column":7}},"type":"if","locations":[{"start":{"line":469,"column":6},"end":{"line":472,"column":7}}]},"38":{"loc":{"start":{"line":492,"column":22},"end":{"line":494,"column":19}},"type":"cond-expr","locations":[{"start":{"line":493,"column":10},"end":{"line":493,"column":45}},{"start":{"line":494,"column":10},"end":{"line":494,"column":19}}]},"39":{"loc":{"start":{"line":502,"column":12},"end":{"line":508,"column":13}},"type":"if","locations":[{"start":{"line":502,"column":12},"end":{"line":508,"column":13}},{"start":{"line":505,"column":19},"end":{"line":508,"column":13}}]},"40":{"loc":{"start":{"line":502,"column":16},"end":{"line":502,"column":30}},"type":"binary-expr","locations":[{"start":{"line":502,"column":16},"end":{"line":502,"column":19}},{"start":{"line":502,"column":23},"end":{"line":502,"column":30}}]},"41":{"loc":{"start":{"line":524,"column":10},"end":{"line":530,"column":11}},"type":"if","locations":[{"start":{"line":524,"column":10},"end":{"line":530,"column":11}},{"start":{"line":527,"column":17},"end":{"line":530,"column":11}}]},"42":{"loc":{"start":{"line":556,"column":0},"end":{"line":560,"column":1}},"type":"if","locations":[{"start":{"line":556,"column":0},"end":{"line":560,"column":1}},{"start":{"line":558,"column":7},"end":{"line":560,"column":1}}]},"43":{"loc":{"start":{"line":558,"column":7},"end":{"line":560,"column":1}},"type":"if","locations":[{"start":{"line":558,"column":7},"end":{"line":560,"column":1}}]}},"s":{"0":1,"1":1,"2":1,"3":1,"4":1,"5":0,"6":0,"7":0,"8":0,"9":0,"10":0,"11":0,"12":0,"13":0,"14":0,"15":0,"16":0,"17":0,"18":0,"19":0,"20":0,"21":0,"22":0,"23":0,"24":0,"25":0,"26":0,"27":0,"28":0,"29":0,"30":0,"31":0,"32":0,"33":0,"34":0,"35":0,"36":0,"37":0,"38":0,"39":0,"40":0,"41":0,"42":0,"43":0,"44":0,"45":0,"46":0,"47":0,"48":0,"49":0,"50":0,"51":0,"52":0,"53":0,"54":0,"55":0,"56":0,"57":0,"58":0,"59":0,"60":0,"61":0,"62":0,"63":0,"64":0,"65":0,"66":0,"67":0,"68":0,"69":0,"70":0,"71":0,"72":0,"73":0,"74":0,"75":0,"76":0,"77":0,"78":0,"79":0,"80":0,"81":0,"82":0,"83":0,"84":0,"85":0,"86":0,"87":0,"88":0,"89":0,"90":0,"91":0,"92":0,"93":0,"94":0,"95":0,"96":0,"97":0,"98":0,"99":0,"100":0,"101":0,"102":0,"103":0,"104":0,"105":0,"106":0,"107":0,"108":0,"109":0,"110":0,"111":0,"112":0,"113":0,"114":0,"115":0,"116":0,"117":0,"118":0,"119":0,"120":0,"121":0,"122":0,"123":0,"124":0,"125":0,"126":0,"127":0,"128":0,"129":0,"130":0,"131":0,"132":0,"133":0,"134":0,"135":0,"136":0,"137":0,"138":0,"139":0,"140":0,"141":0,"142":0,"143":0,"144":0,"145":0,"146":0,"147":0,"148":0,"149":0,"150":0,"151":0,"152":0,"153":0,"154":0,"155":0,"156":0,"157":0,"158":0,"159":0,"160":0,"161":0,"162":0,"163":0,"164":0,"165":0,"166":0,"167":0,"168":1,"169":1,"170":1,"171":0,"172":0},"f":{"0":0,"1":0,"2":0,"3":0,"4":0,"5":0,"6":0,"7":0,"8":0,"9":0,"10":0,"11":0,"12":0,"13":0,"14":0,"15":0,"16":0,"17":0,"18":0,"19":0,"20":0,"21":0,"22":0,"23":0,"24":0,"25":0,"26":0,"27":0,"28":0,"29":0,"30":0,"31":0,"32":0,"33":0,"34":0,"35":0,"36":0,"37":0,"38":0,"39":0,"40":0,"41":0,"42":0,"43":0,"44":0},"b":{"0":[0],"1":[0,0],"2":[0,0],"3":[0,0],"4":[0,0],"5":[0,0],"6":[0,0],"7":[0,0],"8":[0,0],"9":[0],"10":[0],"11":[0,0],"12":[0],"13":[0,0],"14":[0,0],"15":[0],"16":[0],"17":[0,0],"18":[0],"19":[0,0],"20":[0,0],"21":[0,0],"22":[0],"23":[0,0],"24":[0],"25":[0,0],"26":[0],"27":[0],"28":[0,0],"29":[0],"30":[0],"31":[0,0,0],"32":[0],"33":[0,0],"34":[0],"35":[0,0],"36":[0],"37":[0],"38":[0,0],"39":[0,0],"40":[0,0],"41":[0,0],"42":[1,0],"43":[0]}}
,"C:\\Users\\dev\\source\\repos\\shogun\\shogun-core\\src\\plugins\\stealth\\stealth.ts": {"path":"C:\\Users\\dev\\source\\repos\\shogun\\shogun-core\\src\\plugins\\stealth\\stealth.ts","statementMap":{"0":{"start":{"line":4,"column":0},"end":{"line":4,"column":32}},"1":{"start":{"line":5,"column":0},"end":{"line":5,"column":54}},"2":{"start":{"line":6,"column":0},"end":{"line":6,"column":67}},"3":{"start":{"line":7,"column":0},"end":{"line":7,"column":null}},"4":{"start":{"line":788,"column":18},"end":{"line":8,"column":null}},"5":{"start":{"line":788,"column":36},"end":{"line":10,"column":null}},"6":{"start":{"line":14,"column":0},"end":{"line":14,"column":56}},"7":{"start":{"line":33,"column":10},"end":{"line":33,"column":63}},"8":{"start":{"line":34,"column":10},"end":{"line":34,"column":72}},"9":{"start":{"line":36,"column":19},"end":{"line":36,"column":58}},"10":{"start":{"line":37,"column":10},"end":{"line":37,"column":34}},"11":{"start":{"line":40,"column":4},"end":{"line":40,"column":40}},"12":{"start":{"line":41,"column":4},"end":{"line":41,"column":50}},"13":{"start":{"line":48,"column":35},"end":{"line":53,"column":6}},"14":{"start":{"line":55,"column":4},"end":{"line":55,"column":31}},"15":{"start":{"line":56,"column":4},"end":{"line":56,"column":65}},"16":{"start":{"line":63,"column":4},"end":{"line":75,"column":5}},"17":{"start":{"line":64,"column":6},"end":{"line":64,"column":39}},"18":{"start":{"line":65,"column":6},"end":{"line":65,"column":38}},"19":{"start":{"line":66,"column":6},"end":{"line":66,"column":21}},"20":{"start":{"line":71,"column":6},"end":{"line":71,"column":59}},"21":{"start":{"line":73,"column":6},"end":{"line":73,"column":55}},"22":{"start":{"line":74,"column":6},"end":{"line":74,"column":18}},"23":{"start":{"line":82,"column":4},"end":{"line":152,"column":5}},"24":{"start":{"line":84,"column":6},"end":{"line":87,"column":7}},"25":{"start":{"line":85,"column":8},"end":{"line":85,"column":73}},"26":{"start":{"line":86,"column":8},"end":{"line":86,"column":21}},"27":{"start":{"line":90,"column":29},"end":{"line":94,"column":8}},"28":{"start":{"line":95,"column":6},"end":{"line":100,"column":7}},"29":{"start":{"line":96,"column":8},"end":{"line":99,"column":9}},"30":{"start":{"line":97,"column":10},"end":{"line":97,"column":70}},"31":{"start":{"line":98,"column":10},"end":{"line":98,"column":23}},"32":{"start":{"line":103,"column":6},"end":{"line":109,"column":7}},"33":{"start":{"line":107,"column":8},"end":{"line":107,"column":56}},"34":{"start":{"line":108,"column":8},"end":{"line":108,"column":21}},"35":{"start":{"line":111,"column":6},"end":{"line":114,"column":7}},"36":{"start":{"line":112,"column":8},"end":{"line":112,"column":47}},"37":{"start":{"line":113,"column":8},"end":{"line":113,"column":21}},"38":{"start":{"line":117,"column":28},"end":{"line":122,"column":38}},"39":{"start":{"line":123,"column":6},"end":{"line":134,"column":7}},"40":{"start":{"line":124,"column":8},"end":{"line":133,"column":9}},"41":{"start":{"line":128,"column":10},"end":{"line":131,"column":12}},"42":{"start":{"line":132,"column":10},"end":{"line":132,"column":23}},"43":{"start":{"line":137,"column":6},"end":{"line":140,"column":7}},"44":{"start":{"line":138,"column":8},"end":{"line":138,"column":50}},"45":{"start":{"line":139,"column":8},"end":{"line":139,"column":21}},"46":{"start":{"line":142,"column":6},"end":{"line":145,"column":7}},"47":{"start":{"line":143,"column":8},"end":{"line":143,"column":55}},"48":{"start":{"line":144,"column":8},"end":{"line":144,"column":21}},"49":{"start":{"line":147,"column":6},"end":{"line":147,"column":58}},"50":{"start":{"line":148,"column":6},"end":{"line":148,"column":18}},"51":{"start":{"line":150,"column":6},"end":{"line":150,"column":71}},"52":{"start":{"line":151,"column":6},"end":{"line":151,"column":19}},"53":{"start":{"line":159,"column":4},"end":{"line":161,"column":5}},"54":{"start":{"line":160,"column":6},"end":{"line":160,"column":18}},"55":{"start":{"line":163,"column":23},"end":{"line":163,"column":39}},"56":{"start":{"line":165,"column":4},"end":{"line":167,"column":5}},"57":{"start":{"line":166,"column":6},"end":{"line":166,"column":18}},"58":{"start":{"line":169,"column":4},"end":{"line":171,"column":5}},"59":{"start":{"line":170,"column":6},"end":{"line":170,"column":18}},"60":{"start":{"line":173,"column":4},"end":{"line":173,"column":73}},"61":{"start":{"line":180,"column":4},"end":{"line":203,"column":5}},"62":{"start":{"line":182,"column":22},"end":{"line":182,"column":51}},"63":{"start":{"line":184,"column":6},"end":{"line":192,"column":7}},"64":{"start":{"line":191,"column":8},"end":{"line":191,"column":63}},"65":{"start":{"line":194,"column":6},"end":{"line":199,"column":8}},"66":{"start":{"line":201,"column":6},"end":{"line":201,"column":62}},"67":{"start":{"line":202,"column":6},"end":{"line":202,"column":18}},"68":{"start":{"line":214,"column":4},"end":{"line":228,"column":5}},"69":{"start":{"line":215,"column":22},"end":{"line":215,"column":51}},"70":{"start":{"line":217,"column":6},"end":{"line":219,"column":7}},"71":{"start":{"line":218,"column":8},"end":{"line":218,"column":65}},"72":{"start":{"line":221,"column":6},"end":{"line":224,"column":8}},"73":{"start":{"line":226,"column":6},"end":{"line":226,"column":70}},"74":{"start":{"line":227,"column":6},"end":{"line":227,"column":18}},"75":{"start":{"line":241,"column":4},"end":{"line":250,"column":5}},"76":{"start":{"line":242,"column":20},"end":{"line":242,"column":76}},"77":{"start":{"line":243,"column":6},"end":{"line":248,"column":8}},"78":{"start":{"line":249,"column":6},"end":{"line":249,"column":18}},"79":{"start":{"line":252,"column":4},"end":{"line":383,"column":7}},"80":{"start":{"line":256,"column":34},"end":{"line":334,"column":7}},"81":{"start":{"line":257,"column":8},"end":{"line":257,"column":64}},"82":{"start":{"line":260,"column":8},"end":{"line":260,"column":53}},"83":{"start":{"line":263,"column":41},"end":{"line":267,"column":10}},"84":{"start":{"line":270,"column":29},"end":{"line":273,"column":10}},"85":{"start":{"line":275,"column":8},"end":{"line":278,"column":10}},"86":{"start":{"line":280,"column":9},"end":{"line":333,"column":10}},"87":{"start":{"line":284,"column":12},"end":{"line":286,"column":14}},"88":{"start":{"line":287,"column":12},"end":{"line":290,"column":15}},"89":{"start":{"line":292,"column":12},"end":{"line":331,"column":13}},"90":{"start":{"line":294,"column":40},"end":{"line":295,"column":null}},"91":{"start":{"line":297,"column":36},"end":{"line":297,"column":72}},"92":{"start":{"line":299,"column":14},"end":{"line":303,"column":17}},"93":{"start":{"line":306,"column":14},"end":{"line":306,"column":47}},"94":{"start":{"line":307,"column":14},"end":{"line":307,"column":46}},"95":{"start":{"line":308,"column":14},"end":{"line":308,"column":54}},"96":{"start":{"line":311,"column":14},"end":{"line":311,"column":74}},"97":{"start":{"line":313,"column":14},"end":{"line":317,"column":17}},"98":{"start":{"line":319,"column":37},"end":{"line":320,"column":null}},"99":{"start":{"line":323,"column":14},"end":{"line":328,"column":16}},"100":{"start":{"line":330,"column":14},"end":{"line":330,"column":37}},"101":{"start":{"line":337,"column":6},"end":{"line":382,"column":7}},"102":{"start":{"line":339,"column":8},"end":{"line":359,"column":11}},"103":{"start":{"line":340,"column":10},"end":{"line":358,"column":11}},"104":{"start":{"line":341,"column":58},"end":{"line":346,"column":14}},"105":{"start":{"line":347,"column":12},"end":{"line":347,"column":51}},"106":{"start":{"line":348,"column":12},"end":{"line":348,"column":34}},"107":{"start":{"line":350,"column":12},"end":{"line":355,"column":14}},"108":{"start":{"line":356,"column":12},"end":{"line":356,"column":26}},"109":{"start":{"line":357,"column":12},"end":{"line":357,"column":19}},"110":{"start":{"line":362,"column":8},"end":{"line":381,"column":11}},"111":{"start":{"line":363,"column":10},"end":{"line":380,"column":11}},"112":{"start":{"line":364,"column":12},"end":{"line":369,"column":14}},"113":{"start":{"line":370,"column":12},"end":{"line":370,"column":34}},"114":{"start":{"line":372,"column":12},"end":{"line":377,"column":14}},"115":{"start":{"line":378,"column":12},"end":{"line":378,"column":26}},"116":{"start":{"line":379,"column":12},"end":{"line":379,"column":19}},"117":{"start":{"line":394,"column":4},"end":{"line":394,"column":69}},"118":{"start":{"line":397,"column":4},"end":{"line":493,"column":5}},"119":{"start":{"line":399,"column":8},"end":{"line":399,"column":62}},"120":{"start":{"line":400,"column":22},"end":{"line":400,"column":52}},"121":{"start":{"line":402,"column":6},"end":{"line":404,"column":8}},"122":{"start":{"line":406,"column":19},"end":{"line":406,"column":42}},"123":{"start":{"line":407,"column":6},"end":{"line":481,"column":7}},"124":{"start":{"line":408,"column":8},"end":{"line":408,"column":60}},"125":{"start":{"line":411,"column":8},"end":{"line":417,"column":9}},"126":{"start":{"line":412,"column":10},"end":{"line":412,"column":65}},"127":{"start":{"line":413,"column":36},"end":{"line":414,"column":null}},"128":{"start":{"line":416,"column":10},"end":{"line":416,"column":54}},"129":{"start":{"line":420,"column":8},"end":{"line":479,"column":9}},"130":{"start":{"line":421,"column":10},"end":{"line":421,"column":80}},"131":{"start":{"line":423,"column":10},"end":{"line":477,"column":11}},"132":{"start":{"line":425,"column":33},"end":{"line":428,"column":14}},"133":{"start":{"line":430,"column":12},"end":{"line":433,"column":14}},"134":{"start":{"line":435,"column":12},"end":{"line":476,"column":15}},"135":{"start":{"line":436,"column":15},"end":{"line":475,"column":16}},"136":{"start":{"line":440,"column":18},"end":{"line":443,"column":19}},"137":{"start":{"line":441,"column":20},"end":{"line":441,"column":76}},"138":{"start":{"line":442,"column":20},"end":{"line":442,"column":27}},"139":{"start":{"line":445,"column":18},"end":{"line":473,"column":19}},"140":{"start":{"line":446,"column":46},"end":{"line":447,"column":null}},"141":{"start":{"line":449,"column":35},"end":{"line":449,"column":71}},"142":{"start":{"line":452,"column":20},"end":{"line":461,"column":21}},"143":{"start":{"line":456,"column":22},"end":{"line":459,"column":24}},"144":{"start":{"line":460,"column":22},"end":{"line":460,"column":45}},"145":{"start":{"line":463,"column":20},"end":{"line":466,"column":22}},"146":{"start":{"line":468,"column":20},"end":{"line":468,"column":62}},"147":{"start":{"line":470,"column":20},"end":{"line":470,"column":60}},"148":{"start":{"line":472,"column":20},"end":{"line":472,"column":56}},"149":{"start":{"line":478,"column":10},"end":{"line":478,"column":50}},"150":{"start":{"line":480,"column":8},"end":{"line":480,"column":45}},"151":{"start":{"line":483,"column":6},"end":{"line":483,"column":68}},"152":{"start":{"line":484,"column":6},"end":{"line":484,"column":39}},"153":{"start":{"line":486,"column":6},"end":{"line":486,"column":57}},"154":{"start":{"line":488,"column":6},"end":{"line":492,"column":8}},"155":{"start":{"line":504,"column":4},"end":{"line":508,"column":5}},"156":{"start":{"line":505,"column":6},"end":{"line":507,"column":8}},"157":{"start":{"line":511,"column":4},"end":{"line":515,"column":7}},"158":{"start":{"line":517,"column":4},"end":{"line":573,"column":7}},"159":{"start":{"line":519,"column":23},"end":{"line":547,"column":8}},"160":{"start":{"line":522,"column":10},"end":{"line":522,"column":69}},"161":{"start":{"line":523,"column":10},"end":{"line":545,"column":13}},"162":{"start":{"line":524,"column":13},"end":{"line":544,"column":14}},"163":{"start":{"line":528,"column":16},"end":{"line":542,"column":17}},"164":{"start":{"line":529,"column":18},"end":{"line":531,"column":19}},"165":{"start":{"line":530,"column":20},"end":{"line":530,"column":37}},"166":{"start":{"line":532,"column":33},"end":{"line":532,"column":68}},"167":{"start":{"line":533,"column":18},"end":{"line":538,"column":19}},"168":{"start":{"line":537,"column":20},"end":{"line":537,"column":39}},"169":{"start":{"line":539,"column":18},"end":{"line":539,"column":35}},"170":{"start":{"line":541,"column":18},"end":{"line":541,"column":35}},"171":{"start":{"line":550,"column":6},"end":{"line":553,"column":8}},"172":{"start":{"line":551,"column":34},"end":{"line":551,"column":78}},"173":{"start":{"line":552,"column":8},"end":{"line":552,"column":52}},"174":{"start":{"line":556,"column":29},"end":{"line":570,"column":7}},"175":{"start":{"line":557,"column":8},"end":{"line":561,"column":9}},"176":{"start":{"line":558,"column":10},"end":{"line":560,"column":12}},"177":{"start":{"line":563,"column":23},"end":{"line":563,"column":46}},"178":{"start":{"line":564,"column":8},"end":{"line":567,"column":9}},"179":{"start":{"line":565,"column":10},"end":{"line":565,"column":50}},"180":{"start":{"line":566,"column":10},"end":{"line":566,"column":50}},"181":{"start":{"line":569,"column":8},"end":{"line":569,"column":34}},"182":{"start":{"line":572,"column":6},"end":{"line":572,"column":23}},"183":{"start":{"line":581,"column":4},"end":{"line":581,"column":43}},"184":{"start":{"line":591,"column":4},"end":{"line":598,"column":5}},"185":{"start":{"line":597,"column":6},"end":{"line":597,"column":80}},"186":{"start":{"line":600,"column":4},"end":{"line":600,"column":26}},"187":{"start":{"line":607,"column":30},"end":{"line":607,"column":74}},"188":{"start":{"line":608,"column":4},"end":{"line":608,"column":48}},"189":{"start":{"line":615,"column":4},"end":{"line":629,"column":5}},"190":{"start":{"line":616,"column":6},"end":{"line":618,"column":7}},"191":{"start":{"line":617,"column":8},"end":{"line":617,"column":48}},"192":{"start":{"line":621,"column":8},"end":{"line":621,"column":62}},"193":{"start":{"line":622,"column":22},"end":{"line":622,"column":52}},"194":{"start":{"line":623,"column":6},"end":{"line":623,"column":30}},"195":{"start":{"line":624,"column":6},"end":{"line":624,"column":78}},"196":{"start":{"line":625,"column":6},"end":{"line":625,"column":68}},"197":{"start":{"line":627,"column":6},"end":{"line":627,"column":57}},"198":{"start":{"line":628,"column":6},"end":{"line":628,"column":14}},"199":{"start":{"line":642,"column":4},"end":{"line":667,"column":5}},"200":{"start":{"line":643,"column":37},"end":{"line":643,"column":39}},"201":{"start":{"line":645,"column":6},"end":{"line":661,"column":7}},"202":{"start":{"line":646,"column":8},"end":{"line":660,"column":9}},"203":{"start":{"line":647,"column":25},"end":{"line":649,"column":null}},"204":{"start":{"line":651,"column":10},"end":{"line":653,"column":11}},"205":{"start":{"line":652,"column":12},"end":{"line":652,"column":38}},"206":{"start":{"line":655,"column":10},"end":{"line":658,"column":12}},"207":{"start":{"line":663,"column":6},"end":{"line":663,"column":21}},"208":{"start":{"line":665,"column":6},"end":{"line":665,"column":67}},"209":{"start":{"line":666,"column":6},"end":{"line":666,"column":18}},"210":{"start":{"line":680,"column":4},"end":{"line":712,"column":5}},"211":{"start":{"line":682,"column":6},"end":{"line":684,"column":7}},"212":{"start":{"line":683,"column":8},"end":{"line":683,"column":72}},"213":{"start":{"line":686,"column":6},"end":{"line":688,"column":7}},"214":{"start":{"line":687,"column":8},"end":{"line":687,"column":55}},"215":{"start":{"line":691,"column":25},"end":{"line":693,"column":null}},"216":{"start":{"line":696,"column":6},"end":{"line":698,"column":7}},"217":{"start":{"line":697,"column":8},"end":{"line":697,"column":21}},"218":{"start":{"line":701,"column":6},"end":{"line":708,"column":7}},"219":{"start":{"line":702,"column":23},"end":{"line":702,"column":52}},"220":{"start":{"line":704,"column":8},"end":{"line":704,"column":52}},"221":{"start":{"line":705,"column":8},"end":{"line":705,"column":20}},"222":{"start":{"line":707,"column":8},"end":{"line":707,"column":21}},"223":{"start":{"line":710,"column":6},"end":{"line":710,"column":75}},"224":{"start":{"line":711,"column":6},"end":{"line":711,"column":18}},"225":{"start":{"line":725,"column":4},"end":{"line":777,"column":5}},"226":{"start":{"line":727,"column":6},"end":{"line":729,"column":7}},"227":{"start":{"line":728,"column":8},"end":{"line":728,"column":73}},"228":{"start":{"line":731,"column":6},"end":{"line":733,"column":7}},"229":{"start":{"line":732,"column":8},"end":{"line":732,"column":55}},"230":{"start":{"line":736,"column":6},"end":{"line":738,"column":7}},"231":{"start":{"line":737,"column":8},"end":{"line":737,"column":78}},"232":{"start":{"line":741,"column":6},"end":{"line":773,"column":9}},"233":{"start":{"line":743,"column":29},"end":{"line":746,"column":10}},"234":{"start":{"line":749,"column":9},"end":{"line":772,"column":10}},"235":{"start":{"line":753,"column":12},"end":{"line":756,"column":13}},"236":{"start":{"line":754,"column":14},"end":{"line":754,"column":68}},"237":{"start":{"line":755,"column":14},"end":{"line":755,"column":21}},"238":{"start":{"line":758,"column":12},"end":{"line":770,"column":13}},"239":{"start":{"line":760,"column":33},"end":{"line":761,"column":null}},"240":{"start":{"line":763,"column":14},"end":{"line":763,"column":34}},"241":{"start":{"line":765,"column":14},"end":{"line":769,"column":16}},"242":{"start":{"line":775,"column":6},"end":{"line":775,"column":68}},"243":{"start":{"line":776,"column":6},"end":{"line":776,"column":18}},"244":{"start":{"line":788,"column":9},"end":{"line":788,"column":16}},"245":{"start":{"line":782,"column":0},"end":{"line":786,"column":1}},"246":{"start":{"line":783,"column":2},"end":{"line":783,"column":27}},"247":{"start":{"line":784,"column":7},"end":{"line":786,"column":1}},"248":{"start":{"line":785,"column":3},"end":{"line":785,"column":36}}},"fnMap":{"0":{"name":"(anonymous_0)","decl":{"start":{"line":788,"column":18},"end":{"line":788,"column":34}},"loc":{"start":{"line":788,"column":18},"end":{"line":8,"column":null}}},"1":{"name":"(anonymous_1)","decl":{"start":{"line":788,"column":36},"end":{"line":788,"column":56}},"loc":{"start":{"line":788,"column":36},"end":{"line":10,"column":null}}},"2":{"name":"(anonymous_2)","decl":{"start":{"line":39,"column":2},"end":{"line":39,"column":14}},"loc":{"start":{"line":39,"column":37},"end":{"line":42,"column":3}}},"3":{"name":"(anonymous_3)","decl":{"start":{"line":47,"column":10},"end":{"line":47,"column":13}},"loc":{"start":{"line":47,"column":58},"end":{"line":57,"column":3}}},"4":{"name":"(anonymous_4)","decl":{"start":{"line":62,"column":9},"end":{"line":62,"column":14}},"loc":{"start":{"line":62,"column":35},"end":{"line":76,"column":3}}},"5":{"name":"(anonymous_5)","decl":{"start":{"line":81,"column":10},"end":{"line":81,"column":29}},"loc":{"start":{"line":81,"column":47},"end":{"line":153,"column":3}}},"6":{"name":"(anonymous_6)","decl":{"start":{"line":158,"column":2},"end":{"line":158,"column":17}},"loc":{"start":{"line":158,"column":42},"end":{"line":174,"column":3}}},"7":{"name":"(anonymous_7)","decl":{"start":{"line":179,"column":2},"end":{"line":179,"column":7}},"loc":{"start":{"line":179,"column":21},"end":{"line":204,"column":3}}},"8":{"name":"(anonymous_8)","decl":{"start":{"line":210,"column":2},"end":{"line":210,"column":7}},"loc":{"start":{"line":210,"column":32},"end":{"line":229,"column":3}}},"9":{"name":"(anonymous_9)","decl":{"start":{"line":237,"column":2},"end":{"line":237,"column":7}},"loc":{"start":{"line":239,"column":32},"end":{"line":384,"column":3}}},"10":{"name":"(anonymous_10)","decl":{"start":{"line":252,"column":23},"end":{"line":252,"column":24}},"loc":{"start":{"line":252,"column":43},"end":{"line":383,"column":5}}},"11":{"name":"(anonymous_11)","decl":{"start":{"line":256,"column":34},"end":{"line":256,"column":37}},"loc":{"start":{"line":256,"column":39},"end":{"line":334,"column":7}}},"12":{"name":"(anonymous_12)","decl":{"start":{"line":283,"column":10},"end":{"line":283,"column":15}},"loc":{"start":{"line":283,"column":41},"end":{"line":332,"column":11}}},"13":{"name":"(anonymous_13)","decl":{"start":{"line":339,"column":45},"end":{"line":339,"column":46}},"loc":{"start":{"line":339,"column":56},"end":{"line":359,"column":9}}},"14":{"name":"(anonymous_14)","decl":{"start":{"line":362,"column":45},"end":{"line":362,"column":46}},"loc":{"start":{"line":362,"column":56},"end":{"line":381,"column":9}}},"15":{"name":"(anonymous_15)","decl":{"start":{"line":389,"column":2},"end":{"line":389,"column":7}},"loc":{"start":{"line":392,"column":26},"end":{"line":494,"column":3}}},"16":{"name":"(anonymous_16)","decl":{"start":{"line":435,"column":31},"end":{"line":435,"column":32}},"loc":{"start":{"line":435,"column":51},"end":{"line":476,"column":13}}},"17":{"name":"(anonymous_17)","decl":{"start":{"line":439,"column":16},"end":{"line":439,"column":21}},"loc":{"start":{"line":439,"column":41},"end":{"line":474,"column":17}}},"18":{"name":"(anonymous_18)","decl":{"start":{"line":499,"column":10},"end":{"line":499,"column":15}},"loc":{"start":{"line":502,"column":26},"end":{"line":574,"column":3}}},"19":{"name":"(anonymous_19)","decl":{"start":{"line":517,"column":23},"end":{"line":517,"column":24}},"loc":{"start":{"line":517,"column":43},"end":{"line":573,"column":5}}},"20":{"name":"(anonymous_20)","decl":{"start":{"line":521,"column":8},"end":{"line":521,"column":11}},"loc":{"start":{"line":521,"column":13},"end":{"line":546,"column":9}}},"21":{"name":"(anonymous_21)","decl":{"start":{"line":523,"column":29},"end":{"line":523,"column":30}},"loc":{"start":{"line":523,"column":37},"end":{"line":545,"column":11}}},"22":{"name":"(anonymous_22)","decl":{"start":{"line":527,"column":14},"end":{"line":527,"column":19}},"loc":{"start":{"line":527,"column":39},"end":{"line":543,"column":15}}},"23":{"name":"(anonymous_23)","decl":{"start":{"line":550,"column":36},"end":{"line":550,"column":37}},"loc":{"start":{"line":550,"column":55},"end":{"line":553,"column":7}}},"24":{"name":"(anonymous_24)","decl":{"start":{"line":556,"column":29},"end":{"line":556,"column":34}},"loc":{"start":{"line":556,"column":49},"end":{"line":570,"column":7}}},"25":{"name":"(anonymous_25)","decl":{"start":{"line":579,"column":2},"end":{"line":579,"column":7}},"loc":{"start":{"line":579,"column":38},"end":{"line":582,"column":3}}},"26":{"name":"(anonymous_26)","decl":{"start":{"line":588,"column":2},"end":{"line":588,"column":29}},"loc":{"start":{"line":589,"column":36},"end":{"line":601,"column":3}}},"27":{"name":"(anonymous_27)","decl":{"start":{"line":606,"column":2},"end":{"line":606,"column":24}},"loc":{"start":{"line":606,"column":39},"end":{"line":609,"column":3}}},"28":{"name":"(anonymous_28)","decl":{"start":{"line":614,"column":2},"end":{"line":614,"column":20}},"loc":{"start":{"line":614,"column":55},"end":{"line":630,"column":3}}},"29":{"name":"(anonymous_29)","decl":{"start":{"line":638,"column":2},"end":{"line":638,"column":7}},"loc":{"start":{"line":640,"column":32},"end":{"line":668,"column":3}}},"30":{"name":"(anonymous_30)","decl":{"start":{"line":676,"column":2},"end":{"line":676,"column":7}},"loc":{"start":{"line":678,"column":32},"end":{"line":713,"column":3}}},"31":{"name":"(anonymous_31)","decl":{"start":{"line":721,"column":2},"end":{"line":721,"column":7}},"loc":{"start":{"line":723,"column":32},"end":{"line":778,"column":3}}},"32":{"name":"(anonymous_32)","decl":{"start":{"line":741,"column":25},"end":{"line":741,"column":26}},"loc":{"start":{"line":741,"column":45},"end":{"line":773,"column":7}}},"33":{"name":"(anonymous_33)","decl":{"start":{"line":752,"column":10},"end":{"line":752,"column":11}},"loc":{"start":{"line":752,"column":35},"end":{"line":771,"column":11}}}},"branchMap":{"0":{"loc":{"start":{"line":41,"column":19},"end":{"line":41,"column":49}},"type":"binary-expr","locations":[{"start":{"line":41,"column":19},"end":{"line":41,"column":26}},{"start":{"line":41,"column":30},"end":{"line":41,"column":49}}]},"1":{"loc":{"start":{"line":84,"column":6},"end":{"line":87,"column":7}},"type":"if","locations":[{"start":{"line":84,"column":6},"end":{"line":87,"column":7}}]},"2":{"loc":{"start":{"line":84,"column":10},"end":{"line":84,"column":43}},"type":"binary-expr","locations":[{"start":{"line":84,"column":10},"end":{"line":84,"column":15}},{"start":{"line":84,"column":19},"end":{"line":84,"column":43}}]},"3":{"loc":{"start":{"line":96,"column":8},"end":{"line":99,"column":9}},"type":"if","locations":[{"start":{"line":96,"column":8},"end":{"line":99,"column":9}}]},"4":{"loc":{"start":{"line":103,"column":6},"end":{"line":109,"column":7}},"type":"if","locations":[{"start":{"line":103,"column":6},"end":{"line":109,"column":7}}]},"5":{"loc":{"start":{"line":104,"column":8},"end":{"line":105,"column":39}},"type":"binary-expr","locations":[{"start":{"line":104,"column":8},"end":{"line":104,"column":51}},{"start":{"line":105,"column":8},"end":{"line":105,"column":39}}]},"6":{"loc":{"start":{"line":111,"column":6},"end":{"line":114,"column":7}},"type":"if","locations":[{"start":{"line":111,"column":6},"end":{"line":114,"column":7}}]},"7":{"loc":{"start":{"line":111,"column":10},"end":{"line":111,"column":67}},"type":"binary-expr","locations":[{"start":{"line":111,"column":10},"end":{"line":111,"column":44}},{"start":{"line":111,"column":48},"end":{"line":111,"column":67}}]},"8":{"loc":{"start":{"line":124,"column":8},"end":{"line":133,"column":9}},"type":"if","locations":[{"start":{"line":124,"column":8},"end":{"line":133,"column":9}}]},"9":{"loc":{"start":{"line":125,"column":10},"end":{"line":126,"column":58}},"type":"binary-expr","locations":[{"start":{"line":125,"column":10},"end":{"line":125,"column":43}},{"start":{"line":126,"column":10},"end":{"line":126,"column":58}}]},"10":{"loc":{"start":{"line":137,"column":6},"end":{"line":140,"column":7}},"type":"if","locations":[{"start":{"line":137,"column":6},"end":{"line":140,"column":7}}]},"11":{"loc":{"start":{"line":137,"column":10},"end":{"line":137,"column":70}},"type":"binary-expr","locations":[{"start":{"line":137,"column":10},"end":{"line":137,"column":21}},{"start":{"line":137,"column":25},"end":{"line":137,"column":70}}]},"12":{"loc":{"start":{"line":142,"column":6},"end":{"line":145,"column":7}},"type":"if","locations":[{"start":{"line":142,"column":6},"end":{"line":145,"column":7}}]},"13":{"loc":{"start":{"line":142,"column":10},"end":{"line":142,"column":68}},"type":"binary-expr","locations":[{"start":{"line":142,"column":10},"end":{"line":142,"column":27}},{"start":{"line":142,"column":31},"end":{"line":142,"column":68}}]},"14":{"loc":{"start":{"line":159,"column":4},"end":{"line":161,"column":5}},"type":"if","locations":[{"start":{"line":159,"column":4},"end":{"line":161,"column":5}}]},"15":{"loc":{"start":{"line":165,"column":4},"end":{"line":167,"column":5}},"type":"if","locations":[{"start":{"line":165,"column":4},"end":{"line":167,"column":5}}]},"16":{"loc":{"start":{"line":169,"column":4},"end":{"line":171,"column":5}},"type":"if","locations":[{"start":{"line":169,"column":4},"end":{"line":171,"column":5}}]},"17":{"loc":{"start":{"line":173,"column":11},"end":{"line":173,"column":72}},"type":"cond-expr","locations":[{"start":{"line":173,"column":40},"end":{"line":173,"column":59}},{"start":{"line":173,"column":62},"end":{"line":173,"column":72}}]},"18":{"loc":{"start":{"line":184,"column":6},"end":{"line":192,"column":7}},"type":"if","locations":[{"start":{"line":184,"column":6},"end":{"line":192,"column":7}}]},"19":{"loc":{"start":{"line":185,"column":8},"end":{"line":189,"column":22}},"type":"binary-expr","locations":[{"start":{"line":185,"column":8},"end":{"line":185,"column":16}},{"start":{"line":186,"column":8},"end":{"line":186,"column":20}},{"start":{"line":187,"column":8},"end":{"line":187,"column":21}},{"start":{"line":188,"column":8},"end":{"line":188,"column":21}},{"start":{"line":189,"column":8},"end":{"line":189,"column":22}}]},"20":{"loc":{"start":{"line":217,"column":6},"end":{"line":219,"column":7}},"type":"if","locations":[{"start":{"line":217,"column":6},"end":{"line":219,"column":7}}]},"21":{"loc":{"start":{"line":217,"column":10},"end":{"line":217,"column":53}},"type":"binary-expr","locations":[{"start":{"line":217,"column":10},"end":{"line":217,"column":18}},{"start":{"line":217,"column":22},"end":{"line":217,"column":36}},{"start":{"line":217,"column":40},"end":{"line":217,"column":53}}]},"22":{"loc":{"start":{"line":241,"column":4},"end":{"line":250,"column":5}},"type":"if","locations":[{"start":{"line":241,"column":4},"end":{"line":250,"column":5}}]},"23":{"loc":{"start":{"line":320,"column":51},"end":{"line":320,"column":107}},"type":"cond-expr","locations":[{"start":{"line":320,"column":76},"end":{"line":320,"column":89}},{"start":{"line":320,"column":92},"end":{"line":320,"column":107}}]},"24":{"loc":{"start":{"line":326,"column":51},"end":{"line":326,"column":107}},"type":"cond-expr","locations":[{"start":{"line":326,"column":76},"end":{"line":326,"column":89}},{"start":{"line":326,"column":92},"end":{"line":326,"column":107}}]},"25":{"loc":{"start":{"line":337,"column":6},"end":{"line":382,"column":7}},"type":"if","locations":[{"start":{"line":337,"column":6},"end":{"line":382,"column":7}},{"start":{"line":360,"column":13},"end":{"line":382,"column":7}}]},"26":{"loc":{"start":{"line":399,"column":8},"end":{"line":399,"column":62}},"type":"binary-expr","locations":[{"start":{"line":399,"column":8},"end":{"line":399,"column":54}},{"start":{"line":399,"column":58},"end":{"line":399,"column":62}}]},"27":{"loc":{"start":{"line":407,"column":6},"end":{"line":481,"column":7}},"type":"if","locations":[{"start":{"line":407,"column":6},"end":{"line":481,"column":7}}]},"28":{"loc":{"start":{"line":411,"column":8},"end":{"line":417,"column":9}},"type":"if","locations":[{"start":{"line":411,"column":8},"end":{"line":417,"column":9}}]},"29":{"loc":{"start":{"line":420,"column":8},"end":{"line":479,"column":9}},"type":"if","locations":[{"start":{"line":420,"column":8},"end":{"line":479,"column":9}}]},"30":{"loc":{"start":{"line":420,"column":12},"end":{"line":420,"column":48}},"type":"binary-expr","locations":[{"start":{"line":420,"column":12},"end":{"line":420,"column":23}},{"start":{"line":420,"column":27},"end":{"line":420,"column":48}}]},"31":{"loc":{"start":{"line":423,"column":10},"end":{"line":477,"column":11}},"type":"if","locations":[{"start":{"line":423,"column":10},"end":{"line":477,"column":11}}]},"32":{"loc":{"start":{"line":440,"column":18},"end":{"line":443,"column":19}},"type":"if","locations":[{"start":{"line":440,"column":18},"end":{"line":443,"column":19}}]},"33":{"loc":{"start":{"line":452,"column":20},"end":{"line":461,"column":21}},"type":"if","locations":[{"start":{"line":452,"column":20},"end":{"line":461,"column":21}}]},"34":{"loc":{"start":{"line":504,"column":4},"end":{"line":508,"column":5}},"type":"if","locations":[{"start":{"line":504,"column":4},"end":{"line":508,"column":5}}]},"35":{"loc":{"start":{"line":504,"column":8},"end":{"line":504,"column":46}},"type":"binary-expr","locations":[{"start":{"line":504,"column":8},"end":{"line":504,"column":23}},{"start":{"line":504,"column":27},"end":{"line":504,"column":46}}]},"36":{"loc":{"start":{"line":529,"column":18},"end":{"line":531,"column":19}},"type":"if","locations":[{"start":{"line":529,"column":18},"end":{"line":531,"column":19}}]},"37":{"loc":{"start":{"line":533,"column":18},"end":{"line":538,"column":19}},"type":"if","locations":[{"start":{"line":533,"column":18},"end":{"line":538,"column":19}}]},"38":{"loc":{"start":{"line":556,"column":36},"end":{"line":556,"column":45}},"type":"default-arg","locations":[{"start":{"line":556,"column":44},"end":{"line":556,"column":45}}]},"39":{"loc":{"start":{"line":557,"column":8},"end":{"line":561,"column":9}},"type":"if","locations":[{"start":{"line":557,"column":8},"end":{"line":561,"column":9}}]},"40":{"loc":{"start":{"line":564,"column":8},"end":{"line":567,"column":9}},"type":"if","locations":[{"start":{"line":564,"column":8},"end":{"line":567,"column":9}}]},"41":{"loc":{"start":{"line":591,"column":4},"end":{"line":598,"column":5}},"type":"if","locations":[{"start":{"line":591,"column":4},"end":{"line":598,"column":5}}]},"42":{"loc":{"start":{"line":592,"column":6},"end":{"line":595,"column":28}},"type":"binary-expr","locations":[{"start":{"line":592,"column":6},"end":{"line":592,"column":26}},{"start":{"line":593,"column":6},"end":{"line":593,"column":27}},{"start":{"line":594,"column":6},"end":{"line":594,"column":27}},{"start":{"line":595,"column":6},"end":{"line":595,"column":28}}]},"43":{"loc":{"start":{"line":616,"column":6},"end":{"line":618,"column":7}},"type":"if","locations":[{"start":{"line":616,"column":6},"end":{"line":618,"column":7}}]},"44":{"loc":{"start":{"line":621,"column":8},"end":{"line":621,"column":62}},"type":"binary-expr","locations":[{"start":{"line":621,"column":8},"end":{"line":621,"column":54}},{"start":{"line":621,"column":58},"end":{"line":621,"column":62}}]},"45":{"loc":{"start":{"line":651,"column":10},"end":{"line":653,"column":11}},"type":"if","locations":[{"start":{"line":651,"column":10},"end":{"line":653,"column":11}}]},"46":{"loc":{"start":{"line":657,"column":47},"end":{"line":657,"column":103}},"type":"cond-expr","locations":[{"start":{"line":657,"column":72},"end":{"line":657,"column":85}},{"start":{"line":657,"column":88},"end":{"line":657,"column":103}}]},"47":{"loc":{"start":{"line":682,"column":6},"end":{"line":684,"column":7}},"type":"if","locations":[{"start":{"line":682,"column":6},"end":{"line":684,"column":7}}]},"48":{"loc":{"start":{"line":682,"column":10},"end":{"line":682,"column":47}},"type":"binary-expr","locations":[{"start":{"line":682,"column":10},"end":{"line":682,"column":22}},{"start":{"line":682,"column":26},"end":{"line":682,"column":47}}]},"49":{"loc":{"start":{"line":686,"column":6},"end":{"line":688,"column":7}},"type":"if","locations":[{"start":{"line":686,"column":6},"end":{"line":688,"column":7}}]},"50":{"loc":{"start":{"line":696,"column":6},"end":{"line":698,"column":7}},"type":"if","locations":[{"start":{"line":696,"column":6},"end":{"line":698,"column":7}}]},"51":{"loc":{"start":{"line":727,"column":6},"end":{"line":729,"column":7}},"type":"if","locations":[{"start":{"line":727,"column":6},"end":{"line":729,"column":7}}]},"52":{"loc":{"start":{"line":727,"column":10},"end":{"line":727,"column":47}},"type":"binary-expr","locations":[{"start":{"line":727,"column":10},"end":{"line":727,"column":22}},{"start":{"line":727,"column":26},"end":{"line":727,"column":47}}]},"53":{"loc":{"start":{"line":731,"column":6},"end":{"line":733,"column":7}},"type":"if","locations":[{"start":{"line":731,"column":6},"end":{"line":733,"column":7}}]},"54":{"loc":{"start":{"line":736,"column":6},"end":{"line":738,"column":7}},"type":"if","locations":[{"start":{"line":736,"column":6},"end":{"line":738,"column":7}}]},"55":{"loc":{"start":{"line":753,"column":12},"end":{"line":756,"column":13}},"type":"if","locations":[{"start":{"line":753,"column":12},"end":{"line":756,"column":13}}]},"56":{"loc":{"start":{"line":767,"column":49},"end":{"line":767,"column":105}},"type":"cond-expr","locations":[{"start":{"line":767,"column":74},"end":{"line":767,"column":87}},{"start":{"line":767,"column":90},"end":{"line":767,"column":105}}]},"57":{"loc":{"start":{"line":782,"column":0},"end":{"line":786,"column":1}},"type":"if","locations":[{"start":{"line":782,"column":0},"end":{"line":786,"column":1}},{"start":{"line":784,"column":7},"end":{"line":786,"column":1}}]},"58":{"loc":{"start":{"line":784,"column":7},"end":{"line":786,"column":1}},"type":"if","locations":[{"start":{"line":784,"column":7},"end":{"line":786,"column":1}}]}},"s":{"0":1,"1":1,"2":1,"3":1,"4":1,"5":1,"6":1,"7":6,"8":6,"9":6,"10":6,"11":6,"12":6,"13":7,"14":7,"15":7,"16":7,"17":7,"18":7,"19":7,"20":7,"21":0,"22":0,"23":0,"24":0,"25":0,"26":0,"27":0,"28":0,"29":0,"30":0,"31":0,"32":0,"33":0,"34":0,"35":0,"36":0,"37":0,"38":0,"39":0,"40":0,"41":0,"42":0,"43":0,"44":0,"45":0,"46":0,"47":0,"48":0,"49":0,"50":0,"51":0,"52":0,"53":6,"54":2,"55":4,"56":4,"57":1,"58":3,"59":1,"60":2,"61":1,"62":1,"63":1,"64":0,"65":1,"66":0,"67":0,"68":1,"69":1,"70":1,"71":0,"72":1,"73":0,"74":0,"75":0,"76":0,"77":0,"78":0,"79":0,"80":0,"81":0,"82":0,"83":0,"84":0,"85":0,"86":0,"87":0,"88":0,"89":0,"90":0,"91":0,"92":0,"93":0,"94":0,"95":0,"96":0,"97":0,"98":0,"99":0,"100":0,"101":0,"102":0,"103":0,"104":0,"105":0,"106":0,"107":0,"108":0,"109":0,"110":0,"111":0,"112":0,"113":0,"114":0,"115":0,"116":0,"117":0,"118":0,"119":0,"120":0,"121":0,"122":0,"123":0,"124":0,"125":0,"126":0,"127":0,"128":0,"129":0,"130":0,"131":0,"132":0,"133":0,"134":0,"135":0,"136":0,"137":0,"138":0,"139":0,"140":0,"141":0,"142":0,"143":0,"144":0,"145":0,"146":0,"147":0,"148":0,"149":0,"150":0,"151":0,"152":0,"153":0,"154":0,"155":0,"156":0,"157":0,"158":0,"159":0,"160":0,"161":0,"162":0,"163":0,"164":0,"165":0,"166":0,"167":0,"168":0,"169":0,"170":0,"171":0,"172":0,"173":0,"174":0,"175":0,"176":0,"177":0,"178":0,"179":0,"180":0,"181":0,"182":0,"183":0,"184":1,"185":0,"186":1,"187":0,"188":0,"189":0,"190":0,"191":0,"192":0,"193":0,"194":0,"195":0,"196":0,"197":0,"198":0,"199":0,"200":0,"201":0,"202":0,"203":0,"204":0,"205":0,"206":0,"207":0,"208":0,"209":0,"210":0,"211":0,"212":0,"213":0,"214":0,"215":0,"216":0,"217":0,"218":0,"219":0,"220":0,"221":0,"222":0,"223":0,"224":0,"225":0,"226":0,"227":0,"228":0,"229":0,"230":0,"231":0,"232":0,"233":0,"234":0,"235":0,"236":0,"237":0,"238":0,"239":0,"240":0,"241":0,"242":0,"243":0,"244":1,"245":1,"246":1,"247":0,"248":0},"f":{"0":0,"1":0,"2":6,"3":7,"4":7,"5":0,"6":6,"7":1,"8":1,"9":0,"10":0,"11":0,"12":0,"13":0,"14":0,"15":0,"16":0,"17":0,"18":0,"19":0,"20":0,"21":0,"22":0,"23":0,"24":0,"25":0,"26":1,"27":0,"28":0,"29":0,"30":0,"31":0,"32":0,"33":0},"b":{"0":[6,0],"1":[0],"2":[0,0],"3":[0],"4":[0],"5":[0,0],"6":[0],"7":[0,0],"8":[0],"9":[0,0],"10":[0],"11":[0,0],"12":[0],"13":[0,0],"14":[2],"15":[1],"16":[1],"17":[1,1],"18":[0],"19":[1,1,1,1,1],"20":[0],"21":[1,1,1],"22":[0],"23":[0,0],"24":[0,0],"25":[0,0],"26":[0,0],"27":[0],"28":[0],"29":[0],"30":[0,0],"31":[0],"32":[0],"33":[0],"34":[0],"35":[0,0],"36":[0],"37":[0],"38":[0],"39":[0],"40":[0],"41":[0],"42":[1,1,1,1],"43":[0],"44":[0,0],"45":[0],"46":[0,0],"47":[0],"48":[0,0],"49":[0],"50":[0],"51":[0],"52":[0,0],"53":[0],"54":[0],"55":[0],"56":[0,0],"57":[1,0],"58":[0]}}
,"C:\\Users\\dev\\source\\repos\\shogun\\shogun-core\\src\\plugins\\wallet\\walletManager.ts": {"path":"C:\\Users\\dev\\source\\repos\\shogun\\shogun-core\\src\\plugins\\wallet\\walletManager.ts","statementMap":{"0":{"start":{"line":1,"column":0},"end":{"line":1,"column":60}},"1":{"start":{"line":4,"column":0},"end":{"line":4,"column":26}},"2":{"start":{"line":5,"column":0},"end":{"line":5,"column":46}},"3":{"start":{"line":6,"column":0},"end":{"line":6,"column":56}},"4":{"start":{"line":7,"column":0},"end":{"line":7,"column":null}},"5":{"start":{"line":56,"column":4},"end":{"line":56,"column":12}},"6":{"start":{"line":33,"column":10},"end":{"line":35,"column":9}},"7":{"start":{"line":36,"column":10},"end":{"line":36,"column":50}},"8":{"start":{"line":37,"column":19},"end":{"line":37,"column":71}},"9":{"start":{"line":38,"column":19},"end":{"line":41,"column":16}},"10":{"start":{"line":57,"column":4},"end":{"line":57,"column":19}},"11":{"start":{"line":58,"column":4},"end":{"line":58,"column":27}},"12":{"start":{"line":59,"column":4},"end":{"line":66,"column":6}},"13":{"start":{"line":68,"column":4},"end":{"line":68,"column":31}},"14":{"start":{"line":69,"column":4},"end":{"line":69,"column":38}},"15":{"start":{"line":77,"column":4},"end":{"line":90,"column":5}},"16":{"start":{"line":79,"column":6},"end":{"line":79,"column":28}},"17":{"start":{"line":82,"column":6},"end":{"line":82,"column":45}},"18":{"start":{"line":84,"column":6},"end":{"line":86,"column":8}},"19":{"start":{"line":88,"column":6},"end":{"line":88,"column":74}},"20":{"start":{"line":89,"column":6},"end":{"line":89,"column":60}},"21":{"start":{"line":100,"column":4},"end":{"line":123,"column":5}},"22":{"start":{"line":102,"column":6},"end":{"line":102,"column":28}},"23":{"start":{"line":105,"column":6},"end":{"line":105,"column":42}},"24":{"start":{"line":108,"column":6},"end":{"line":108,"column":45}},"25":{"start":{"line":111,"column":26},"end":{"line":111,"column":62}},"26":{"start":{"line":112,"column":6},"end":{"line":116,"column":7}},"27":{"start":{"line":113,"column":8},"end":{"line":113,"column":78}},"28":{"start":{"line":115,"column":8},"end":{"line":115,"column":55}},"29":{"start":{"line":118,"column":6},"end":{"line":118,"column":58}},"30":{"start":{"line":120,"column":6},"end":{"line":122,"column":8}},"31":{"start":{"line":131,"column":23},"end":{"line":131,"column":79}},"32":{"start":{"line":132,"column":24},"end":{"line":132,"column":56}},"33":{"start":{"line":134,"column":4},"end":{"line":149,"column":5}},"34":{"start":{"line":135,"column":6},"end":{"line":148,"column":7}},"35":{"start":{"line":136,"column":8},"end":{"line":136,"column":50}},"36":{"start":{"line":137,"column":28},"end":{"line":137,"column":61}},"37":{"start":{"line":140,"column":8},"end":{"line":145,"column":11}},"38":{"start":{"line":141,"column":10},"end":{"line":144,"column":11}},"39":{"start":{"line":142,"column":12},"end":{"line":142,"column":63}},"40":{"start":{"line":143,"column":12},"end":{"line":143,"column":72}},"41":{"start":{"line":147,"column":8},"end":{"line":147,"column":73}},"42":{"start":{"line":158,"column":17},"end":{"line":158,"column":32}},"43":{"start":{"line":159,"column":4},"end":{"line":162,"column":5}},"44":{"start":{"line":160,"column":6},"end":{"line":160,"column":78}},"45":{"start":{"line":161,"column":6},"end":{"line":161,"column":31}},"46":{"start":{"line":164,"column":4},"end":{"line":164,"column":68}},"47":{"start":{"line":167,"column":4},"end":{"line":195,"column":7}},"48":{"start":{"line":168,"column":6},"end":{"line":194,"column":9}},"49":{"start":{"line":169,"column":8},"end":{"line":173,"column":9}},"50":{"start":{"line":170,"column":10},"end":{"line":170,"column":46}},"51":{"start":{"line":171,"column":10},"end":{"line":171,"column":20}},"52":{"start":{"line":172,"column":10},"end":{"line":172,"column":17}},"53":{"start":{"line":175,"column":8},"end":{"line":177,"column":10}},"54":{"start":{"line":180,"column":8},"end":{"line":191,"column":11}},"55":{"start":{"line":181,"column":10},"end":{"line":190,"column":11}},"56":{"start":{"line":182,"column":25},"end":{"line":182,"column":40}},"57":{"start":{"line":183,"column":12},"end":{"line":189,"column":13}},"58":{"start":{"line":184,"column":14},"end":{"line":187,"column":16}},"59":{"start":{"line":188,"column":14},"end":{"line":188,"column":72}},"60":{"start":{"line":193,"column":8},"end":{"line":193,"column":18}},"61":{"start":{"line":202,"column":4},"end":{"line":206,"column":14}},"62":{"start":{"line":203,"column":6},"end":{"line":205,"column":7}},"63":{"start":{"line":204,"column":8},"end":{"line":204,"column":40}},"64":{"start":{"line":213,"column":21},"end":{"line":213,"column":39}},"65":{"start":{"line":215,"column":4},"end":{"line":243,"column":5}},"66":{"start":{"line":216,"column":6},"end":{"line":242,"column":7}},"67":{"start":{"line":217,"column":24},"end":{"line":217,"column":68}},"68":{"start":{"line":219,"column":8},"end":{"line":239,"column":9}},"69":{"start":{"line":220,"column":10},"end":{"line":232,"column":11}},"70":{"start":{"line":221,"column":12},"end":{"line":225,"column":15}},"71":{"start":{"line":227,"column":12},"end":{"line":231,"column":15}},"72":{"start":{"line":234,"column":10},"end":{"line":234,"column":50}},"73":{"start":{"line":237,"column":10},"end":{"line":237,"column":47}},"74":{"start":{"line":238,"column":10},"end":{"line":238,"column":56}},"75":{"start":{"line":238,"column":21},"end":{"line":238,"column":56}},"76":{"start":{"line":241,"column":8},"end":{"line":241,"column":65}},"77":{"start":{"line":251,"column":4},"end":{"line":251,"column":32}},"78":{"start":{"line":252,"column":4},"end":{"line":252,"column":46}},"79":{"start":{"line":260,"column":4},"end":{"line":262,"column":5}},"80":{"start":{"line":261,"column":6},"end":{"line":261,"column":48}},"81":{"start":{"line":263,"column":4},"end":{"line":263,"column":58}},"82":{"start":{"line":272,"column":17},"end":{"line":272,"column":32}},"83":{"start":{"line":273,"column":16},"end":{"line":273,"column":29}},"84":{"start":{"line":274,"column":4},"end":{"line":276,"column":5}},"85":{"start":{"line":275,"column":6},"end":{"line":275,"column":34}},"86":{"start":{"line":277,"column":4},"end":{"line":277,"column":19}},"87":{"start":{"line":285,"column":4},"end":{"line":294,"column":5}},"88":{"start":{"line":286,"column":25},"end":{"line":286,"column":81}},"89":{"start":{"line":287,"column":26},"end":{"line":287,"column":58}},"90":{"start":{"line":288,"column":6},"end":{"line":288,"column":52}},"91":{"start":{"line":289,"column":6},"end":{"line":291,"column":8}},"92":{"start":{"line":293,"column":6},"end":{"line":293,"column":68}},"93":{"start":{"line":308,"column":4},"end":{"line":323,"column":5}},"94":{"start":{"line":309,"column":6},"end":{"line":309,"column":48}},"95":{"start":{"line":310,"column":21},"end":{"line":312,"column":null}},"96":{"start":{"line":315,"column":6},"end":{"line":317,"column":7}},"97":{"start":{"line":316,"column":8},"end":{"line":316,"column":68}},"98":{"start":{"line":319,"column":6},"end":{"line":319,"column":36}},"99":{"start":{"line":321,"column":6},"end":{"line":321,"column":65}},"100":{"start":{"line":322,"column":6},"end":{"line":322,"column":66}},"101":{"start":{"line":332,"column":4},"end":{"line":332,"column":70}},"102":{"start":{"line":343,"column":4},"end":{"line":365,"column":5}},"103":{"start":{"line":344,"column":6},"end":{"line":344,"column":54}},"104":{"start":{"line":346,"column":34},"end":{"line":346,"column":36}},"105":{"start":{"line":347,"column":6},"end":{"line":359,"column":7}},"106":{"start":{"line":347,"column":19},"end":{"line":347,"column":20}},"107":{"start":{"line":349,"column":21},"end":{"line":349,"column":42}},"108":{"start":{"line":352,"column":23},"end":{"line":355,"column":10}},"109":{"start":{"line":357,"column":8},"end":{"line":357,"column":39}},"110":{"start":{"line":358,"column":8},"end":{"line":358,"column":57}},"111":{"start":{"line":361,"column":6},"end":{"line":361,"column":23}},"112":{"start":{"line":363,"column":6},"end":{"line":363,"column":58}},"113":{"start":{"line":364,"column":6},"end":{"line":364,"column":16}},"114":{"start":{"line":372,"column":4},"end":{"line":432,"column":5}},"115":{"start":{"line":374,"column":22},"end":{"line":374,"column":39}},"116":{"start":{"line":375,"column":19},"end":{"line":375,"column":40}},"117":{"start":{"line":378,"column":25},"end":{"line":404,"column":7}},"118":{"start":{"line":380,"column":17},"end":{"line":380,"column":27}},"119":{"start":{"line":381,"column":15},"end":{"line":381,"column":25}},"120":{"start":{"line":382,"column":8},"end":{"line":385,"column":9}},"121":{"start":{"line":382,"column":21},"end":{"line":382,"column":22}},"122":{"start":{"line":383,"column":10},"end":{"line":383,"column":51}},"123":{"start":{"line":384,"column":10},"end":{"line":384,"column":51}},"124":{"start":{"line":386,"column":8},"end":{"line":386,"column":53}},"125":{"start":{"line":387,"column":8},"end":{"line":387,"column":53}},"126":{"start":{"line":388,"column":8},"end":{"line":388,"column":53}},"127":{"start":{"line":389,"column":8},"end":{"line":389,"column":53}},"128":{"start":{"line":392,"column":20},"end":{"line":392,"column":38}},"129":{"start":{"line":393,"column":8},"end":{"line":395,"column":9}},"130":{"start":{"line":393,"column":21},"end":{"line":393,"column":22}},"131":{"start":{"line":394,"column":10},"end":{"line":394,"column":42}},"132":{"start":{"line":396,"column":8},"end":{"line":398,"column":9}},"133":{"start":{"line":396,"column":21},"end":{"line":396,"column":22}},"134":{"start":{"line":397,"column":10},"end":{"line":397,"column":46}},"135":{"start":{"line":400,"column":8},"end":{"line":402,"colu
[...]
column":5}},"30":{"start":{"line":113,"column":8},"end":{"line":113,"column":57}},"31":{"start":{"line":114,"column":8},"end":{"line":114,"column":14}},"32":{"start":{"line":116,"column":8},"end":{"line":116,"column":56}},"33":{"start":{"line":117,"column":8},"end":{"line":117,"column":14}},"34":{"start":{"line":119,"column":8},"end":{"line":119,"column":56}},"35":{"start":{"line":120,"column":8},"end":{"line":120,"column":14}},"36":{"start":{"line":123,"column":8},"end":{"line":123,"column":57}},"37":{"start":{"line":124,"column":8},"end":{"line":126,"column":9}},"38":{"start":{"line":125,"column":10},"end":{"line":125,"column":65}},"39":{"start":{"line":127,"column":8},"end":{"line":127,"column":14}},"40":{"start":{"line":130,"column":18},"end":{"line":130,"column":70}},"41":{"start":{"line":131,"column":4},"end":{"line":131,"column":28}},"42":{"start":{"line":132,"column":4},"end":{"line":132,"column":17}},"43":{"start":{"line":141,"column":4},"end":{"line":141,"column":67}},"44":{"start":{"line":149,"column":4},"end":{"line":149,"column":34}},"45":{"start":{"line":157,"column":18},"end":{"line":157,"column":50}},"46":{"start":{"line":158,"column":4},"end":{"line":160,"column":5}},"47":{"start":{"line":159,"column":6},"end":{"line":159,"column":38}},"48":{"start":{"line":168,"column":4},"end":{"line":174,"column":5}},"49":{"start":{"line":169,"column":6},"end":{"line":173,"column":7}},"50":{"start":{"line":170,"column":8},"end":{"line":170,"column":24}},"51":{"start":{"line":172,"column":8},"end":{"line":172,"column":62}},"52":{"start":{"line":183,"column":4},"end":{"line":185,"column":5}},"53":{"start":{"line":184,"column":6},"end":{"line":184,"column":29}},"54":{"start":{"line":187,"column":4},"end":{"line":189,"column":5}},"55":{"start":{"line":188,"column":6},"end":{"line":188,"column":47}},"56":{"start":{"line":191,"column":4},"end":{"line":193,"column":5}},"57":{"start":{"line":192,"column":6},"end":{"line":192,"column":19}},"58":{"start":{"line":195,"column":4},"end":{"line":201,"column":5}},"59":{"start":{"line":196,"column":6},"end":{"line":200,"column":7}},"60":{"start":{"line":197,"column":8},"end":{"line":197,"column":37}},"61":{"start":{"line":199,"column":8},"end":{"line":199,"column":66}},"62":{"start":{"line":203,"column":4},"end":{"line":203,"column":25}},"63":{"start":{"line":218,"column":4},"end":{"line":232,"column":5}},"64":{"start":{"line":218,"column":23},"end":{"line":218,"column":24}},"65":{"start":{"line":219,"column":6},"end":{"line":231,"column":7}},"66":{"start":{"line":220,"column":8},"end":{"line":220,"column":26}},"67":{"start":{"line":222,"column":8},"end":{"line":222,"column":26}},"68":{"start":{"line":223,"column":22},"end":{"line":223,"column":42}},"69":{"start":{"line":225,"column":8},"end":{"line":230,"column":9}},"70":{"start":{"line":226,"column":10},"end":{"line":228,"column":12}},"71":{"start":{"line":229,"column":10},"end":{"line":229,"column":69}},"72":{"start":{"line":229,"column":41},"end":{"line":229,"column":67}},"73":{"start":{"line":235,"column":4},"end":{"line":240,"column":6}},"74":{"start":{"line":66,"column":0},"end":{"line":66,"column":13}},"75":{"start":{"line":67,"column":17},"end":{"line":67,"column":44}},"76":{"start":{"line":68,"column":17},"end":{"line":68,"column":41}},"77":{"start":{"line":69,"column":17},"end":{"line":69,"column":69}}},"fnMap":{"0":{"name":"(anonymous_0)","decl":{"start":{"line":7,"column":0},"end":{"line":7,"column":12}},"loc":{"start":{"line":7,"column":21},"end":{"line":27,"column":1}}},"1":{"name":"createError","decl":{"start":{"line":48,"column":16},"end":{"line":48,"column":27}},"loc":{"start":{"line":52,"column":33},"end":{"line":61,"column":1}}},"2":{"name":"(anonymous_2)","decl":{"start":{"line":75,"column":2},"end":{"line":75,"column":8}},"loc":{"start":{"line":75,"column":39},"end":{"line":89,"column":3}}},"3":{"name":"(anonymous_3)","decl":{"start":{"line":98,"column":2},"end":{"line":98,"column":8}},"loc":{"start":{"line":103,"column":32},"end":{"line":133,"column":3}}},"4":{"name":"(anonymous_4)","decl":{"start":{"line":140,"column":2},"end":{"line":140,"column":8}},"loc":{"start":{"line":140,"column":43},"end":{"line":142,"column":3}}},"5":{"name":"(anonymous_5)","decl":{"start":{"line":148,"column":2},"end":{"line":148,"column":8}},"loc":{"start":{"line":148,"column":59},"end":{"line":150,"column":3}}},"6":{"name":"(anonymous_6)","decl":{"start":{"line":156,"column":2},"end":{"line":156,"column":8}},"loc":{"start":{"line":156,"column":62},"end":{"line":161,"column":3}}},"7":{"name":"(anonymous_7)","decl":{"start":{"line":167,"column":10},"end":{"line":167,"column":16}},"loc":{"start":{"line":167,"column":51},"end":{"line":175,"column":3}}},"8":{"name":"(anonymous_8)","decl":{"start":{"line":182,"column":2},"end":{"line":182,"column":8}},"loc":{"start":{"line":182,"column":43},"end":{"line":204,"column":3}}},"9":{"name":"(anonymous_9)","decl":{"start":{"line":209,"column":2},"end":{"line":209,"column":8}},"loc":{"start":{"line":214,"column":21},"end":{"line":241,"column":3}}},"10":{"name":"(anonymous_10)","decl":{"start":{"line":229,"column":28},"end":{"line":229,"column":29}},"loc":{"start":{"line":229,"column":41},"end":{"line":229,"column":67}}}},"branchMap":{"0":{"loc":{"start":{"line":7,"column":12},"end":{"line":7,"column":null}},"type":"binary-expr","locations":[{"start":{"line":7,"column":12},"end":{"line":7,"column":21}},{"start":{"line":7,"column":21},"end":{"line":7,"column":null}}]},"1":{"loc":{"start":{"line":83,"column":4},"end":{"line":85,"column":5}},"type":"if","locations":[{"start":{"line":83,"column":4},"end":{"line":85,"column":5}}]},"2":{"loc":{"start":{"line":103,"column":4},"end":{"line":103,"column":32}},"type":"default-arg","locations":[{"start":{"line":103,"column":25},"end":{"line":103,"column":32}}]},"3":{"loc":{"start":{"line":106,"column":25},"end":{"line":108,"column":15}},"type":"cond-expr","locations":[{"start":{"line":107,"column":8},"end":{"line":107,"column":57}},{"start":{"line":108,"column":8},"end":{"line":108,"column":15}}]},"4":{"loc":{"start":{"line":111,"column":4},"end":{"line":128,"column":5}},"type":"switch","locations":[{"start":{"line":112,"column":6},"end":{"line":114,"column":14}},{"start":{"line":115,"column":6},"end":{"line":117,"column":14}},{"start":{"line":118,"column":6},"end":{"line":120,"column":14}},{"start":{"line":121,"column":6},"end":{"line":121,"column":19}},{"start":{"line":122,"column":6},"end":{"line":127,"column":14}}]},"5":{"loc":{"start":{"line":124,"column":8},"end":{"line":126,"column":9}},"type":"if","locations":[{"start":{"line":124,"column":8},"end":{"line":126,"column":9}}]},"6":{"loc":{"start":{"line":124,"column":12},"end":{"line":124,"column":59}},"type":"binary-expr","locations":[{"start":{"line":124,"column":12},"end":{"line":124,"column":25}},{"start":{"line":124,"column":29},"end":{"line":124,"column":59}}]},"7":{"loc":{"start":{"line":125,"column":14},"end":{"line":125,"column":63}},"type":"binary-expr","locations":[{"start":{"line":125,"column":14},"end":{"line":125,"column":33}},{"start":{"line":125,"column":37},"end":{"line":125,"column":63}}]},"8":{"loc":{"start":{"line":140,"column":25},"end":{"line":140,"column":43}},"type":"default-arg","locations":[{"start":{"line":140,"column":41},"end":{"line":140,"column":43}}]},"9":{"loc":{"start":{"line":158,"column":4},"end":{"line":160,"column":5}},"type":"if","locations":[{"start":{"line":158,"column":4},"end":{"line":160,"column":5}}]},"10":{"loc":{"start":{"line":183,"column":4},"end":{"line":185,"column":5}},"type":"if","locations":[{"start":{"line":183,"column":4},"end":{"line":185,"column":5}}]},"11":{"loc":{"start":{"line":187,"column":4},"end":{"line":189,"column":5}},"type":"if","locations":[{"start":{"line":187,"column":4},"end":{"line":189,"column":5}}]},"12":{"loc":{"start":{"line":191,"column":4},"end":{"line":193,"column":5}},"type":"if","locations":[{"start":{"line":191,"column":4},"end":{"line":193,"column":5}}]},"13":{"loc":{"start":{"line":195,"column":4},"end":{"line":201,"column":5}},"type":"if","locations":[{"start":{"line":195,"column":4},"end":{"line":201,"column":5}}]},"14":{"loc":{"start":{"line":213,"column":4},"end":{"line":213,"column":18}},"type":"default-arg","locations":[{"start":{"line":213,"column":17},"end":{"line":213,"column":18}}]},"15":{"loc":{"start":{"line":214,"column":4},"end":{"line":214,"column":21}},"type":"default-arg","locations":[{"start":{"line":214,"column":17},"end":{"line":214,"column":21}}]},"16":{"loc":{"start":{"line":225,"column":8},"end":{"line":230,"column":9}},"type":"if","locations":[{"start":{"line":225,"column":8},"end":{"line":230,"column":9}}]}},"s":{"0":2,"1":2,"2":2,"3":2,"4":2,"5":2,"6":2,"7":2,"8":2,"9":2,"10":2,"11":2,"12":2,"13":2,"14":2,"15":2,"16":2,"17":2,"18":2,"19":2,"20":2,"21":2,"22":0,"23":0,"24":0,"25":0,"26":0,"27":0,"28":0,"29":0,"30":0,"31":0,"32":0,"33":0,"34":0,"35":0,"36":0,"37":0,"38":0,"39":0,"40":0,"41":0,"42":0,"43":0,"44":0,"45":0,"46":0,"47":0,"48":0,"49":0,"50":0,"51":0,"52":0,"53":0,"54":0,"55":0,"56":0,"57":0,"58":0,"59":0,"60":0,"61":0,"62":0,"63":0,"64":0,"65":0,"66":0,"67":0,"68":0,"69":0,"70":0,"71":0,"72":0,"73":0,"74":2,"75":2,"76":2,"77":2},"f":{"0":2,"1":0,"2":0,"3":0,"4":0,"5":0,"6":0,"7":0,"8":0,"9":0,"10":0},"b":{"0":[2,2],"1":[0],"2":[0],"3":[0,0],"4":[0,0,0,0,0],"5":[0],"6":[0,0],"7":[0,0],"8":[0],"9":[0],"10":[0],"11":[0],"12":[0],"13":[0],"14":[0],"15":[0],"16":[0]}}
,"C:\\Users\\dev\\source\\repos\\shogun\\shogun-core\\src\\utils\\eventEmitter.ts": {"path":"C:\\Users\\dev\\source\\repos\\shogun\\shogun-core\\src\\utils\\eventEmitter.ts","statementMap":{"0":{"start":{"line":4,"column":0},"end":{"line":4,"column":36}},"1":{"start":{"line":27,"column":4},"end":{"line":27,"column":28}},"2":{"start":{"line":34,"column":4},"end":{"line":36,"column":5}},"3":{"start":{"line":35,"column":6},"end":{"line":35,"column":33}},"4":{"start":{"line":37,"column":4},"end":{"line":37,"column":43}},"5":{"start":{"line":44,"column":4},"end":{"line":44,"column":46}},"6":{"start":{"line":44,"column":33},"end":{"line":44,"column":46}},"7":{"start":{"line":46,"column":22},"end":{"line":46,"column":50}},"8":{"start":{"line":47,"column":4},"end":{"line":53,"column":7}},"9":{"start":{"line":48,"column":6},"end":{"line":52,"column":7}},"10":{"start":{"line":49,"column":8},"end":{"line":49,"column":23}},"11":{"start":{"line":51,"column":8},"end":{"line":51,"column":73}},"12":{"start":{"line":55,"column":4},"end":{"line":55,"column":16}},"13":{"start":{"line":62,"column":4},"end":{"line":62,"column":40}},"14":{"start":{"line":62,"column":33},"end":{"line":62,"column":40}},"15":{"start":{"line":64,"column":22},"end":{"line":64,"column":50}},"16":{"start":{"line":65,"column":18},"end":{"line":65,"column":45}},"17":{"start":{"line":67,"column":4},"end":{"line":74,"column":5}},"18":{"start":{"line":68,"column":6},"end":{"line":68,"column":33}},"19":{"start":{"line":69,"column":6},"end":{"line":73,"column":7}},"20":{"start":{"line":70,"column":8},"end":{"line":70,"column":34}},"21":{"start":{"line":72,"column":8},"end":{"line":72,"column":42}},"22":{"start":{"line":81,"column":24},"end":{"line":84,"column":5}},"23":{"start":{"line":82,"column":6},"end":{"line":82,"column":21}},"24":{"start":{"line":83,"column":6},"end":{"line":83,"column":35}},"25":{"start":{"line":85,"column":4},"end":{"line":85,"column":32}},"26":{"start":{"line":92,"column":4},"end":{"line":96,"column":5}},"27":{"start":{"line":93,"column":6},"end":{"line":93,"column":32}},"28":{"start":{"line":95,"column":6},"end":{"line":95,"column":26}},"29":{"start":{"line":21,"column":0},"end":{"line":21,"column":13}}},"fnMap":{"0":{"name":"(anonymous_0)","decl":{"start":{"line":26,"column":2},"end":{"line":26,"column":null}},"loc":{"start":{"line":26,"column":2},"end":{"line":28,"column":3}}},"1":{"name":"(anonymous_1)","decl":{"start":{"line":33,"column":2},"end":{"line":33,"column":4}},"loc":{"start":{"line":33,"column":56},"end":{"line":38,"column":3}}},"2":{"name":"(anonymous_2)","decl":{"start":{"line":43,"column":2},"end":{"line":43,"column":6}},"loc":{"start":{"line":43,"column":39},"end":{"line":56,"column":3}}},"3":{"name":"(anonymous_3)","decl":{"start":{"line":47,"column":22},"end":{"line":47,"column":23}},"loc":{"start":{"line":47,"column":35},"end":{"line":53,"column":5}}},"4":{"name":"(anonymous_4)","decl":{"start":{"line":61,"column":2},"end":{"line":61,"column":5}},"loc":{"start":{"line":61,"column":57},"end":{"line":75,"column":3}}},"5":{"name":"(anonymous_5)","decl":{"start":{"line":80,"column":2},"end":{"line":80,"column":6}},"loc":{"start":{"line":80,"column":58},"end":{"line":86,"column":3}}},"6":{"name":"(anonymous_6)","decl":{"start":{"line":81,"column":24},"end":{"line":81,"column":25}},"loc":{"start":{"line":81,"column":42},"end":{"line":84,"column":5}}},"7":{"name":"(anonymous_7)","decl":{"start":{"line":91,"column":2},"end":{"line":91,"column":20}},"loc":{"start":{"line":91,"column":38},"end":{"line":97,"column":3}}}},"branchMap":{"0":{"loc":{"start":{"line":34,"column":4},"end":{"line":36,"column":5}},"type":"if","locations":[{"start":{"line":34,"column":4},"end":{"line":36,"column":5}}]},"1":{"loc":{"start":{"line":44,"column":4},"end":{"line":44,"column":46}},"type":"if","locations":[{"start":{"line":44,"column":4},"end":{"line":44,"column":46}}]},"2":{"loc":{"start":{"line":46,"column":22},"end":{"line":46,"column":50}},"type":"binary-expr","locations":[{"start":{"line":46,"column":22},"end":{"line":46,"column":44}},{"start":{"line":46,"column":48},"end":{"line":46,"column":50}}]},"3":{"loc":{"start":{"line":62,"column":4},"end":{"line":62,"column":40}},"type":"if","locations":[{"start":{"line":62,"column":4},"end":{"line":62,"column":40}}]},"4":{"loc":{"start":{"line":64,"column":22},"end":{"line":64,"column":50}},"type":"binary-expr","locations":[{"start":{"line":64,"column":22},"end":{"line":64,"column":44}},{"start":{"line":64,"column":48},"end":{"line":64,"column":50}}]},"5":{"loc":{"start":{"line":67,"column":4},"end":{"line":74,"column":5}},"type":"if","locations":[{"start":{"line":67,"column":4},"end":{"line":74,"column":5}}]},"6":{"loc":{"start":{"line":69,"column":6},"end":{"line":73,"column":7}},"type":"if","locations":[{"start":{"line":69,"column":6},"end":{"line":73,"column":7}},{"start":{"line":71,"column":13},"end":{"line":73,"column":7}}]},"7":{"loc":{"start":{"line":92,"column":4},"end":{"line":96,"column":5}},"type":"if","locations":[{"start":{"line":92,"column":4},"end":{"line":96,"column":5}},{"start":{"line":94,"column":11},"end":{"line":96,"column":5}}]}},"s":{"0":2,"1":12,"2":1,"3":1,"4":1,"5":1,"6":1,"7":0,"8":0,"9":0,"10":0,"11":0,"12":0,"13":0,"14":0,"15":0,"16":0,"17":0,"18":0,"19":0,"20":0,"21":0,"22":0,"23":0,"24":0,"25":0,"26":15,"27":0,"28":15,"29":2},"f":{"0":12,"1":1,"2":1,"3":0,"4":0,"5":0,"6":0,"7":15},"b":{"0":[1],"1":[1],"2":[0,0],"3":[0],"4":[0,0],"5":[0],"6":[0,0],"7":[0,15]}}
,"C:\\Users\\dev\\source\\repos\\shogun\\shogun-core\\src\\utils\\logger.ts": {"path":"C:\\Users\\dev\\source\\repos\\shogun\\shogun-core\\src\\utils\\logger.ts","statementMap":{"0":{"start":{"line":20,"column":0},"end":{"line":20,"column":16}},"1":{"start":{"line":28,"column":0},"end":{"line":28,"column":16}},"2":{"start":{"line":36,"column":0},"end":{"line":36,"column":16}},"3":{"start":{"line":48,"column":0},"end":{"line":48,"column":16}},"4":{"start":{"line":60,"column":0},"end":{"line":60,"column":16}},"5":{"start":{"line":70,"column":0},"end":{"line":70,"column":16}},"6":{"start":{"line":80,"column":0},"end":{"line":80,"column":16}},"7":{"start":{"line":93,"column":0},"end":{"line":93,"column":16}},"8":{"start":{"line":5,"column":31},"end":{"line":10,"column":2}},"9":{"start":{"line":15,"column":16},"end":{"line":15,"column":21}},"10":{"start":{"line":21,"column":2},"end":{"line":21,"column":19}},"11":{"start":{"line":22,"column":2},"end":{"line":22,"column":28}},"12":{"start":{"line":29,"column":2},"end":{"line":29,"column":20}},"13":{"start":{"line":37,"column":2},"end":{"line":40,"column":4}},"14":{"start":{"line":49,"column":20},"end":{"line":49,"column":44}},"15":{"start":{"line":50,"column":27},"end":{"line":50,"column":54}},"16":{"start":{"line":52,"column":2},"end":{"line":52,"column":41}},"17":{"start":{"line":61,"column":20},"end":{"line":61,"column":44}},"18":{"start":{"line":62,"column":2},"end":{"line":62,"column":61}},"19":{"start":{"line":71,"column":20},"end":{"line":71,"column":44}},"20":{"start":{"line":72,"column":2},"end":{"line":72,"column":62}},"21":{"start":{"line":81,"column":2},"end":{"line":81,"column":25}},"22":{"start":{"line":81,"column":18},"end":{"line":81,"column":25}},"23":{"start":{"line":83,"column":20},"end":{"line":83,"column":44}},"24":{"start":{"line":84,"column":2},"end":{"line":84,"column":61}},"25":{"start":{"line":98,"column":2},"end":{"line":112,"column":3}},"26":{"start":{"line":100,"column":6},"end":{"line":100,"column":33}},"27":{"start":{"line":101,"column":6},"end":{"line":101,"column":12}},"28":{"start":{"line":103,"column":6},"end":{"line":103,"column":32}},"29":{"start":{"line":104,"column":6},"end":{"line":104,"column":12}},"30":{"start":{"line":106,"column":6},"end":{"line":106,"column":33}},"31":{"start":{"line":107,"column":6},"end":{"line":107,"column":12}},"32":{"start":{"line":110,"column":6},"end":{"line":110,"column":28}},"33":{"start":{"line":111,"column":6},"end":{"line":111,"column":12}}},"fnMap":{"0":{"name":"enableDebug","decl":{"start":{"line":20,"column":16},"end":{"line":20,"column":27}},"loc":{"start":{"line":20,"column":27},"end":{"line":23,"column":1}}},"1":{"name":"disableDebug","decl":{"start":{"line":28,"column":16},"end":{"line":28,"column":28}},"loc":{"start":{"line":28,"column":28},"end":{"line":30,"column":1}}},"2":{"name":"configureLogging","decl":{"start":{"line":36,"column":16},"end":{"line":36,"column":32}},"loc":{"start":{"line":36,"column":54},"end":{"line":41,"column":1}}},"3":{"name":"log","decl":{"start":{"line":48,"column":16},"end":{"line":48,"column":19}},"loc":{"start":{"line":48,"column":55},"end":{"line":53,"column":1}}},"4":{"name":"logError","decl":{"start":{"line":60,"column":16},"end":{"line":60,"column":24}},"loc":{"start":{"line":60,"column":60},"end":{"line":63,"column":1}}},"5":{"name":"logWarn","decl":{"start":{"line":70,"column":16},"end":{"line":70,"column":23}},"loc":{"start":{"line":70,"column":59},"end":{"line":73,"column":1}}},"6":{"name":"logDebug","decl":{"start":{"line":80,"column":16},"end":{"line":80,"column":24}},"loc":{"start":{"line":80,"column":60},"end":{"line":85,"column":1}}},"7":{"name":"logWithLevel","decl":{"start":{"line":93,"column":16},"end":{"line":93,"column":28}},"loc":{"start":{"line":96,"column":20},"end":{"line":113,"column":1}}}},"branchMap":{"0":{"loc":{"start":{"line":7,"column":4},"end":{"line":7,"column":74}},"type":"binary-expr","locations":[{"start":{"line":7,"column":4},"end":{"line":7,"column":42}},{"start":{"line":7,"column":46},"end":{"line":7,"column":74}}]},"1":{"loc":{"start":{"line":81,"column":2},"end":{"line":81,"column":25}},"type":"if","locations":[{"start":{"line":81,"column":2},"end":{"line":81,"column":25}}]},"2":{"loc":{"start":{"line":98,"column":2},"end":{"line":112,"column":3}},"type":"switch","locations":[{"start":{"line":99,"column":4},"end":{"line":101,"column":12}},{"start":{"line":102,"column":4},"end":{"line":104,"column":12}},{"start":{"line":105,"column":4},"end":{"line":107,"column":12}},{"start":{"line":108,"column":4},"end":{"line":108,"column":16}},{"start":{"line":109,"column":4},"end":{"line":111,"column":12}}]}},"s":{"0":4,"1":4,"2":4,"3":4,"4":4,"5":4,"6":4,"7":4,"8":4,"9":4,"10":0,"11":0,"12":0,"13":0,"14":7,"15":7,"16":7,"17":5,"18":5,"19":0,"20":0,"21":0,"22":0,"23":0,"24":0,"25":0,"26":0,"27":0,"28":0,"29":0,"30":0,"31":0,"32":0,"33":0},"f":{"0":0,"1":0,"2":0,"3":7,"4":5,"5":0,"6":0,"7":0},"b":{"0":[4,4],"1":[0],"2":[0,0,0,0,0]}}
}
