TN:
SF:src\config.ts
FNF:0
FNH:0
DA:1,2
DA:34,2
LF:2
LH:2
BRF:0
BRH:0
end_of_record
TN:
SF:src\gun\gun.ts
FN:46,(anonymous_1)
FN:85,(anonymous_2)
FN:89,(anonymous_3)
FN:108,(anonymous_4)
FN:123,(anonymous_5)
FN:134,(anonymous_6)
FN:135,(anonymous_7)
FN:155,(anonymous_8)
FN:157,(anonymous_9)
FN:167,(anonymous_10)
FN:176,(anonymous_11)
FN:186,(anonymous_12)
FN:198,(anonymous_13)
FN:206,(anonymous_14)
FN:214,(anonymous_15)
FN:224,(anonymous_16)
FN:234,(anonymous_17)
FN:238,(anonymous_18)
FN:239,(anonymous_19)
FN:273,(anonymous_20)
FN:280,(anonymous_21)
FN:299,(anonymous_22)
FN:329,(anonymous_23)
FN:348,(anonymous_24)
FN:355,(anonymous_25)
FN:362,(anonymous_26)
FN:376,(anonymous_27)
FN:385,(anonymous_28)
FN:399,(anonymous_29)
FN:405,(anonymous_30)
FN:406,(anonymous_31)
FN:409,(anonymous_32)
FN:423,(anonymous_33)
FN:425,(anonymous_34)
FN:426,(anonymous_35)
FN:427,(anonymous_36)
FN:436,(anonymous_37)
FN:461,(anonymous_38)
FN:490,(anonymous_39)
FN:491,(anonymous_40)
FN:501,(anonymous_41)
FN:518,(anonymous_42)
FN:519,(anonymous_43)
FN:523,(anonymous_44)
FN:538,(anonymous_45)
FNF:45
FNH:0
FNDA:0,(anonymous_1)
FNDA:0,(anonymous_2)
FNDA:0,(anonymous_3)
FNDA:0,(anonymous_4)
FNDA:0,(anonymous_5)
FNDA:0,(anonymous_6)
FNDA:0,(anonymous_7)
FNDA:0,(anonymous_8)
FNDA:0,(anonymous_9)
FNDA:0,(anonymous_10)
FNDA:0,(anonymous_11)
FNDA:0,(anonymous_12)
FNDA:0,(anonymous_13)
FNDA:0,(anonymous_14)
FNDA:0,(anonymous_15)
FNDA:0,(anonymous_16)
FNDA:0,(anonymous_17)
FNDA:0,(anonymous_18)
FNDA:0,(anonymous_19)
FNDA:0,(anonymous_20)
FNDA:0,(anonymous_21)
FNDA:0,(anonymous_22)
FNDA:0,(anonymous_23)
FNDA:0,(anonymous_24)
FNDA:0,(anonymous_25)
FNDA:0,(anonymous_26)
FNDA:0,(anonymous_27)
FNDA:0,(anonymous_28)
FNDA:0,(anonymous_29)
FNDA:0,(anonymous_30)
FNDA:0,(anonymous_31)
FNDA:0,(anonymous_32)
FNDA:0,(anonymous_33)
FNDA:0,(anonymous_34)
FNDA:0,(anonymous_35)
FNDA:0,(anonymous_36)
FNDA:0,(anonymous_37)
FNDA:0,(anonymous_38)
FNDA:0,(anonymous_39)
FNDA:0,(anonymous_40)
FNDA:0,(anonymous_41)
FNDA:0,(anonymous_42)
FNDA:0,(anonymous_43)
FNDA:0,(anonymous_44)
FNDA:0,(anonymous_45)
DA:4,1
DA:5,1
DA:7,1
DA:8,1
DA:9,1
DA:37,0
DA:38,0
DA:39,0
DA:41,0
DA:47,0
DA:49,0
DA:55,0
DA:64,0
DA:66,0
DA:71,0
DA:73,0
DA:77,0
DA:79,0
DA:82,0
DA:84,0
DA:85,0
DA:86,0
DA:87,0
DA:89,0
DA:90,0
DA:92,0
DA:95,0
DA:98,0
DA:102,0
DA:114,0
DA:115,0
DA:116,0
DA:118,0
DA:120,0
DA:121,0
DA:122,0
DA:123,0
DA:128,0
DA:135,0
DA:136,0
DA:138,0
DA:139,0
DA:146,0
DA:156,0
DA:157,0
DA:158,0
DA:168,0
DA:177,0
DA:180,0
DA:181,0
DA:182,0
DA:186,0
DA:187,0
DA:188,0
DA:189,0
DA:199,0
DA:207,0
DA:215,0
DA:216,0
DA:217,0
DA:225,0
DA:235,0
DA:236,0
DA:238,0
DA:239,0
DA:240,0
DA:241,0
DA:242,0
DA:245,0
DA:247,0
DA:248,0
DA:250,0
DA:253,0
DA:258,0
DA:259,0
DA:278,0
DA:280,0
DA:281,0
DA:282,0
DA:283,0
DA:284,0
DA:285,0
DA:286,0
DA:290,0
DA:291,0
DA:292,0
DA:298,0
DA:299,0
DA:300,0
DA:301,0
DA:302,0
DA:303,0
DA:305,0
DA:307,0
DA:308,0
DA:309,0
DA:311,0
DA:314,0
DA:315,0
DA:330,0
DA:331,0
DA:333,0
DA:334,0
DA:336,0
DA:337,0
DA:341,0
DA:349,0
DA:356,0
DA:363,0
DA:364,0
DA:365,0
DA:366,0
DA:368,0
DA:377,0
DA:378,0
DA:386,0
DA:387,0
DA:388,0
DA:390,0
DA:404,0
DA:406,0
DA:407,0
DA:410,0
DA:411,0
DA:424,0
DA:426,0
DA:427,0
DA:437,0
DA:438,0
DA:439,0
DA:442,0
DA:446,0
DA:448,0
DA:454,0
DA:462,0
DA:463,0
DA:464,0
DA:467,0
DA:469,0
DA:470,0
DA:471,0
DA:474,0
DA:475,0
DA:477,0
DA:483,0
DA:491,0
DA:492,0
DA:496,0
DA:502,0
DA:503,0
DA:504,0
DA:506,0
DA:507,0
DA:519,0
DA:520,0
DA:524,0
DA:525,0
DA:526,0
DA:528,0
DA:529,0
DA:540,0
DA:556,1
DA:557,1
DA:558,0
DA:559,0
DA:562,1
LF:166
LH:8
BRDA:46,0,0,0
BRDA:50,1,0,0
BRDA:50,1,1,0
BRDA:51,2,0,0
BRDA:51,2,1,0
BRDA:57,3,0,0
BRDA:57,3,1,0
BRDA:58,4,0,0
BRDA:58,4,1,0
BRDA:59,5,0,0
BRDA:59,5,1,0
BRDA:60,6,0,0
BRDA:60,6,1,0
BRDA:64,7,0,0
BRDA:64,7,1,0
BRDA:68,8,0,0
BRDA:68,8,1,0
BRDA:84,9,0,0
BRDA:86,10,0,0
BRDA:118,11,0,0
BRDA:118,11,1,0
BRDA:120,12,0,0
BRDA:138,13,0,0
BRDA:138,13,1,0
BRDA:146,14,0,0
BRDA:146,14,1,0
BRDA:167,15,0,0
BRDA:181,16,0,0
BRDA:181,17,0,0
BRDA:181,17,1,0
BRDA:188,18,0,0
BRDA:240,19,0,0
BRDA:240,19,1,0
BRDA:247,20,0,0
BRDA:247,20,1,0
BRDA:261,21,0,0
BRDA:261,21,1,0
BRDA:281,22,0,0
BRDA:281,23,0,0
BRDA:281,23,1,0
BRDA:284,24,0,0
BRDA:300,25,0,0
BRDA:300,25,1,0
BRDA:302,26,0,0
BRDA:314,27,0,0
BRDA:333,28,0,0
BRDA:333,28,1,0
BRDA:334,29,0,0
BRDA:336,30,0,0
BRDA:378,31,0,0
BRDA:378,31,1,0
BRDA:378,31,2,0
BRDA:387,32,0,0
BRDA:410,33,0,0
BRDA:410,33,1,0
BRDA:438,34,0,0
BRDA:442,35,0,0
BRDA:442,35,1,0
BRDA:463,36,0,0
BRDA:469,37,0,0
BRDA:492,38,0,0
BRDA:492,38,1,0
BRDA:502,39,0,0
BRDA:502,39,1,0
BRDA:502,40,0,0
BRDA:502,40,1,0
BRDA:524,41,0,0
BRDA:524,41,1,0
BRDA:556,42,0,1
BRDA:556,42,1,0
BRDA:558,43,0,0
BRF:71
BRH:1
end_of_record
TN:
SF:src\plugins\stealth\stealth.ts
FN:789,(anonymous_0)
FN:789,(anonymous_1)
FN:38,(anonymous_2)
FN:46,(anonymous_3)
FN:61,(anonymous_4)
FN:80,(anonymous_5)
FN:157,(anonymous_6)
FN:178,(anonymous_7)
FN:209,(anonymous_8)
FN:236,(anonymous_9)
FN:251,(anonymous_10)
FN:255,(anonymous_11)
FN:282,(anonymous_12)
FN:338,(anonymous_13)
FN:361,(anonymous_14)
FN:388,(anonymous_15)
FN:437,(anonymous_16)
FN:441,(anonymous_17)
FN:501,(anonymous_18)
FN:519,(anonymous_19)
FN:523,(anonymous_20)
FN:525,(anonymous_21)
FN:529,(anonymous_22)
FN:552,(anonymous_23)
FN:558,(anonymous_24)
FN:581,(anonymous_25)
FN:590,(anonymous_26)
FN:608,(anonymous_27)
FN:616,(anonymous_28)
FN:640,(anonymous_29)
FN:678,(anonymous_30)
FN:722,(anonymous_31)
FN:742,(anonymous_32)
FN:753,(anonymous_33)
FNF:34
FNH:7
FNDA:0,(anonymous_0)
FNDA:0,(anonymous_1)
FNDA:6,(anonymous_2)
FNDA:7,(anonymous_3)
FNDA:7,(anonymous_4)
FNDA:0,(anonymous_5)
FNDA:6,(anonymous_6)
FNDA:1,(anonymous_7)
FNDA:1,(anonymous_8)
FNDA:0,(anonymous_9)
FNDA:0,(anonymous_10)
FNDA:0,(anonymous_11)
FNDA:0,(anonymous_12)
FNDA:0,(anonymous_13)
FNDA:0,(anonymous_14)
FNDA:0,(anonymous_15)
FNDA:0,(anonymous_16)
FNDA:0,(anonymous_17)
FNDA:0,(anonymous_18)
FNDA:0,(anonymous_19)
FNDA:0,(anonymous_20)
FNDA:0,(anonymous_21)
FNDA:0,(anonymous_22)
FNDA:0,(anonymous_23)
FNDA:0,(anonymous_24)
FNDA:0,(anonymous_25)
FNDA:1,(anonymous_26)
FNDA:0,(anonymous_27)
FNDA:0,(anonymous_28)
FNDA:0,(anonymous_29)
FNDA:0,(anonymous_30)
FNDA:0,(anonymous_31)
FNDA:0,(anonymous_32)
FNDA:0,(anonymous_33)
DA:4,1
DA:5,1
DA:6,1
DA:7,1
DA:32,6
DA:33,6
DA:35,6
DA:36,6
DA:39,6
DA:40,6
DA:47,7
DA:54,7
DA:55,7
DA:62,7
DA:63,7
DA:64,7
DA:65,7
DA:70,7
DA:72,0
DA:73,0
DA:81,0
DA:83,0
DA:84,0
DA:85,0
DA:89,0
DA:94,0
DA:95,0
DA:96,0
DA:97,0
DA:102,0
DA:106,0
DA:107,0
DA:110,0
DA:111,0
DA:112,0
DA:116,0
DA:122,0
DA:123,0
DA:127,0
DA:131,0
DA:136,0
DA:137,0
DA:138,0
DA:141,0
DA:142,0
DA:143,0
DA:146,0
DA:147,0
DA:149,0
DA:150,0
DA:158,6
DA:159,2
DA:162,4
DA:164,4
DA:165,1
DA:168,3
DA:169,1
DA:172,2
DA:179,1
DA:181,1
DA:183,1
DA:190,0
DA:193,1
DA:200,0
DA:201,0
DA:213,1
DA:214,1
DA:216,1
DA:217,0
DA:220,1
DA:225,0
DA:226,0
DA:240,0
DA:241,0
DA:242,0
DA:248,0
DA:251,0
DA:255,0
DA:256,0
DA:259,0
DA:262,0
DA:269,0
DA:274,0
DA:279,0
DA:283,0
DA:286,0
DA:291,0
DA:293,0
DA:296,0
DA:298,0
DA:305,0
DA:306,0
DA:307,0
DA:310,0
DA:312,0
DA:318,0
DA:322,0
DA:329,0
DA:336,0
DA:338,0
DA:339,0
DA:340,0
DA:346,0
DA:347,0
DA:349,0
DA:355,0
DA:356,0
DA:361,0
DA:362,0
DA:363,0
DA:369,0
DA:371,0
DA:377,0
DA:378,0
DA:393,0
DA:396,0
DA:398,0
DA:399,0
DA:401,0
DA:405,0
DA:406,0
DA:407,0
DA:410,0
DA:411,0
DA:412,0
DA:415,0
DA:419,0
DA:420,0
DA:425,0
DA:427,0
DA:432,0
DA:437,0
DA:438,0
DA:442,0
DA:443,0
DA:444,0
DA:447,0
DA:448,0
DA:451,0
DA:454,0
DA:458,0
DA:462,0
DA:465,0
DA:470,0
DA:472,0
DA:474,0
DA:480,0
DA:482,0
DA:485,0
DA:486,0
DA:488,0
DA:490,0
DA:506,0
DA:507,0
DA:513,0
DA:519,0
DA:521,0
DA:524,0
DA:525,0
DA:526,0
DA:530,0
DA:531,0
DA:532,0
DA:534,0
DA:535,0
DA:539,0
DA:541,0
DA:543,0
DA:552,0
DA:553,0
DA:554,0
DA:558,0
DA:559,0
DA:560,0
DA:565,0
DA:566,0
DA:567,0
DA:568,0
DA:571,0
DA:574,0
DA:583,0
DA:593,1
DA:599,0
DA:602,1
DA:609,0
DA:610,0
DA:617,0
DA:618,0
DA:619,0
DA:623,0
DA:624,0
DA:625,0
DA:626,0
DA:627,0
DA:629,0
DA:630,0
DA:644,0
DA:645,0
DA:647,0
DA:648,0
DA:649,0
DA:653,0
DA:654,0
DA:657,0
DA:665,0
DA:667,0
DA:668,0
DA:682,0
DA:684,0
DA:685,0
DA:688,0
DA:689,0
DA:693,0
DA:698,0
DA:699,0
DA:703,0
DA:704,0
DA:706,0
DA:708,0
DA:711,0
DA:712,0
DA:726,0
DA:728,0
DA:729,0
DA:732,0
DA:733,0
DA:737,0
DA:738,0
DA:742,0
DA:744,0
DA:750,0
DA:754,0
DA:755,0
DA:756,0
DA:759,0
DA:761,0
DA:764,0
DA:766,0
DA:776,0
DA:777,0
DA:783,1
DA:784,1
DA:785,0
DA:786,0
DA:789,1
LF:245
LH:39
BRDA:40,0,0,6
BRDA:40,0,1,0
BRDA:83,1,0,0
BRDA:83,2,0,0
BRDA:83,2,1,0
BRDA:95,3,0,0
BRDA:102,4,0,0
BRDA:103,5,0,0
BRDA:103,5,1,0
BRDA:110,6,0,0
BRDA:110,7,0,0
BRDA:110,7,1,0
BRDA:123,8,0,0
BRDA:124,9,0,0
BRDA:124,9,1,0
BRDA:136,10,0,0
BRDA:136,11,0,0
BRDA:136,11,1,0
BRDA:141,12,0,0
BRDA:141,13,0,0
BRDA:141,13,1,0
BRDA:158,14,0,2
BRDA:164,15,0,1
BRDA:168,16,0,1
BRDA:172,17,0,1
BRDA:172,17,1,1
BRDA:183,18,0,0
BRDA:184,19,0,1
BRDA:184,19,1,1
BRDA:184,19,2,1
BRDA:184,19,3,1
BRDA:184,19,4,1
BRDA:216,20,0,0
BRDA:216,21,0,1
BRDA:216,21,1,1
BRDA:216,21,2,1
BRDA:240,22,0,0
BRDA:319,23,0,0
BRDA:319,23,1,0
BRDA:325,24,0,0
BRDA:325,24,1,0
BRDA:336,25,0,0
BRDA:336,25,1,0
BRDA:398,26,0,0
BRDA:398,26,1,0
BRDA:406,27,0,0
BRDA:410,28,0,0
BRDA:419,29,0,0
BRDA:419,30,0,0
BRDA:419,30,1,0
BRDA:425,31,0,0
BRDA:442,32,0,0
BRDA:454,33,0,0
BRDA:506,34,0,0
BRDA:506,35,0,0
BRDA:506,35,1,0
BRDA:531,36,0,0
BRDA:535,37,0,0
BRDA:558,38,0,0
BRDA:559,39,0,0
BRDA:566,40,0,0
BRDA:593,41,0,0
BRDA:594,42,0,1
BRDA:594,42,1,1
BRDA:594,42,2,1
BRDA:594,42,3,1
BRDA:618,43,0,0
BRDA:623,44,0,0
BRDA:623,44,1,0
BRDA:653,45,0,0
BRDA:659,46,0,0
BRDA:659,46,1,0
BRDA:684,47,0,0
BRDA:684,48,0,0
BRDA:684,48,1,0
BRDA:688,49,0,0
BRDA:698,50,0,0
BRDA:728,51,0,0
BRDA:728,52,0,0
BRDA:728,52,1,0
BRDA:732,53,0,0
BRDA:737,54,0,0
BRDA:754,55,0,0
BRDA:768,56,0,0
BRDA:768,56,1,0
BRDA:783,57,0,1
BRDA:783,57,1,0
BRDA:785,58,0,0
BRF:88
BRH:19
end_of_record
TN:
SF:src\plugins\wallet\walletManager.ts
FN:53,(anonymous_1)
FN:79,(anonymous_2)
FN:80,(anonymous_3)
FN:90,(anonymous_4)
FN:128,(anonymous_5)
FN:137,(anonymous_6)
FN:149,(anonymous_7)
FN:180,(anonymous_8)
FN:191,(anonymous_9)
FN:192,(anonymous_10)
FN:204,(anonymous_11)
FN:226,(anonymous_12)
FN:236,(anonymous_13)
FN:253,(anonymous_14)
FN:266,(anonymous_15)
FN:286,(anonymous_16)
FN:312,(anonymous_17)
FN:324,(anonymous_18)
FN:353,(anonymous_19)
FN:360,(anonymous_20)
FN:395,(anonymous_21)
FN:406,(anonymous_22)
FN:420,(anonymous_23)
FN:481,(anonymous_24)
FN:508,(anonymous_25)
FN:541,(anonymous_26)
FN:546,(anonymous_27)
FN:547,(anonymous_28)
FN:589,(anonymous_29)
FN:611,(anonymous_30)
FN:676,(anonymous_31)
FN:686,(anonymous_32)
FN:742,(anonymous_33)
FN:770,(anonymous_34)
FN:805,(anonymous_35)
FN:810,(anonymous_36)
FN:816,(anonymous_37)
FN:868,(anonymous_38)
FN:897,(anonymous_39)
FN:912,(anonymous_40)
FN:919,(anonymous_41)
FN:962,(anonymous_42)
FN:974,(anonymous_43)
FN:1005,(anonymous_44)
FN:1023,(anonymous_45)
FN:1054,(anonymous_46)
FN:1093,(anonymous_47)
FN:1109,(anonymous_48)
FN:1158,(anonymous_49)
FN:1267,(anonymous_50)
FN:1564,(anonymous_51)
FN:1627,(anonymous_52)
FN:1863,(anonymous_53)
FN:1876,(anonymous_54)
FN:1885,(anonymous_55)
FN:1892,(anonymous_56)
FN:1927,(anonymous_57)
FN:1998,(anonymous_58)
FNF:58
FNH:10
FNDA:5,(anonymous_1)
FNDA:5,(anonymous_2)
FNDA:0,(anonymous_3)
FNDA:0,(anonymous_4)
FNDA:2,(anonymous_5)
FNDA:2,(anonymous_6)
FNDA:5,(anonymous_7)
FNDA:5,(anonymous_8)
FNDA:5,(anonymous_9)
FNDA:5,(anonymous_10)
FNDA:0,(anonymous_11)
FNDA:5,(anonymous_12)
FNDA:0,(anonymous_13)
FNDA:5,(anonymous_14)
FNDA:0,(anonymous_15)
FNDA:0,(anonymous_16)
FNDA:0,(anonymous_17)
FNDA:0,(anonymous_18)
FNDA:0,(anonymous_19)
FNDA:0,(anonymous_20)
FNDA:0,(anonymous_21)
FNDA:0,(anonymous_22)
FNDA:0,(anonymous_23)
FNDA:0,(anonymous_24)
FNDA:0,(anonymous_25)
FNDA:0,(anonymous_26)
FNDA:0,(anonymous_27)
FNDA:0,(anonymous_28)
FNDA:0,(anonymous_29)
FNDA:0,(anonymous_30)
FNDA:0,(anonymous_31)
FNDA:0,(anonymous_32)
FNDA:0,(anonymous_33)
FNDA:0,(anonymous_34)
FNDA:0,(anonymous_35)
FNDA:0,(anonymous_36)
FNDA:0,(anonymous_37)
FNDA:0,(anonymous_38)
FNDA:0,(anonymous_39)
FNDA:0,(anonymous_40)
FNDA:0,(anonymous_41)
FNDA:0,(anonymous_42)
FNDA:0,(anonymous_43)
FNDA:0,(anonymous_44)
FNDA:0,(anonymous_45)
FNDA:0,(anonymous_46)
FNDA:0,(anonymous_47)
FNDA:0,(anonymous_48)
FNDA:0,(anonymous_49)
FNDA:0,(anonymous_50)
FNDA:0,(anonymous_51)
FNDA:0,(anonymous_52)
FNDA:0,(anonymous_53)
FNDA:0,(anonymous_54)
FNDA:0,(anonymous_55)
FNDA:0,(anonymous_56)
FNDA:0,(anonymous_57)
FNDA:0,(anonymous_58)
DA:1,1
DA:2,1
DA:6,1
DA:8,1
DA:9,1
DA:33,1
DA:37,5
DA:40,5
DA:41,5
DA:42,5
DA:59,5
DA:60,5
DA:61,5
DA:62,5
DA:63,5
DA:72,5
DA:73,5
DA:80,5
DA:81,0
DA:82,0
DA:91,0
DA:93,0
DA:94,0
DA:95,0
DA:97,0
DA:98,0
DA:99,0
DA:105,0
DA:112,0
DA:115,0
DA:116,0
DA:119,0
DA:129,2
DA:130,2
DA:138,2
DA:139,1
DA:141,1
DA:150,5
DA:152,5
DA:155,5
DA:158,5
DA:161,5
DA:162,5
DA:163,5
DA:165,0
DA:168,0
DA:170,0
DA:182,5
DA:183,5
DA:184,0
DA:185,0
DA:188,5
DA:191,5
DA:192,5
DA:193,5
DA:194,5
DA:195,5
DA:196,5
DA:199,0
DA:204,0
DA:205,0
DA:206,0
DA:207,0
DA:208,0
DA:212,0
DA:217,0
DA:227,5
DA:228,5
DA:230,5
DA:231,0
DA:232,0
DA:233,0
DA:236,0
DA:237,0
DA:238,0
DA:239,0
DA:243,0
DA:254,5
DA:255,5
DA:256,5
DA:257,0
DA:259,5
DA:267,0
DA:268,0
DA:269,0
DA:270,0
DA:271,0
DA:275,0
DA:290,0
DA:291,0
DA:292,0
DA:297,0
DA:298,0
DA:301,0
DA:303,0
DA:304,0
DA:314,0
DA:325,0
DA:326,0
DA:328,0
DA:329,0
DA:331,0
DA:334,0
DA:339,0
DA:340,0
DA:343,0
DA:345,0
DA:346,0
DA:354,0
DA:356,0
DA:357,0
DA:360,0
DA:362,0
DA:363,0
DA:364,0
DA:365,0
DA:366,0
DA:368,0
DA:369,0
DA:370,0
DA:371,0
DA:374,0
DA:375,0
DA:376,0
DA:378,0
DA:379,0
DA:382,0
DA:383,0
DA:385,0
DA:389,0
DA:393,0
DA:395,0
DA:398,0
DA:400,0
DA:404,0
DA:407,0
DA:413,0
DA:421,0
DA:422,0
DA:423,0
DA:424,0
DA:425,0
DA:426,0
DA:430,0
DA:431,0
DA:442,0
DA:443,0
DA:447,0
DA:448,0
DA:449,0
DA:450,0
DA:451,0
DA:454,0
DA:458,0
DA:459,0
DA:460,0
DA:463,0
DA:466,0
DA:467,0
DA:469,0
DA:471,0
DA:472,0
DA:482,0
DA:483,0
DA:484,0
DA:486,0
DA:487,0
DA:490,0
DA:491,0
DA:492,0
DA:493,0
DA:496,0
DA:498,0
DA:499,0
DA:511,0
DA:513,0
DA:514,0
DA:518,0
DA:520,0
DA:521,0
DA:523,0
DA:524,0
DA:527,0
DA:528,0
DA:529,0
DA:530,0
DA:533,0
DA:534,0
DA:542,0
DA:544,0
DA:545,0
DA:546,0
DA:547,0
DA:548,0
DA:552,0
DA:553,0
DA:554,0
DA:555,0
DA:560,0
DA:561,0
DA:563,0
DA:564,0
DA:565,0
DA:569,0
DA:570,0
DA:574,0
DA:575,0
DA:576,0
DA:579,0
DA:581,0
DA:582,0
DA:590,0
DA:592,0
DA:593,0
DA:594,0
DA:595,0
DA:599,0
DA:602,0
DA:603,0
DA:604,0
DA:606,0
DA:607,0
DA:612,0
DA:614,0
DA:615,0
DA:616,0
DA:620,0
DA:621,0
DA:624,0
DA:627,0
DA:628,0
DA:629,0
DA:631,0
DA:632,0
DA:633,0
DA:635,0
DA:641,0
DA:645,0
DA:646,0
DA:647,0
DA:649,0
DA:655,0
DA:656,0
DA:658,0
DA:660,0
DA:665,0
DA:667,0
DA:668,0
DA:672,0
DA:676,0
DA:679,0
DA:680,0
DA:687,0
DA:688,0
DA:691,0
DA:692,0
DA:693,0
DA:696,0
DA:698,0
DA:701,0
DA:705,0
DA:709,0
DA:710,0
DA:712,0
DA:713,0
DA:714,0
DA:717,0
DA:718,0
DA:721,0
DA:722,0
DA:724,0
DA:728,0
DA:732,0
DA:733,0
DA:737,0
DA:742,0
DA:745,0
DA:751,0
DA:752,0
DA:755,0
DA:757,0
DA:759,0
DA:771,0
DA:772,0
DA:773,0
DA:774,0
DA:776,0
DA:777,0
DA:780,0
DA:781,0
DA:782,0
DA:784,0
DA:789,0
DA:795,0
DA:797,0
DA:798,0
DA:806,0
DA:807,0
DA:811,0
DA:812,0
DA:813,0
DA:822,0
DA:823,0
DA:824,0
DA:827,0
DA:830,0
DA:845,0
DA:846,0
DA:850,0
DA:851,0
DA:854,0
DA:857,0
DA:863,0
DA:865,0
DA:868,0
DA:869,0
DA:873,0
DA:874,0
DA:875,0
DA:876,0
DA:880,0
DA:882,0
DA:884,0
DA:890,0
DA:901,0
DA:902,0
DA:904,0
DA:905,0
DA:913,0
DA:925,0
DA:926,0
DA:931,0
DA:934,0
DA:935,0
DA:938,0
DA:940,0
DA:949,0
DA:950,0
DA:951,0
DA:953,0
DA:954,0
DA:963,0
DA:964,0
DA:975,0
DA:977,0
DA:981,0
DA:982,0
DA:983,0
DA:987,0
DA:988,0
DA:991,0
DA:993,0
DA:994,0
DA:1006,0
DA:1008,0
DA:1012,0
DA:1013,0
DA:1017,0
DA:1018,0
DA:1019,0
DA:1023,0
DA:1024,0
DA:1025,0
DA:1033,0
DA:1036,0
DA:1037,0
DA:1040,0
DA:1042,0
DA:1043,0
DA:1055,0
DA:1057,0
DA:1062,0
DA:1063,0
DA:1066,0
DA:1068,0
DA:1070,0
DA:1071,0
DA:1074,0
DA:1077,0
DA:1078,0
DA:1081,0
DA:1083,0
DA:1084,0
DA:1094,0
DA:1095,0
DA:1098,0
DA:1100,0
DA:1101,0
DA:1102,0
DA:1104,0
DA:1105,0
DA:1109,0
DA:1111,0
DA:1112,0
DA:1122,0
DA:1136,0
DA:1141,0
DA:1147,0
DA:1148,0
DA:1162,0
DA:1163,0
DA:1166,0
DA:1167,0
DA:1168,0
DA:1171,0
DA:1176,0
DA:1178,0
DA:1179,0
DA:1182,0
DA:1183,0
DA:1185,0
DA:1188,0
DA:1193,0
DA:1195,0
DA:1197,0
DA:1201,0
DA:1204,0
DA:1205,0
DA:1210,0
DA:1215,0
DA:1217,0
DA:1218,0
DA:1220,0
DA:1228,0
DA:1229,0
DA:1230,0
DA:1231,0
DA:1233,0
DA:1241,0
DA:1244,0
DA:1245,0
DA:1248,0
DA:1251,0
DA:1252,0
DA:1254,0
DA:1256,0
DA:1257,0
DA:1271,0
DA:1272,0
DA:1275,0
DA:1278,0
DA:1279,0
DA:1283,0
DA:1287,0
DA:1288,0
DA:1291,0
DA:1293,0
DA:1294,0
DA:1299,0
DA:1300,0
DA:1301,0
DA:1306,0
DA:1307,0
DA:1311,0
DA:1312,0
DA:1313,0
DA:1316,0
DA:1325,0
DA:1329,0
DA:1333,0
DA:1336,0
DA:1342,0
DA:1343,0
DA:1348,0
DA:1353,0
DA:1356,0
DA:1357,0
DA:1359,0
DA:1360,0
DA:1363,0
DA:1366,0
DA:1369,0
DA:1373,0
DA:1377,0
DA:1383,0
DA:1384,0
DA:1385,0
DA:1390,0
DA:1394,0
DA:1395,0
DA:1398,0
DA:1399,0
DA:1400,0
DA:1404,0
DA:1408,0
DA:1413,0
DA:1416,0
DA:1419,0
DA:1423,0
DA:1427,0
DA:1429,0
DA:1430,0
DA:1431,0
DA:1435,0
DA:1439,0
DA:1443,0
DA:1445,0
DA:1446,0
DA:1450,0
DA:1454,0
DA:1460,0
DA:1461,0
DA:1466,0
DA:1467,0
DA:1470,0
DA:1473,0
DA:1478,0
DA:1481,0
DA:1482,0
DA:1483,0
DA:1487,0
DA:1488,0
DA:1491,0
DA:1495,0
DA:1498,0
DA:1499,0
DA:1502,0
DA:1506,0
DA:1512,0
DA:1518,0
DA:1521,0
DA:1523,0
DA:1527,0
DA:1533,0
DA:1541,0
DA:1542,0
DA:1546,0
DA:1548,0
DA:1551,0
DA:1553,0
DA:1554,0
DA:1565,0
DA:1569,0
DA:1570,0
DA:1573,0
DA:1578,0
DA:1580,0
DA:1581,0
DA:1584,0
DA:1587,0
DA:1590,0
DA:1594,0
DA:1595,0
DA:1599,0
DA:1600,0
DA:1601,0
DA:1602,0
DA:1607,0
DA:1608,0
DA:1610,0
DA:1615,0
DA:1616,0
DA:1641,0
DA:1642,0
DA:1643,0
DA:1647,0
DA:1650,0
DA:1651,0
DA:1655,0
DA:1659,0
DA:1660,0
DA:1665,0
DA:1666,0
DA:1669,0
DA:1670,0
DA:1673,0
DA:1676,0
DA:1677,0
DA:1681,0
DA:1682,0
DA:1686,0
DA:1692,0
DA:1693,0
DA:1694,0
DA:1696,0
DA:1700,0
DA:1703,0
DA:1704,0
DA:1707,0
DA:1710,0
DA:1713,0
DA:1717,0
DA:1718,0
DA:1724,0
DA:1725,0
DA:1726,0
DA:1730,0
DA:1734,0
DA:1739,0
DA:1740,0
DA:1749,0
DA:1752,0
DA:1753,0
DA:1754,0
DA:1757,0
DA:1758,0
DA:1759,0
DA:1761,0
DA:1765,0
DA:1768,0
DA:1774,0
DA:1779,0
DA:1780,0
DA:1784,0
DA:1787,0
DA:1788,0
DA:1792,0
DA:1796,0
DA:1799,0
DA:1802,0
DA:1803,0
DA:1811,0
DA:1816,0
DA:1817,0
DA:1822,0
DA:1823,0
DA:1824,0
DA:1825,0
DA:1827,0
DA:1831,0
DA:1834,0
DA:1837,0
DA:1838,0
DA:1843,0
DA:1851,0
DA:1852,0
DA:1854,0
DA:1855,0
DA:1864,0
DA:1865,0
DA:1867,0
DA:1868,0
DA:1877,0
DA:1879,0
DA:1886,0
DA:1887,0
DA:1889,0
DA:1892,0
DA:1905,0
DA:1906,0
DA:1910,0
DA:1917,0
DA:1919,0
DA:1920,0
DA:1931,0
DA:1934,0
DA:1935,0
DA:1937,0
DA:1941,0
DA:1945,0
DA:1946,0
DA:1948,0
DA:1951,0
DA:1954,0
DA:1955,0
DA:1956,0
DA:1957,0
DA:1958,0
DA:1959,0
DA:1962,0
DA:1963,0
DA:1967,0
DA:1972,0
DA:1974,0
DA:1975,0
DA:1980,0
DA:1982,0
DA:1988,0
DA:1990,0
DA:1991,0
DA:2000,0
LF:671
LH:46
BRDA:81,0,0,0
BRDA:97,1,0,0
BRDA:98,2,0,0
BRDA:98,2,1,0
BRDA:116,3,0,0
BRDA:138,4,0,1
BRDA:162,5,0,5
BRDA:162,5,1,0
BRDA:171,6,0,0
BRDA:171,6,1,0
BRDA:183,7,0,0
BRDA:193,8,0,5
BRDA:205,9,0,0
BRDA:205,10,0,0
BRDA:205,10,1,0
BRDA:207,11,0,0
BRDA:210,12,0,0
BRDA:210,12,1,0
BRDA:230,13,0,0
BRDA:237,14,0,0
BRDA:256,15,0,0
BRDA:297,16,0,0
BRDA:297,17,0,0
BRDA:297,17,1,0
BRDA:324,18,0,0
BRDA:422,19,0,0
BRDA:424,20,0,0
BRDA:424,21,0,0
BRDA:424,21,1,0
BRDA:430,22,0,0
BRDA:430,23,0,0
BRDA:430,23,1,0
BRDA:430,23,2,0
BRDA:430,23,3,0
BRDA:435,24,0,0
BRDA:435,24,1,0
BRDA:436,25,0,0
BRDA:436,25,1,0
BRDA:436,25,2,0
BRDA:437,26,0,0
BRDA:437,26,1,0
BRDA:437,26,2,0
BRDA:442,27,0,0
BRDA:442,28,0,0
BRDA:442,28,1,0
BRDA:484,29,0,0
BRDA:484,29,1,0
BRDA:484,30,0,0
BRDA:484,30,1,0
BRDA:484,30,2,0
BRDA:513,31,0,0
BRDA:521,32,0,0
BRDA:521,32,1,0
BRDA:521,33,0,0
BRDA:521,33,1,0
BRDA:521,33,2,0
BRDA:545,34,0,0
BRDA:545,35,0,0
BRDA:545,35,1,0
BRDA:548,36,0,0
BRDA:548,36,1,0
BRDA:552,37,0,0
BRDA:563,38,0,0
BRDA:574,39,0,0
BRDA:574,40,0,0
BRDA:574,40,1,0
BRDA:574,40,2,0
BRDA:593,41,0,0
BRDA:593,42,0,0
BRDA:593,42,1,0
BRDA:615,43,0,0
BRDA:628,44,0,0
BRDA:636,45,0,0
BRDA:636,45,1,0
BRDA:650,46,0,0
BRDA:650,46,1,0
BRDA:681,47,0,0
BRDA:681,47,1,0
BRDA:691,48,0,0
BRDA:710,49,0,0
BRDA:726,50,0,0
BRDA:726,50,1,0
BRDA:729,51,0,0
BRDA:729,51,1,0
BRDA:732,52,0,0
BRDA:740,53,0,0
BRDA:740,53,1,0
BRDA:751,54,0,0
BRDA:760,55,0,0
BRDA:760,55,1,0
BRDA:776,56,0,0
BRDA:776,57,0,0
BRDA:776,57,1,0
BRDA:820,58,0,0
BRDA:833,59,0,0
BRDA:833,59,1,0
BRDA:835,60,0,0
BRDA:835,60,1,0
BRDA:836,61,0,0
BRDA:836,61,1,0
BRDA:839,62,0,0
BRDA:839,62,1,0
BRDA:847,63,0,0
BRDA:847,63,1,0
BRDA:865,64,0,0
BRDA:931,65,0,0
BRDA:931,65,1,0
BRDA:982,66,0,0
BRDA:987,67,0,0
BRDA:1012,68,0,0
BRDA:1018,69,0,0
BRDA:1029,70,0,0
BRDA:1029,70,1,0
BRDA:1036,71,0,0
BRDA:1062,72,0,0
BRDA:1070,73,0,0
BRDA:1077,74,0,0
BRDA:1094,75,0,0
BRDA:1104,76,0,0
BRDA:1104,77,0,0
BRDA:1104,77,1,0
BRDA:1104,77,2,0
BRDA:1111,78,0,0
BRDA:1111,78,1,0
BRDA:1117,79,0,0
BRDA:1117,79,1,0
BRDA:1117,79,2,0
BRDA:1166,80,0,0
BRDA:1171,81,0,0
BRDA:1171,81,1,0
BRDA:1172,82,0,0
BRDA:1172,82,1,0
BRDA:1172,82,2,0
BRDA:1178,83,0,0
BRDA:1183,84,0,0
BRDA:1204,85,0,0
BRDA:1204,86,0,0
BRDA:1204,86,1,0
BRDA:1278,87,0,0
BRDA:1278,87,1,0
BRDA:1293,88,0,0
BRDA:1293,88,1,0
BRDA:1293,89,0,0
BRDA:1293,89,1,0
BRDA:1299,90,0,0
BRDA:1306,91,0,0
BRDA:1306,91,1,0
BRDA:1306,92,0,0
BRDA:1306,92,1,0
BRDA:1348,93,0,0
BRDA:1348,93,1,0
BRDA:1349,94,0,0
BRDA:1349,94,1,0
BRDA:1349,94,2,0
BRDA:1359,95,0,0
BRDA:1373,96,0,0
BRDA:1374,97,0,0
BRDA:1374,97,1,0
BRDA:1390,98,0,0
BRDA:1390,98,1,0
BRDA:1391,99,0,0
BRDA:1391,99,1,0
BRDA:1398,100,0,0
BRDA:1398,100,1,0
BRDA:1424,101,0,0
BRDA:1424,101,1,0
BRDA:1427,102,0,0
BRDA:1427,102,1,0
BRDA:1429,103,0,0
BRDA:1429,103,1,0
BRDA:1443,104,0,0
BRDA:1443,104,1,0
BRDA:1462,105,0,0
BRDA:1462,105,1,0
BRDA:1466,106,0,0
BRDA:1466,107,0,0
BRDA:1466,107,1,0
BRDA:1487,108,0,0
BRDA:1495,109,0,0
BRDA:1495,109,1,0
BRDA:1502,110,0,0
BRDA:1503,111,0,0
BRDA:1503,111,1,0
BRDA:1514,112,0,0
BRDA:1514,112,1,0
BRDA:1528,113,0,0
BRDA:1528,113,1,0
BRDA:1534,114,0,0
BRDA:1534,114,1,0
BRDA:1541,115,0,0
BRDA:1573,116,0,0
BRDA:1573,116,1,0
BRDA:1574,117,0,0
BRDA:1574,117,1,0
BRDA:1574,117,2,0
BRDA:1580,118,0,0
BRDA:1594,119,0,0
BRDA:1594,120,0,0
BRDA:1594,120,1,0
BRDA:1594,120,2,0
BRDA:1594,120,3,0
BRDA:1594,120,4,0
BRDA:1601,121,0,0
BRDA:1630,122,0,0
BRDA:1642,123,0,0
BRDA:1650,124,0,0
BRDA:1650,124,1,0
BRDA:1669,125,0,0
BRDA:1669,126,0,0
BRDA:1669,126,1,0
BRDA:1678,127,0,0
BRDA:1678,127,1,0
BRDA:1681,128,0,0
BRDA:1681,129,0,0
BRDA:1681,129,1,0
BRDA:1703,130,0,0
BRDA:1717,131,0,0
BRDA:1717,132,0,0
BRDA:1717,132,1,0
BRDA:1752,133,0,0
BRDA:1752,133,1,0
BRDA:1752,134,0,0
BRDA:1752,134,1,0
BRDA:1774,135,0,0
BRDA:1774,135,1,0
BRDA:1775,136,0,0
BRDA:1775,136,1,0
BRDA:1775,136,2,0
BRDA:1802,137,0,0
BRDA:1811,138,0,0
BRDA:1811,138,1,0
BRDA:1812,139,0,0
BRDA:1812,139,1,0
BRDA:1812,139,2,0
BRDA:1837,140,0,0
BRDA:1844,141,0,0
BRDA:1844,141,1,0
BRDA:1844,141,2,0
BRDA:1844,141,3,0
BRDA:1844,141,4,0
BRDA:1844,141,5,0
BRDA:1844,141,6,0
BRDA:1864,142,0,0
BRDA:1879,143,0,0
BRDA:1879,143,1,0
BRDA:1879,143,2,0
BRDA:1885,144,0,0
BRDA:1895,145,0,0
BRDA:1895,145,1,0
BRDA:1896,146,0,0
BRDA:1896,146,1,0
BRDA:1900,147,0,0
BRDA:1900,147,1,0
BRDA:1905,148,0,0
BRDA:1929,149,0,0
BRDA:1934,150,0,0
BRDA:1934,150,1,0
BRDA:1937,151,0,0
BRDA:1937,151,1,0
BRDA:1938,152,0,0
BRDA:1938,152,1,0
BRDA:1945,153,0,0
BRDA:1957,154,0,0
BRDA:1959,155,0,0
BRDA:1962,156,0,0
BRDA:1962,157,0,0
BRDA:1962,157,1,0
BRDA:1969,158,0,0
BRDA:1969,158,1,0
BRF:269
BRH:3
end_of_record
TN:
SF:src\storage\storage.ts
FN:13,(anonymous_0)
FN:37,(anonymous_1)
FN:45,(anonymous_2)
FN:53,(anonymous_3)
FN:71,(anonymous_4)
FN:91,(anonymous_5)
FN:101,(anonymous_6)
FN:137,(anonymous_7)
FNF:8
FNH:5
FNDA:19,(anonymous_0)
FNDA:0,(anonymous_1)
FNDA:0,(anonymous_2)
FNDA:0,(anonymous_3)
FNDA:1,(anonymous_4)
FNDA:12,(anonymous_5)
FNDA:7,(anonymous_6)
FNDA:1,(anonymous_7)
DA:6,3
DA:14,19
DA:16,19
DA:19,19
DA:20,19
DA:21,19
DA:22,18
DA:23,0
DA:26,1
DA:27,0
DA:38,0
DA:46,0
DA:54,0
DA:57,0
DA:58,0
DA:59,0
DA:61,0
DA:62,0
DA:72,1
DA:75,1
DA:76,1
DA:77,1
DA:79,0
DA:80,0
DA:92,12
DA:93,12
DA:102,7
DA:103,7
DA:104,7
DA:107,7
DA:108,7
DA:109,7
DA:111,1
DA:112,0
DA:118,0
DA:121,0
DA:122,0
DA:123,0
DA:125,0
DA:126,0
DA:138,1
DA:141,1
DA:142,1
DA:143,1
DA:145,0
DA:146,0
LF:46
LH:25
BRDA:19,0,0,19
BRDA:22,1,0,0
BRDA:26,2,0,0
BRDA:46,3,0,0
BRDA:46,3,1,0
BRDA:57,4,0,0
BRDA:61,5,0,0
BRDA:75,6,0,1
BRDA:79,7,0,0
BRDA:93,8,0,4
BRDA:93,8,1,8
BRDA:107,9,0,7
BRDA:111,10,0,0
BRDA:121,11,0,0
BRDA:125,12,0,0
BRDA:141,13,0,1
BRDA:145,14,0,0
BRF:17
BRH:6
end_of_record
TN:
SF:src\types\wallet.ts
FN:75,(anonymous_0)
FNF:1
FNH:1
FNDA:1,(anonymous_0)
DA:75,1
DA:76,1
DA:77,1
DA:78,1
DA:79,1
DA:80,1
DA:81,1
LF:7
LH:7
BRDA:75,0,0,1
BRDA:75,0,1,1
BRF:2
BRH:2
end_of_record
TN:
SF:src\utils\errorHandler.ts
FN:7,(anonymous_0)
FN:48,createError
FN:75,(anonymous_2)
FN:98,(anonymous_3)
FN:140,(anonymous_4)
FN:148,(anonymous_5)
FN:156,(anonymous_6)
FN:167,(anonymous_7)
FN:182,(anonymous_8)
FN:209,(anonymous_9)
FN:229,(anonymous_10)
FNF:11
FNH:1
FNDA:2,(anonymous_0)
FNDA:0,createError
FNDA:0,(anonymous_2)
FNDA:0,(anonymous_3)
FNDA:0,(anonymous_4)
FNDA:0,(anonymous_5)
FNDA:0,(anonymous_6)
FNDA:0,(anonymous_7)
FNDA:0,(anonymous_8)
FNDA:0,(anonymous_9)
FNDA:0,(anonymous_10)
DA:1,2
DA:7,2
DA:8,2
DA:9,2
DA:10,2
DA:11,2
DA:12,2
DA:13,2
DA:14,2
DA:15,2
DA:16,2
DA:17,2
DA:18,2
DA:19,2
DA:20,2
DA:21,2
DA:22,2
DA:23,2
DA:24,2
DA:25,2
DA:26,2
DA:48,2
DA:54,0
DA:66,2
DA:67,2
DA:68,2
DA:69,2
DA:77,0
DA:80,0
DA:83,0
DA:84,0
DA:88,0
DA:106,0
DA:111,0
DA:113,0
DA:114,0
DA:116,0
DA:117,0
DA:119,0
DA:120,0
DA:123,0
DA:124,0
DA:125,0
DA:127,0
DA:130,0
DA:131,0
DA:132,0
DA:141,0
DA:149,0
DA:157,0
DA:158,0
DA:159,0
DA:168,0
DA:169,0
DA:170,0
DA:172,0
DA:183,0
DA:184,0
DA:187,0
DA:188,0
DA:191,0
DA:192,0
DA:195,0
DA:196,0
DA:197,0
DA:199,0
DA:203,0
DA:218,0
DA:219,0
DA:220,0
DA:222,0
DA:223,0
DA:225,0
DA:226,0
DA:229,0
DA:235,0
LF:76
LH:26
BRDA:7,0,0,2
BRDA:7,0,1,2
BRDA:83,1,0,0
BRDA:103,2,0,0
BRDA:106,3,0,0
BRDA:106,3,1,0
BRDA:111,4,0,0
BRDA:111,4,1,0
BRDA:111,4,2,0
BRDA:111,4,3,0
BRDA:111,4,4,0
BRDA:124,5,0,0
BRDA:124,6,0,0
BRDA:124,6,1,0
BRDA:125,7,0,0
BRDA:125,7,1,0
BRDA:140,8,0,0
BRDA:158,9,0,0
BRDA:183,10,0,0
BRDA:187,11,0,0
BRDA:191,12,0,0
BRDA:195,13,0,0
BRDA:213,14,0,0
BRDA:214,15,0,0
BRDA:225,16,0,0
BRF:25
BRH:2
end_of_record
TN:
SF:src\utils\logger.ts
FN:20,enableDebug
FN:28,disableDebug
FN:36,configureLogging
FN:48,log
FN:60,logError
FN:70,logWarn
FN:80,logDebug
FN:93,logWithLevel
FNF:8
FNH:1
FNDA:0,enableDebug
FNDA:0,disableDebug
FNDA:0,configureLogging
FNDA:17,log
FNDA:0,logError
FNDA:0,logWarn
FNDA:0,logDebug
FNDA:0,logWithLevel
DA:5,3
DA:15,3
DA:20,3
DA:21,0
DA:22,0
DA:28,3
DA:29,0
DA:36,3
DA:37,0
DA:48,3
DA:49,17
DA:50,17
DA:52,17
DA:60,3
DA:61,0
DA:62,0
DA:70,3
DA:71,0
DA:72,0
DA:80,3
DA:81,0
DA:83,0
DA:84,0
DA:93,3
DA:98,0
DA:100,0
DA:101,0
DA:103,0
DA:104,0
DA:106,0
DA:107,0
DA:110,0
DA:111,0
LF:33
LH:13
BRDA:7,0,0,3
BRDA:7,0,1,3
BRDA:81,1,0,0
BRDA:98,2,0,0
BRDA:98,2,1,0
BRDA:98,2,2,0
BRDA:98,2,3,0
BRDA:98,2,4,0
BRF:8
BRH:2
end_of_record
