TN:
SF:src\config.ts
FNF:0
FNH:0
DA:1,3
DA:34,3
LF:2
LH:2
BRF:0
BRH:0
end_of_record
TN:
SF:src\gun\certificates.ts
FN:22,issueCert
FN:59,generateCerts
FN:84,verifyCert
FN:102,extractCertPolicy
FNF:4
FNH:0
FNDA:0,issueCert
FNDA:0,generateCerts
FNDA:0,verifyCert
FNDA:0,extractCertPolicy
DA:1,2
DA:2,2
DA:22,2
DA:35,0
DA:36,0
DA:37,0
DA:39,0
DA:40,0
DA:43,0
DA:44,0
DA:45,0
DA:47,0
DA:48,0
DA:59,2
DA:71,0
DA:72,0
DA:73,0
DA:75,0
DA:84,2
DA:88,0
DA:89,0
DA:90,0
DA:92,0
DA:93,0
DA:102,2
DA:103,0
DA:104,0
DA:106,0
DA:107,0
DA:109,0
DA:111,0
DA:113,0
DA:114,0
LF:33
LH:6
BRDA:24,0,0,0
BRDA:25,1,0,0
BRDA:26,2,0,0
BRDA:27,3,0,0
BRDA:36,4,0,0
BRDA:39,5,0,0
BRDA:45,6,0,0
BRDA:45,6,1,0
BRDA:61,7,0,0
BRDA:88,8,0,0
BRDA:103,9,0,0
BRDA:107,10,0,0
BRDA:107,11,0,0
BRDA:107,11,1,0
BRF:14
BRH:0
end_of_record
TN:
SF:src\gun\collections.ts
FN:19,(anonymous_0)
FN:29,(anonymous_1)
FN:30,(anonymous_2)
FN:39,(anonymous_3)
FN:48,(anonymous_4)
FN:70,(anonymous_5)
FN:71,(anonymous_6)
FN:76,(anonymous_7)
FN:95,(anonymous_8)
FN:96,(anonymous_9)
FN:102,(anonymous_10)
FN:124,(anonymous_11)
FN:125,(anonymous_12)
FN:128,(anonymous_13)
FN:147,(anonymous_14)
FN:148,(anonymous_15)
FN:152,(anonymous_16)
FN:162,(anonymous_17)
FNF:18
FNH:0
FNDA:0,(anonymous_0)
FNDA:0,(anonymous_1)
FNDA:0,(anonymous_2)
FNDA:0,(anonymous_3)
FNDA:0,(anonymous_4)
FNDA:0,(anonymous_5)
FNDA:0,(anonymous_6)
FNDA:0,(anonymous_7)
FNDA:0,(anonymous_8)
FNDA:0,(anonymous_9)
FNDA:0,(anonymous_10)
FNDA:0,(anonymous_11)
FNDA:0,(anonymous_12)
FNDA:0,(anonymous_13)
FNDA:0,(anonymous_14)
FNDA:0,(anonymous_15)
FNDA:0,(anonymous_16)
FNDA:0,(anonymous_17)
DA:2,2
DA:16,2
DA:20,0
DA:30,0
DA:31,0
DA:32,0
DA:33,0
DA:36,0
DA:40,0
DA:41,0
DA:42,0
DA:46,0
DA:49,0
DA:50,0
DA:51,0
DA:53,0
DA:58,0
DA:71,0
DA:72,0
DA:73,0
DA:77,0
DA:78,0
DA:79,0
DA:81,0
DA:84,0
DA:96,0
DA:97,0
DA:99,0
DA:103,0
DA:104,0
DA:105,0
DA:111,0
DA:114,0
DA:125,0
DA:126,0
DA:129,0
DA:130,0
DA:131,0
DA:135,0
DA:136,0
DA:148,0
DA:149,0
DA:153,0
DA:163,0
LF:44
LH:2
BRDA:40,0,0,0
BRDA:49,1,0,0
BRDA:77,2,0,0
BRDA:103,3,0,0
BRDA:129,4,0,0
BRF:5
BRH:0
end_of_record
TN:
SF:src\gun\consensus.ts
FN:54,(anonymous_0)
FN:72,(anonymous_1)
FN:110,(anonymous_2)
FN:115,(anonymous_3)
FN:132,(anonymous_4)
FN:180,(anonymous_5)
FN:187,(anonymous_6)
FN:195,(anonymous_7)
FN:206,(anonymous_8)
FN:207,(anonymous_9)
FN:212,(anonymous_10)
FN:232,(anonymous_11)
FN:240,(anonymous_12)
FN:258,(anonymous_13)
FN:259,(anonymous_14)
FN:266,(anonymous_15)
FN:276,(anonymous_16)
FN:298,(anonymous_17)
FN:299,(anonymous_18)
FN:310,(anonymous_19)
FN:340,(anonymous_20)
FN:356,(anonymous_21)
FN:360,(anonymous_22)
FN:366,(anonymous_23)
FN:380,(anonymous_24)
FNF:25
FNH:0
FNDA:0,(anonymous_0)
FNDA:0,(anonymous_1)
FNDA:0,(anonymous_2)
FNDA:0,(anonymous_3)
FNDA:0,(anonymous_4)
FNDA:0,(anonymous_5)
FNDA:0,(anonymous_6)
FNDA:0,(anonymous_7)
FNDA:0,(anonymous_8)
FNDA:0,(anonymous_9)
FNDA:0,(anonymous_10)
FNDA:0,(anonymous_11)
FNDA:0,(anonymous_12)
FNDA:0,(anonymous_13)
FNDA:0,(anonymous_14)
FNDA:0,(anonymous_15)
FNDA:0,(anonymous_16)
FNDA:0,(anonymous_17)
FNDA:0,(anonymous_18)
FNDA:0,(anonymous_19)
FNDA:0,(anonymous_20)
FNDA:0,(anonymous_21)
FNDA:0,(anonymous_22)
FNDA:0,(anonymous_23)
FNDA:0,(anonymous_24)
DA:2,2
DA:45,2
DA:55,0
DA:58,0
DA:77,0
DA:78,0
DA:81,0
DA:82,0
DA:83,0
DA:87,0
DA:88,0
DA:90,0
DA:102,0
DA:103,0
DA:104,0
DA:107,0
DA:110,0
DA:111,0
DA:116,0
DA:117,0
DA:118,0
DA:120,0
DA:137,0
DA:138,0
DA:141,0
DA:142,0
DA:143,0
DA:147,0
DA:148,0
DA:149,0
DA:153,0
DA:154,0
DA:158,0
DA:159,0
DA:160,0
DA:164,0
DA:172,0
DA:173,0
DA:174,0
DA:177,0
DA:180,0
DA:181,0
DA:188,0
DA:189,0
DA:190,0
DA:194,0
DA:195,0
DA:207,0
DA:208,0
DA:213,0
DA:214,0
DA:215,0
DA:218,0
DA:222,0
DA:223,0
DA:225,0
DA:226,0
DA:227,0
DA:228,0
DA:231,0
DA:233,0
DA:234,0
DA:236,0
DA:237,0
DA:241,0
DA:242,0
DA:245,0
DA:246,0
DA:259,0
DA:260,0
DA:267,0
DA:277,0
DA:279,0
DA:280,0
DA:283,0
DA:284,0
DA:287,0
DA:288,0
DA:299,0
DA:300,0
DA:301,0
DA:302,0
DA:304,0
DA:311,0
DA:313,0
DA:317,0
DA:318,0
DA:320,0
DA:321,0
DA:322,0
DA:325,0
DA:326,0
DA:327,0
DA:328,0
DA:329,0
DA:331,0
DA:335,0
DA:340,0
DA:341,0
DA:360,0
DA:361,0
DA:367,0
DA:368,0
DA:369,0
DA:371,0
DA:381,0
LF:106
LH:2
BRDA:54,0,0,0
BRDA:59,1,0,0
BRDA:59,1,1,0
BRDA:60,2,0,0
BRDA:60,2,1,0
BRDA:61,3,0,0
BRDA:61,3,1,0
BRDA:75,4,0,0
BRDA:77,5,0,0
BRDA:82,6,0,0
BRDA:103,7,0,0
BRDA:116,8,0,0
BRDA:135,9,0,0
BRDA:137,10,0,0
BRDA:142,11,0,0
BRDA:148,12,0,0
BRDA:153,13,0,0
BRDA:159,14,0,0
BRDA:173,15,0,0
BRDA:188,16,0,0
BRDA:213,17,0,0
BRDA:222,18,0,0
BRDA:222,18,1,0
BRDA:225,19,0,0
BRDA:233,20,0,0
BRDA:233,20,1,0
BRDA:267,21,0,0
BRDA:267,21,1,0
BRDA:279,22,0,0
BRDA:283,23,0,0
BRDA:283,23,1,0
BRDA:287,24,0,0
BRDA:311,25,0,0
BRDA:311,26,0,0
BRDA:311,26,1,0
BRDA:317,27,0,0
BRDA:317,27,1,0
BRDA:320,28,0,0
BRDA:326,29,0,0
BRDA:328,30,0,0
BRDA:328,30,1,0
BRDA:367,31,0,0
BRF:42
BRH:0
end_of_record
TN:
SF:src\gun\encryption.ts
FN:15,(anonymous_1)
FN:27,(anonymous_2)
FN:40,(anonymous_3)
FN:50,(anonymous_4)
FN:58,(anonymous_5)
FN:67,(anonymous_6)
FN:79,(anonymous_7)
FN:88,(anonymous_8)
FN:99,(anonymous_9)
FN:112,(anonymous_10)
FN:123,(anonymous_11)
FN:137,(anonymous_12)
FN:149,(anonymous_13)
FN:167,(anonymous_14)
FN:170,(anonymous_15)
FN:189,(anonymous_16)
FN:192,(anonymous_17)
FN:212,(anonymous_18)
FNF:18
FNH:0
FNDA:0,(anonymous_1)
FNDA:0,(anonymous_2)
FNDA:0,(anonymous_3)
FNDA:0,(anonymous_4)
FNDA:0,(anonymous_5)
FNDA:0,(anonymous_6)
FNDA:0,(anonymous_7)
FNDA:0,(anonymous_8)
FNDA:0,(anonymous_9)
FNDA:0,(anonymous_10)
FNDA:0,(anonymous_11)
FNDA:0,(anonymous_12)
FNDA:0,(anonymous_13)
FNDA:0,(anonymous_14)
FNDA:0,(anonymous_15)
FNDA:0,(anonymous_16)
FNDA:0,(anonymous_17)
FNDA:0,(anonymous_18)
DA:1,2
DA:2,2
DA:5,2
DA:7,2
DA:15,2
DA:16,0
DA:17,0
DA:18,0
DA:27,2
DA:28,0
DA:29,0
DA:30,0
DA:31,0
DA:40,2
DA:41,0
DA:50,2
DA:51,0
DA:58,2
DA:59,0
DA:67,2
DA:68,0
DA:70,0
DA:71,0
DA:73,0
DA:79,2
DA:80,0
DA:88,2
DA:89,0
DA:99,2
DA:100,0
DA:101,0
DA:102,0
DA:112,2
DA:113,0
DA:114,0
DA:115,0
DA:123,2
DA:124,0
DA:137,2
DA:138,0
DA:139,0
DA:140,0
DA:149,2
DA:150,0
DA:167,2
DA:168,0
DA:169,0
DA:170,0
DA:171,0
DA:173,0
DA:175,0
DA:177,0
DA:179,0
DA:189,2
DA:190,0
DA:191,0
DA:192,0
DA:193,0
DA:195,0
DA:197,0
DA:199,0
DA:201,0
DA:212,2
DA:213,0
DA:214,0
DA:215,0
DA:216,0
DA:218,0
DA:219,0
DA:221,0
LF:70
LH:20
BRDA:28,0,0,0
BRDA:30,1,0,0
BRDA:68,2,0,0
BRDA:89,3,0,0
BRDA:89,3,1,0
BRDA:89,3,2,0
BRDA:100,4,0,0
BRDA:100,5,0,0
BRDA:100,5,1,0
BRDA:100,5,2,0
BRDA:113,6,0,0
BRDA:113,7,0,0
BRDA:113,7,1,0
BRDA:113,7,2,0
BRDA:113,7,3,0
BRDA:138,8,0,0
BRDA:138,8,1,0
BRDA:157,9,0,0
BRDA:157,9,1,0
BRDA:168,10,0,0
BRDA:171,11,0,0
BRDA:171,11,1,0
BRDA:171,11,2,0
BRDA:171,11,3,0
BRDA:190,12,0,0
BRDA:193,13,0,0
BRDA:193,13,1,0
BRDA:193,13,2,0
BRDA:193,13,3,0
BRDA:212,14,0,0
BRDA:213,15,0,0
BRDA:213,15,1,0
BRDA:215,16,0,0
BRF:33
BRH:0
end_of_record
TN:
SF:src\gun\errors.ts
FN:9,(anonymous_0)
FN:19,(anonymous_1)
FN:29,(anonymous_2)
FN:39,(anonymous_3)
FN:49,(anonymous_4)
FN:59,(anonymous_5)
FN:68,(anonymous_6)
FNF:7
FNH:0
FNDA:0,(anonymous_0)
FNDA:0,(anonymous_1)
FNDA:0,(anonymous_2)
FNDA:0,(anonymous_3)
FNDA:0,(anonymous_4)
FNDA:0,(anonymous_5)
FNDA:0,(anonymous_6)
DA:8,2
DA:10,0
DA:11,0
DA:18,2
DA:20,0
DA:21,0
DA:28,2
DA:30,0
DA:31,0
DA:38,2
DA:40,0
DA:41,0
DA:48,2
DA:50,0
DA:51,0
DA:58,2
DA:60,0
DA:61,0
DA:66,2
DA:68,2
DA:69,0
DA:70,0
DA:72,0
LF:23
LH:8
BRDA:29,0,0,0
BRDA:39,1,0,0
BRDA:49,2,0,0
BRDA:59,3,0,0
BRDA:69,4,0,0
BRDA:69,5,0,0
BRDA:69,5,1,0
BRDA:69,5,2,0
BRF:8
BRH:0
end_of_record
TN:
SF:src\gun\gun.ts
FN:70,(anonymous_10)
FN:99,(anonymous_11)
FN:101,(anonymous_12)
FN:112,(anonymous_13)
FN:126,(anonymous_14)
FN:134,(anonymous_15)
FN:135,(anonymous_16)
FN:151,(anonymous_17)
FN:153,(anonymous_18)
FN:161,(anonymous_19)
FN:169,(anonymous_20)
FN:179,(anonymous_21)
FN:183,(anonymous_22)
FN:193,(anonymous_23)
FN:201,(anonymous_24)
FN:210,(anonymous_25)
FN:220,(anonymous_26)
FN:221,(anonymous_27)
FN:222,(anonymous_28)
FN:236,(anonymous_29)
FN:237,(anonymous_30)
FN:238,(anonymous_31)
FN:251,(anonymous_32)
FN:252,(anonymous_33)
FN:253,(anonymous_34)
FN:267,(anonymous_35)
FN:268,(anonymous_36)
FN:269,(anonymous_37)
FN:283,(anonymous_38)
FN:285,(anonymous_39)
FN:286,(anonymous_40)
FN:305,(anonymous_41)
FN:319,(anonymous_42)
FN:324,(anonymous_43)
FN:329,(anonymous_44)
FN:348,(anonymous_45)
FN:359,(anonymous_46)
FN:363,(anonymous_47)
FN:370,(anonymous_48)
FN:383,(anonymous_49)
FN:391,(anonymous_50)
FN:396,(anonymous_51)
FN:398,(anonymous_52)
FN:399,(anonymous_53)
FN:400,(anonymous_54)
FN:408,(anonymous_55)
FN:410,(anonymous_56)
FN:411,(anonymous_57)
FN:412,(anonymous_58)
FN:424,(anonymous_59)
FN:434,(anonymous_60)
FN:447,(anonymous_61)
FN:448,(anonymous_62)
FN:452,(anonymous_63)
FN:464,(anonymous_64)
FN:465,(anonymous_65)
FN:469,(anonymous_66)
FN:482,(anonymous_67)
FN:484,(anonymous_68)
FN:489,(anonymous_69)
FN:507,(anonymous_70)
FN:536,(anonymous_71)
FN:567,(anonymous_72)
FN:569,(anonymous_73)
FN:573,(anonymous_74)
FN:581,(anonymous_75)
FN:589,(anonymous_76)
FN:601,(anonymous_77)
FN:612,(anonymous_78)
FN:626,(anonymous_79)
FN:640,(anonymous_80)
FN:650,(anonymous_81)
FN:660,(anonymous_82)
FN:670,(anonymous_83)
FN:677,(anonymous_84)
FN:686,(anonymous_85)
FN:697,(anonymous_86)
FN:708,(anonymous_87)
FN:717,(anonymous_88)
FN:727,(anonymous_89)
FN:737,(anonymous_90)
FN:747,(anonymous_91)
FN:756,(anonymous_92)
FN:766,(anonymous_93)
FN:775,(anonymous_94)
FN:790,(anonymous_95)
FN:808,(anonymous_96)
FN:817,(anonymous_97)
FN:830,(anonymous_98)
FN:875,(anonymous_99)
FNF:90
FNH:20
FNDA:12,(anonymous_10)
FNDA:0,(anonymous_11)
FNDA:0,(anonymous_12)
FNDA:0,(anonymous_13)
FNDA:0,(anonymous_14)
FNDA:12,(anonymous_15)
FNDA:0,(anonymous_16)
FNDA:0,(anonymous_17)
FNDA:0,(anonymous_18)
FNDA:0,(anonymous_19)
FNDA:0,(anonymous_20)
FNDA:0,(anonymous_21)
FNDA:0,(anonymous_22)
FNDA:5,(anonymous_23)
FNDA:1,(anonymous_24)
FNDA:1,(anonymous_25)
FNDA:1,(anonymous_26)
FNDA:1,(anonymous_27)
FNDA:1,(anonymous_28)
FNDA:1,(anonymous_29)
FNDA:1,(anonymous_30)
FNDA:1,(anonymous_31)
FNDA:0,(anonymous_32)
FNDA:0,(anonymous_33)
FNDA:0,(anonymous_34)
FNDA:0,(anonymous_35)
FNDA:0,(anonymous_36)
FNDA:0,(anonymous_37)
FNDA:1,(anonymous_38)
FNDA:1,(anonymous_39)
FNDA:1,(anonymous_40)
FNDA:2,(anonymous_41)
FNDA:2,(anonymous_42)
FNDA:0,(anonymous_43)
FNDA:2,(anonymous_44)
FNDA:2,(anonymous_45)
FNDA:2,(anonymous_46)
FNDA:4,(anonymous_47)
FNDA:0,(anonymous_48)
FNDA:0,(anonymous_49)
FNDA:0,(anonymous_50)
FNDA:0,(anonymous_51)
FNDA:0,(anonymous_52)
FNDA:0,(anonymous_53)
FNDA:0,(anonymous_54)
FNDA:0,(anonymous_55)
FNDA:0,(anonymous_56)
FNDA:0,(anonymous_57)
FNDA:0,(anonymous_58)
FNDA:0,(anonymous_59)
FNDA:0,(anonymous_60)
FNDA:0,(anonymous_61)
FNDA:0,(anonymous_62)
FNDA:0,(anonymous_63)
FNDA:0,(anonymous_64)
FNDA:0,(anonymous_65)
FNDA:0,(anonymous_66)
FNDA:0,(anonymous_67)
FNDA:0,(anonymous_68)
FNDA:0,(anonymous_69)
FNDA:0,(anonymous_70)
FNDA:0,(anonymous_71)
FNDA:0,(anonymous_72)
FNDA:0,(anonymous_73)
FNDA:0,(anonymous_74)
FNDA:0,(anonymous_75)
FNDA:0,(anonymous_76)
FNDA:0,(anonymous_77)
FNDA:0,(anonymous_78)
FNDA:0,(anonymous_79)
FNDA:0,(anonymous_80)
FNDA:0,(anonymous_81)
FNDA:0,(anonymous_82)
FNDA:0,(anonymous_83)
FNDA:0,(anonymous_84)
FNDA:0,(anonymous_85)
FNDA:0,(anonymous_86)
FNDA:0,(anonymous_87)
FNDA:0,(anonymous_88)
FNDA:0,(anonymous_89)
FNDA:0,(anonymous_90)
FNDA:0,(anonymous_91)
FNDA:0,(anonymous_92)
FNDA:0,(anonymous_93)
FNDA:0,(anonymous_94)
FNDA:0,(anonymous_95)
FNDA:0,(anonymous_96)
FNDA:0,(anonymous_97)
FNDA:0,(anonymous_98)
FNDA:0,(anonymous_99)
DA:9,2
DA:10,2
DA:12,2
DA:13,2
DA:14,2
DA:16,2
DA:17,2
DA:18,2
DA:19,2
DA:36,2
DA:43,2
DA:59,12
DA:60,12
DA:62,12
DA:71,12
DA:73,12
DA:78,12
DA:86,12
DA:88,12
DA:89,0
DA:90,0
DA:92,12
DA:95,12
DA:96,12
DA:98,12
DA:99,0
DA:100,0
DA:101,0
DA:102,0
DA:103,0
DA:106,0
DA:109,12
DA:118,0
DA:119,0
DA:120,0
DA:122,0
DA:123,0
DA:124,0
DA:125,0
DA:126,0
DA:131,0
DA:135,12
DA:136,0
DA:138,0
DA:139,0
DA:146,0
DA:152,0
DA:153,0
DA:162,0
DA:170,0
DA:171,0
DA:180,0
DA:181,0
DA:182,0
DA:183,0
DA:184,0
DA:185,0
DA:194,5
DA:202,1
DA:211,1
DA:221,1
DA:222,1
DA:223,1
DA:237,1
DA:238,1
DA:239,1
DA:252,0
DA:253,0
DA:254,0
DA:268,0
DA:269,0
DA:270,0
DA:284,1
DA:285,1
DA:286,1
DA:287,1
DA:288,0
DA:289,0
DA:291,1
DA:292,1
DA:310,2
DA:311,0
DA:312,0
DA:313,0
DA:316,2
DA:317,2
DA:319,2
DA:320,2
DA:321,2
DA:324,2
DA:325,0
DA:326,0
DA:329,2
DA:330,2
DA:331,2
DA:333,2
DA:334,0
DA:335,0
DA:337,2
DA:338,2
DA:349,2
DA:350,2
DA:351,2
DA:352,0
DA:355,0
DA:360,2
DA:364,4
DA:371,0
DA:372,0
DA:373,0
DA:375,0
DA:384,0
DA:392,0
DA:393,0
DA:397,0
DA:399,0
DA:400,0
DA:401,0
DA:409,0
DA:411,0
DA:412,0
DA:425,0
DA:426,0
DA:435,0
DA:436,0
DA:437,0
DA:448,0
DA:449,0
DA:453,0
DA:465,0
DA:466,0
DA:469,0
DA:483,0
DA:484,0
DA:486,0
DA:490,0
DA:491,0
DA:492,0
DA:494,0
DA:508,0
DA:509,0
DA:511,0
DA:516,0
DA:518,0
DA:519,0
DA:521,0
DA:525,0
DA:541,0
DA:542,0
DA:544,0
DA:546,0
DA:549,0
DA:550,0
DA:553,0
DA:555,0
DA:558,0
DA:568,0
DA:569,0
DA:570,0
DA:573,0
DA:582,0
DA:590,0
DA:591,0
DA:593,0
DA:602,0
DA:603,0
DA:605,0
DA:613,0
DA:614,0
DA:616,0
DA:631,0
DA:641,0
DA:651,0
DA:661,0
DA:671,0
DA:678,0
DA:687,0
DA:698,0
DA:709,0
DA:718,0
DA:719,0
DA:728,0
DA:738,0
DA:739,0
DA:748,0
DA:757,0
DA:767,0
DA:782,0
DA:799,0
DA:809,0
DA:818,0
DA:837,0
DA:840,0
DA:841,0
DA:842,0
DA:845,0
DA:847,0
DA:851,0
DA:854,0
DA:859,0
DA:861,0
DA:865,0
DA:879,0
DA:881,0
DA:883,0
DA:884,0
DA:885,0
DA:889,0
DA:891,0
DA:892,0
DA:899,0
DA:902,0
DA:904,0
DA:905,0
DA:911,0
DA:913,0
DA:914,0
DA:919,2
DA:922,2
LF:219
LH:60
BRDA:70,0,0,0
BRDA:74,1,0,12
BRDA:74,1,1,12
BRDA:75,2,0,12
BRDA:75,2,1,12
BRDA:80,3,0,12
BRDA:80,3,1,0
BRDA:81,4,0,12
BRDA:81,4,1,12
BRDA:82,5,0,12
BRDA:82,5,1,12
BRDA:83,6,0,12
BRDA:83,6,1,12
BRDA:88,7,0,0
BRDA:88,7,1,12
BRDA:98,8,0,0
BRDA:100,9,0,0
BRDA:122,10,0,0
BRDA:122,10,1,0
BRDA:123,11,0,0
BRDA:138,12,0,0
BRDA:138,12,1,0
BRDA:146,13,0,0
BRDA:146,13,1,0
BRDA:161,14,0,0
BRDA:182,15,0,0
BRDA:182,16,0,0
BRDA:182,16,1,0
BRDA:185,17,0,0
BRDA:224,18,0,0
BRDA:224,18,1,1
BRDA:240,19,0,0
BRDA:240,19,1,1
BRDA:255,20,0,0
BRDA:255,20,1,0
BRDA:271,21,0,0
BRDA:271,21,1,0
BRDA:287,22,0,0
BRDA:287,22,1,1
BRDA:310,23,0,0
BRDA:333,24,0,0
BRDA:333,24,1,2
BRDA:351,25,0,0
BRDA:351,26,0,2
BRDA:351,26,1,0
BRDA:393,27,0,0
BRDA:393,27,1,0
BRDA:401,28,0,0
BRDA:401,28,1,0
BRDA:425,29,0,0
BRDA:435,30,0,0
BRDA:437,31,0,0
BRDA:437,31,1,0
BRDA:453,32,0,0
BRDA:453,32,1,0
BRDA:453,33,0,0
BRDA:453,33,1,0
BRDA:469,34,0,0
BRDA:469,34,1,0
BRDA:490,35,0,0
BRDA:490,35,1,0
BRDA:490,36,0,0
BRDA:490,36,1,0
BRDA:512,37,0,0
BRDA:512,37,1,0
BRDA:539,38,0,0
BRDA:544,39,0,0
BRDA:544,40,0,0
BRDA:544,40,1,0
BRDA:547,41,0,0
BRDA:547,41,1,0
BRDA:549,42,0,0
BRDA:573,43,0,0
BRDA:573,43,1,0
BRDA:590,44,0,0
BRDA:602,45,0,0
BRDA:613,46,0,0
BRDA:719,47,0,0
BRDA:719,47,1,0
BRDA:739,48,0,0
BRDA:739,48,1,0
BRDA:766,49,0,0
BRDA:841,50,0,0
BRDA:884,51,0,0
BRDA:884,52,0,0
BRDA:884,52,1,0
BRDA:891,53,0,0
BRDA:891,54,0,0
BRDA:891,54,1,0
BRDA:904,55,0,0
BRF:90
BRH:17
end_of_record
TN:
SF:src\gun\rxjs-integration.ts
FN:24,(anonymous_0)
FN:33,(anonymous_1)
FN:41,(anonymous_2)
FN:50,(anonymous_3)
FN:51,(anonymous_4)
FN:55,(anonymous_5)
FN:71,(anonymous_6)
FN:78,(anonymous_7)
FN:90,(anonymous_8)
FN:94,(anonymous_9)
FN:98,(anonymous_10)
FN:118,(anonymous_11)
FN:133,(anonymous_12)
FN:136,(anonymous_13)
FN:137,(anonymous_14)
FN:154,(anonymous_15)
FN:157,(anonymous_16)
FN:158,(anonymous_17)
FN:174,(anonymous_18)
FN:177,(anonymous_19)
FN:178,(anonymous_20)
FN:199,(anonymous_21)
FN:204,(anonymous_22)
FN:212,(anonymous_23)
FN:216,(anonymous_24)
FN:218,(anonymous_25)
FN:222,(anonymous_26)
FN:231,(anonymous_27)
FN:232,(anonymous_28)
FN:234,(anonymous_29)
FN:242,(anonymous_30)
FN:243,(anonymous_31)
FN:254,(anonymous_32)
FN:255,(anonymous_33)
FN:259,(anonymous_34)
FN:275,(anonymous_35)
FN:284,(anonymous_36)
FN:293,(anonymous_37)
FN:300,(anonymous_38)
FNF:39
FNH:8
FNDA:3,(anonymous_0)
FNDA:0,(anonymous_1)
FNDA:0,(anonymous_2)
FNDA:1,(anonymous_3)
FNDA:1,(anonymous_4)
FNDA:1,(anonymous_5)
FNDA:0,(anonymous_6)
FNDA:0,(anonymous_7)
FNDA:1,(anonymous_8)
FNDA:1,(anonymous_9)
FNDA:0,(anonymous_10)
FNDA:0,(anonymous_11)
FNDA:0,(anonymous_12)
FNDA:0,(anonymous_13)
FNDA:0,(anonymous_14)
FNDA:0,(anonymous_15)
FNDA:0,(anonymous_16)
FNDA:0,(anonymous_17)
FNDA:0,(anonymous_18)
FNDA:0,(anonymous_19)
FNDA:0,(anonymous_20)
FNDA:0,(anonymous_21)
FNDA:0,(anonymous_22)
FNDA:0,(anonymous_23)
FNDA:0,(anonymous_24)
FNDA:0,(anonymous_25)
FNDA:0,(anonymous_26)
FNDA:0,(anonymous_27)
FNDA:0,(anonymous_28)
FNDA:0,(anonymous_29)
FNDA:0,(anonymous_30)
FNDA:0,(anonymous_31)
FNDA:0,(anonymous_32)
FNDA:0,(anonymous_33)
FNDA:0,(anonymous_34)
FNDA:0,(anonymous_35)
FNDA:0,(anonymous_36)
FNDA:1,(anonymous_37)
FNDA:1,(anonymous_38)
DA:1,2
DA:2,2
DA:16,2
DA:25,3
DA:26,3
DA:34,0
DA:42,0
DA:51,1
DA:52,1
DA:55,1
DA:56,1
DA:57,0
DA:58,0
DA:62,1
DA:63,1
DA:64,1
DA:66,0
DA:71,1
DA:72,0
DA:73,0
DA:75,0
DA:79,0
DA:94,1
DA:95,1
DA:96,1
DA:98,1
DA:100,0
DA:102,0
DA:104,0
DA:105,0
DA:106,0
DA:108,0
DA:112,0
DA:113,0
DA:114,0
DA:118,0
DA:119,0
DA:120,0
DA:122,0
DA:134,0
DA:136,0
DA:137,0
DA:138,0
DA:139,0
DA:141,0
DA:142,0
DA:155,0
DA:157,0
DA:158,0
DA:159,0
DA:160,0
DA:162,0
DA:163,0
DA:175,0
DA:177,0
DA:178,0
DA:179,0
DA:180,0
DA:181,0
DA:182,0
DA:186,0
DA:187,0
DA:188,0
DA:204,0
DA:205,0
DA:206,0
DA:208,0
DA:212,0
DA:213,0
DA:214,0
DA:216,0
DA:217,0
DA:219,0
DA:222,0
DA:223,0
DA:224,0
DA:225,0
DA:227,0
DA:231,0
DA:233,0
DA:234,0
DA:235,0
DA:242,0
DA:243,0
DA:255,0
DA:256,0
DA:260,0
DA:261,0
DA:263,0
DA:264,0
DA:276,0
DA:285,0
DA:294,1
DA:297,1
DA:300,1
DA:302,1
DA:304,1
DA:305,1
DA:306,0
DA:308,1
DA:312,1
LF:101
LH:25
BRDA:52,0,0,1
BRDA:52,0,1,0
BRDA:56,1,0,0
BRDA:56,2,0,1
BRDA:56,2,1,1
BRDA:62,3,0,1
BRDA:62,3,1,0
BRDA:62,4,0,1
BRDA:62,4,1,1
BRDA:72,5,0,0
BRDA:72,6,0,0
BRDA:72,6,1,0
BRDA:95,7,0,1
BRDA:95,7,1,0
BRDA:100,8,0,0
BRDA:100,9,0,0
BRDA:100,9,1,0
BRDA:102,10,0,0
BRDA:102,11,0,0
BRDA:102,11,1,0
BRDA:104,12,0,0
BRDA:112,13,0,0
BRDA:112,13,1,0
BRDA:119,14,0,0
BRDA:119,15,0,0
BRDA:119,15,1,0
BRDA:134,16,0,0
BRDA:134,16,1,0
BRDA:138,17,0,0
BRDA:138,17,1,0
BRDA:155,18,0,0
BRDA:155,18,1,0
BRDA:159,19,0,0
BRDA:159,19,1,0
BRDA:175,20,0,0
BRDA:175,20,1,0
BRDA:179,21,0,0
BRDA:179,22,0,0
BRDA:179,22,1,0
BRDA:186,23,0,0
BRDA:186,23,1,0
BRDA:205,24,0,0
BRDA:222,25,0,0
BRDA:234,26,0,0
BRDA:260,27,0,0
BRDA:260,27,1,0
BRDA:294,28,0,0
BRDA:294,29,0,1
BRDA:294,29,1,1
BRDA:297,30,0,0
BRDA:297,30,1,1
BRDA:302,31,0,0
BRDA:302,32,0,1
BRDA:302,32,1,1
BRDA:305,33,0,0
BRDA:305,33,1,1
BRDA:305,34,0,1
BRDA:305,34,1,1
BRF:58
BRH:15
end_of_record
TN:
SF:src\gun\utils.ts
FN:6,(anonymous_0)
FN:11,(anonymous_1)
FN:19,(anonymous_2)
FN:27,(anonymous_3)
FN:42,(anonymous_4)
FN:46,(anonymous_5)
FN:47,(anonymous_6)
FN:48,(anonymous_7)
FN:49,(anonymous_8)
FN:56,(anonymous_9)
FN:60,(anonymous_10)
FNF:11
FNH:0
FNDA:0,(anonymous_0)
FNDA:0,(anonymous_1)
FNDA:0,(anonymous_2)
FNDA:0,(anonymous_3)
FNDA:0,(anonymous_4)
FNDA:0,(anonymous_5)
FNDA:0,(anonymous_6)
FNDA:0,(anonymous_7)
FNDA:0,(anonymous_8)
FNDA:0,(anonymous_9)
FNDA:0,(anonymous_10)
DA:1,2
DA:6,2
DA:11,2
DA:12,0
DA:13,0
DA:19,2
DA:20,0
DA:21,0
DA:27,2
DA:37,0
DA:42,2
DA:43,0
DA:44,0
DA:45,0
DA:46,0
DA:47,0
DA:48,0
DA:49,0
DA:56,2
DA:60,0
DA:61,0
DA:62,0
LF:22
LH:7
BRDA:13,0,0,0
BRDA:13,0,1,0
BRDA:21,1,0,0
BRDA:21,1,1,0
BRDA:44,2,0,0
BRDA:48,3,0,0
BRDA:48,3,1,0
BRDA:48,3,2,0
BRDA:58,4,0,0
BRDA:62,5,0,0
BRDA:62,5,1,0
BRF:11
BRH:0
end_of_record
TN:
SF:src\plugins\stealth\stealth.ts
FN:40,(anonymous_1)
FN:48,(anonymous_2)
FN:63,(anonymous_3)
FN:82,(anonymous_4)
FN:159,(anonymous_5)
FN:180,(anonymous_6)
FN:212,(anonymous_7)
FN:240,(anonymous_8)
FN:255,(anonymous_9)
FN:259,(anonymous_10)
FN:286,(anonymous_11)
FN:353,(anonymous_12)
FN:376,(anonymous_13)
FN:403,(anonymous_14)
FN:449,(anonymous_15)
FN:453,(anonymous_16)
FN:513,(anonymous_17)
FN:531,(anonymous_18)
FN:535,(anonymous_19)
FN:537,(anonymous_20)
FN:541,(anonymous_21)
FN:564,(anonymous_22)
FN:570,(anonymous_23)
FN:593,(anonymous_24)
FN:602,(anonymous_25)
FN:620,(anonymous_26)
FN:628,(anonymous_27)
FN:670,(anonymous_28)
FN:708,(anonymous_29)
FN:753,(anonymous_30)
FN:773,(anonymous_31)
FN:784,(anonymous_32)
FN:815,(anonymous_33)
FN:837,(anonymous_34)
FN:850,(anonymous_35)
FN:861,(anonymous_36)
FNF:36
FNH:18
FNDA:24,(anonymous_1)
FNDA:41,(anonymous_2)
FNDA:25,(anonymous_3)
FNDA:14,(anonymous_4)
FNDA:12,(anonymous_5)
FNDA:1,(anonymous_6)
FNDA:1,(anonymous_7)
FNDA:2,(anonymous_8)
FNDA:0,(anonymous_9)
FNDA:0,(anonymous_10)
FNDA:0,(anonymous_11)
FNDA:0,(anonymous_12)
FNDA:0,(anonymous_13)
FNDA:0,(anonymous_14)
FNDA:0,(anonymous_15)
FNDA:0,(anonymous_16)
FNDA:0,(anonymous_17)
FNDA:0,(anonymous_18)
FNDA:0,(anonymous_19)
FNDA:0,(anonymous_20)
FNDA:0,(anonymous_21)
FNDA:0,(anonymous_22)
FNDA:0,(anonymous_23)
FNDA:0,(anonymous_24)
FNDA:4,(anonymous_25)
FNDA:1,(anonymous_26)
FNDA:2,(anonymous_27)
FNDA:1,(anonymous_28)
FNDA:2,(anonymous_29)
FNDA:1,(anonymous_30)
FNDA:0,(anonymous_31)
FNDA:0,(anonymous_32)
FNDA:1,(anonymous_33)
FNDA:1,(anonymous_34)
FNDA:1,(anonymous_35)
FNDA:2,(anonymous_36)
DA:4,1
DA:5,1
DA:6,1
DA:14,1
DA:15,1
DA:34,24
DA:35,24
DA:37,24
DA:38,24
DA:41,24
DA:42,24
DA:49,41
DA:56,41
DA:57,41
DA:64,25
DA:65,25
DA:66,25
DA:67,25
DA:72,25
DA:74,0
DA:75,0
DA:83,14
DA:85,14
DA:86,1
DA:87,1
DA:91,13
DA:96,13
DA:97,34
DA:98,4
DA:99,4
DA:104,9
DA:108,1
DA:109,1
DA:112,8
DA:113,2
DA:114,2
DA:118,5
DA:124,5
DA:125,17
DA:129,1
DA:133,1
DA:138,3
DA:139,1
DA:140,1
DA:143,2
DA:144,1
DA:145,1
DA:148,1
DA:149,1
DA:151,2
DA:152,2
DA:160,12
DA:161,3
DA:164,9
DA:166,9
DA:167,2
DA:170,7
DA:171,3
DA:174,4
DA:181,1
DA:183,1
DA:185,1
DA:192,0
DA:195,1
DA:202,0
DA:204,0
DA:216,1
DA:217,1
DA:219,1
DA:220,0
DA:223,1
DA:228,0
DA:230,0
DA:244,2
DA:245,2
DA:246,2
DA:252,2
DA:255,0
DA:259,0
DA:260,0
DA:263,0
DA:266,0
DA:273,0
DA:278,0
DA:283,0
DA:287,0
DA:290,0
DA:295,0
DA:297,0
DA:300,0
DA:302,0
DA:309,0
DA:310,0
DA:317,0
DA:321,0
DA:323,0
DA:324,0
DA:327,0
DA:333,0
DA:337,0
DA:344,0
DA:351,0
DA:353,0
DA:354,0
DA:355,0
DA:361,0
DA:362,0
DA:364,0
DA:370,0
DA:371,0
DA:376,0
DA:377,0
DA:378,0
DA:384,0
DA:386,0
DA:392,0
DA:393,0
DA:408,0
DA:411,0
DA:413,0
DA:414,0
DA:416,0
DA:420,0
DA:421,0
DA:422,0
DA:425,0
DA:426,0
DA:427,0
DA:430,0
DA:434,0
DA:435,0
DA:437,0
DA:439,0
DA:444,0
DA:449,0
DA:450,0
DA:454,0
DA:455,0
DA:456,0
DA:459,0
DA:460,0
DA:463,0
DA:466,0
DA:470,0
DA:474,0
DA:477,0
DA:482,0
DA:484,0
DA:486,0
DA:492,0
DA:494,0
DA:497,0
DA:498,0
DA:500,0
DA:502,0
DA:518,0
DA:519,0
DA:525,0
DA:531,0
DA:533,0
DA:536,0
DA:537,0
DA:538,0
DA:542,0
DA:543,0
DA:544,0
DA:546,0
DA:547,0
DA:551,0
DA:553,0
DA:555,0
DA:564,0
DA:565,0
DA:566,0
DA:570,0
DA:571,0
DA:572,0
DA:577,0
DA:578,0
DA:579,0
DA:580,0
DA:583,0
DA:586,0
DA:595,0
DA:605,4
DA:611,3
DA:614,1
DA:621,1
DA:622,1
DA:629,2
DA:630,2
DA:631,1
DA:635,1
DA:642,1
DA:643,1
DA:653,1
DA:654,1
DA:655,1
DA:656,1
DA:657,1
DA:659,1
DA:660,1
DA:674,1
DA:675,1
DA:677,1
DA:678,2
DA:679,2
DA:683,2
DA:684,1
DA:687,0
DA:695,1
DA:697,0
DA:698,0
DA:712,2
DA:714,2
DA:715,0
DA:718,2
DA:719,0
DA:723,2
DA:728,2
DA:729,1
DA:733,1
DA:734,1
DA:736,1
DA:737,1
DA:739,0
DA:742,0
DA:743,0
DA:757,1
DA:759,1
DA:760,0
DA:763,1
DA:764,0
DA:768,1
DA:769,1
DA:773,0
DA:775,0
DA:781,0
DA:785,0
DA:786,0
DA:787,0
DA:790,0
DA:792,0
DA:795,0
DA:797,0
DA:807,0
DA:808,0
DA:817,1
DA:818,1
DA:819,1
DA:820,1
DA:822,1
DA:844,1
DA:855,1
DA:866,2
DA:867,1
DA:873,1
DA:881,1
DA:883,1
DA:886,1
DA:887,1
DA:888,0
DA:889,0
DA:892,1
LF:264
LH:125
BRDA:42,0,0,24
BRDA:42,0,1,0
BRDA:85,1,0,1
BRDA:85,2,0,14
BRDA:85,2,1,13
BRDA:97,3,0,4
BRDA:104,4,0,1
BRDA:105,5,0,9
BRDA:105,5,1,9
BRDA:112,6,0,2
BRDA:112,7,0,8
BRDA:112,7,1,6
BRDA:125,8,0,1
BRDA:126,9,0,17
BRDA:126,9,1,15
BRDA:138,10,0,1
BRDA:138,11,0,3
BRDA:138,11,1,3
BRDA:143,12,0,1
BRDA:143,13,0,2
BRDA:143,13,1,2
BRDA:160,14,0,3
BRDA:166,15,0,2
BRDA:170,16,0,3
BRDA:174,17,0,2
BRDA:174,17,1,2
BRDA:185,18,0,0
BRDA:186,19,0,1
BRDA:186,19,1,1
BRDA:186,19,2,1
BRDA:186,19,3,1
BRDA:186,19,4,1
BRDA:219,20,0,0
BRDA:219,21,0,1
BRDA:219,21,1,1
BRDA:219,21,2,1
BRDA:244,22,0,2
BRDA:321,23,0,0
BRDA:321,23,1,0
BRDA:323,24,0,0
BRDA:334,25,0,0
BRDA:334,25,1,0
BRDA:340,26,0,0
BRDA:340,26,1,0
BRDA:351,27,0,0
BRDA:351,27,1,0
BRDA:413,28,0,0
BRDA:413,28,1,0
BRDA:421,29,0,0
BRDA:425,30,0,0
BRDA:434,31,0,0
BRDA:434,32,0,0
BRDA:434,32,1,0
BRDA:437,33,0,0
BRDA:454,34,0,0
BRDA:466,35,0,0
BRDA:518,36,0,0
BRDA:518,37,0,0
BRDA:518,37,1,0
BRDA:543,38,0,0
BRDA:547,39,0,0
BRDA:570,40,0,0
BRDA:571,41,0,0
BRDA:578,42,0,0
BRDA:605,43,0,3
BRDA:606,44,0,4
BRDA:606,44,1,3
BRDA:606,44,2,2
BRDA:606,44,3,1
BRDA:630,45,0,1
BRDA:642,46,0,1
BRDA:653,47,0,1
BRDA:653,47,1,0
BRDA:683,48,0,1
BRDA:689,49,0,0
BRDA:689,49,1,0
BRDA:714,50,0,0
BRDA:714,51,0,2
BRDA:714,51,1,2
BRDA:718,52,0,0
BRDA:728,53,0,1
BRDA:759,54,0,0
BRDA:759,55,0,1
BRDA:759,55,1,1
BRDA:763,56,0,0
BRDA:768,57,0,1
BRDA:785,58,0,0
BRDA:799,59,0,0
BRDA:799,59,1,0
BRDA:866,60,0,1
BRDA:866,61,0,2
BRDA:866,61,1,1
BRDA:868,62,0,1
BRDA:868,62,1,1
BRDA:869,63,0,1
BRDA:869,63,1,1
BRDA:886,64,0,1
BRDA:886,64,1,0
BRDA:888,65,0,0
BRF:99
BRH:57
end_of_record
TN:
SF:src\plugins\wallet\walletManager.ts
FN:51,(anonymous_1)
FN:76,(anonymous_2)
FN:99,(anonymous_3)
FN:130,(anonymous_4)
FN:140,(anonymous_5)
FN:156,(anonymous_6)
FN:167,(anonymous_7)
FN:168,(anonymous_8)
FN:180,(anonymous_9)
FN:201,(anonymous_10)
FN:207,(anonymous_11)
FN:214,(anonymous_12)
FN:222,(anonymous_13)
FN:232,(anonymous_14)
FN:281,(anonymous_15)
FN:290,(anonymous_16)
FN:302,(anonymous_17)
FN:315,(anonymous_18)
FN:335,(anonymous_19)
FN:361,(anonymous_20)
FN:391,(anonymous_21)
FN:420,(anonymous_22)
FN:427,(anonymous_23)
FN:462,(anonymous_24)
FN:473,(anonymous_25)
FN:487,(anonymous_26)
FN:548,(anonymous_27)
FN:575,(anonymous_28)
FN:608,(anonymous_29)
FN:613,(anonymous_30)
FN:614,(anonymous_31)
FN:656,(anonymous_32)
FN:688,(anonymous_33)
FN:753,(anonymous_34)
FN:763,(anonymous_35)
FN:819,(anonymous_36)
FN:847,(anonymous_37)
FN:882,(anonymous_38)
FN:887,(anonymous_39)
FN:893,(anonymous_40)
FN:945,(anonymous_41)
FN:974,(anonymous_42)
FN:989,(anonymous_43)
FN:996,(anonymous_44)
FN:1039,(anonymous_45)
FN:1051,(anonymous_46)
FN:1082,(anonymous_47)
FN:1100,(anonymous_48)
FN:1131,(anonymous_49)
FN:1170,(anonymous_50)
FN:1186,(anonymous_51)
FN:1235,(anonymous_52)
FN:1344,(anonymous_53)
FN:1632,(anonymous_54)
FN:1695,(anonymous_55)
FN:1915,(anonymous_56)
FN:1928,(anonymous_57)
FN:1937,(anonymous_58)
FN:1944,(anonymous_59)
FN:1979,(anonymous_60)
FN:2050,(anonymous_61)
FN:2060,(anonymous_62)
FN:2093,(anonymous_63)
FN:2128,(anonymous_64)
FN:2174,(anonymous_65)
FN:2182,(anonymous_66)
FN:2199,(anonymous_67)
FN:2208,(anonymous_68)
FN:2222,(anonymous_69)
FN:2229,(anonymous_70)
FNF:70
FNH:22
FNDA:29,(anonymous_1)
FNDA:29,(anonymous_2)
FNDA:0,(anonymous_3)
FNDA:29,(anonymous_4)
FNDA:5,(anonymous_5)
FNDA:0,(anonymous_6)
FNDA:0,(anonymous_7)
FNDA:0,(anonymous_8)
FNDA:0,(anonymous_9)
FNDA:29,(anonymous_10)
FNDA:0,(anonymous_11)
FNDA:28,(anonymous_12)
FNDA:0,(anonymous_13)
FNDA:0,(anonymous_14)
FNDA:1,(anonymous_15)
FNDA:2,(anonymous_16)
FNDA:29,(anonymous_17)
FNDA:0,(anonymous_18)
FNDA:0,(anonymous_19)
FNDA:2,(anonymous_20)
FNDA:0,(anonymous_21)
FNDA:1,(anonymous_22)
FNDA:1,(anonymous_23)
FNDA:32,(anonymous_24)
FNDA:0,(anonymous_25)
FNDA:1,(anonymous_26)
FNDA:0,(anonymous_27)
FNDA:0,(anonymous_28)
FNDA:2,(anonymous_29)
FNDA:2,(anonymous_30)
FNDA:2,(anonymous_31)
FNDA:1,(anonymous_32)
FNDA:0,(anonymous_33)
FNDA:0,(anonymous_34)
FNDA:0,(anonymous_35)
FNDA:0,(anonymous_36)
FNDA:1,(anonymous_37)
FNDA:0,(anonymous_38)
FNDA:0,(anonymous_39)
FNDA:0,(anonymous_40)
FNDA:0,(anonymous_41)
FNDA:1,(anonymous_42)
FNDA:0,(anonymous_43)
FNDA:0,(anonymous_44)
FNDA:0,(anonymous_45)
FNDA:0,(anonymous_46)
FNDA:0,(anonymous_47)
FNDA:0,(anonymous_48)
FNDA:0,(anonymous_49)
FNDA:0,(anonymous_50)
FNDA:0,(anonymous_51)
FNDA:0,(anonymous_52)
FNDA:0,(anonymous_53)
FNDA:0,(anonymous_54)
FNDA:0,(anonymous_55)
FNDA:0,(anonymous_56)
FNDA:0,(anonymous_57)
FNDA:0,(anonymous_58)
FNDA:0,(anonymous_59)
FNDA:0,(anonymous_60)
FNDA:0,(anonymous_61)
FNDA:0,(anonymous_62)
FNDA:0,(anonymous_63)
FNDA:0,(anonymous_64)
FNDA:1,(anonymous_65)
FNDA:1,(anonymous_66)
FNDA:0,(anonymous_67)
FNDA:0,(anonymous_68)
FNDA:0,(anonymous_69)
FNDA:0,(anonymous_70)
DA:1,3
DA:4,3
DA:5,3
DA:6,3
DA:7,3
DA:30,3
DA:33,29
DA:36,29
DA:37,29
DA:38,29
DA:43,29
DA:56,29
DA:57,29
DA:58,29
DA:59,29
DA:68,29
DA:69,29
DA:77,29
DA:79,29
DA:82,29
DA:84,29
DA:88,0
DA:89,0
DA:100,0
DA:102,0
DA:105,0
DA:108,0
DA:111,0
DA:112,0
DA:113,0
DA:115,0
DA:118,0
DA:120,0
DA:131,29
DA:132,29
DA:134,29
DA:135,5
DA:136,5
DA:137,5
DA:140,5
DA:141,5
DA:142,5
DA:143,5
DA:147,0
DA:158,0
DA:159,0
DA:160,0
DA:161,0
DA:164,0
DA:167,0
DA:168,0
DA:169,0
DA:170,0
DA:171,0
DA:172,0
DA:175,0
DA:180,0
DA:181,0
DA:182,0
DA:183,0
DA:184,0
DA:188,0
DA:193,0
DA:203,29
DA:204,29
DA:207,0
DA:208,0
DA:209,0
DA:215,28
DA:216,0
DA:217,0
DA:221,28
DA:222,28
DA:223,28
DA:224,214936
DA:225,214936
DA:233,0
DA:236,0
DA:237,0
DA:238,0
DA:240,0
DA:241,0
DA:243,0
DA:244,0
DA:247,0
DA:254,0
DA:255,0
DA:258,0
DA:265,0
DA:268,0
DA:269,0
DA:272,0
DA:282,1
DA:283,1
DA:291,2
DA:292,0
DA:294,2
DA:303,29
DA:304,29
DA:305,29
DA:306,29
DA:308,0
DA:316,0
DA:317,0
DA:318,0
DA:319,0
DA:320,0
DA:324,0
DA:339,0
DA:340,0
DA:341,0
DA:346,0
DA:347,0
DA:350,0
DA:352,0
DA:353,0
DA:363,2
DA:365,2
DA:366,2
DA:370,0
DA:371,0
DA:372,0
DA:376,0
DA:378,0
DA:380,0
DA:392,0
DA:393,0
DA:395,0
DA:396,0
DA:398,0
DA:401,0
DA:406,0
DA:407,0
DA:410,0
DA:412,0
DA:413,0
DA:421,1
DA:423,1
DA:424,1
DA:427,1
DA:429,1
DA:430,1
DA:431,1
DA:432,26
DA:433,26
DA:435,1
DA:436,1
DA:437,1
DA:438,1
DA:441,1
DA:442,1
DA:443,4
DA:445,1
DA:446,4
DA:449,1
DA:450,24
DA:452,1
DA:456,1
DA:460,1
DA:462,32
DA:465,1
DA:467,0
DA:471,0
DA:474,0
DA:480,0
DA:488,1
DA:489,1
DA:490,1
DA:491,1
DA:492,0
DA:493,0
DA:497,1
DA:498,0
DA:509,0
DA:510,0
DA:514,0
DA:515,0
DA:516,0
DA:517,0
DA:518,0
DA:521,0
DA:525,1
DA:526,1
DA:527,1
DA:530,1
DA:533,1
DA:534,1
DA:536,1
DA:538,0
DA:539,0
DA:549,0
DA:550,0
DA:551,0
DA:553,0
DA:554,0
DA:557,0
DA:558,0
DA:559,0
DA:560,0
DA:563,0
DA:565,0
DA:566,0
DA:578,0
DA:580,0
DA:581,0
DA:585,0
DA:587,0
DA:588,0
DA:590,0
DA:591,0
DA:594,0
DA:595,0
DA:596,0
DA:597,0
DA:600,0
DA:601,0
DA:609,2
DA:611,2
DA:612,2
DA:613,2
DA:614,2
DA:615,2
DA:619,2
DA:620,2
DA:621,2
DA:622,2
DA:627,0
DA:628,0
DA:630,0
DA:631,0
DA:632,0
DA:636,0
DA:637,0
DA:641,0
DA:642,0
DA:643,0
DA:646,0
DA:648,0
DA:649,0
DA:657,1
DA:659,1
DA:660,1
DA:662,1
DA:667,1
DA:668,1
DA:671,0
DA:672,0
DA:676,0
DA:679,0
DA:680,0
DA:681,0
DA:683,0
DA:684,0
DA:689,0
DA:691,0
DA:692,0
DA:693,0
DA:697,0
DA:698,0
DA:701,0
DA:704,0
DA:705,0
DA:706,0
DA:708,0
DA:709,0
DA:710,0
DA:712,0
DA:718,0
DA:722,0
DA:723,0
DA:724,0
DA:726,0
DA:732,0
DA:733,0
DA:735,0
DA:737,0
DA:738,0
DA:742,0
DA:744,0
DA:745,0
DA:749,0
DA:753,0
DA:756,0
DA:757,0
DA:764,0
DA:765,0
DA:768,0
DA:769,0
DA:770,0
DA:773,0
DA:775,0
DA:778,0
DA:782,0
DA:786,0
DA:787,0
DA:789,0
DA:790,0
DA:791,0
DA:794,0
DA:795,0
DA:798,0
DA:799,0
DA:801,0
DA:805,0
DA:809,0
DA:810,0
DA:814,0
DA:819,0
DA:822,0
DA:828,0
DA:829,0
DA:832,0
DA:834,0
DA:836,0
DA:848,1
DA:849,1
DA:850,1
DA:851,1
DA:853,1
DA:854,0
DA:857,1
DA:858,1
DA:859,0
DA:861,0
DA:866,0
DA:872,0
DA:874,1
DA:875,1
DA:883,0
DA:884,0
DA:888,0
DA:889,0
DA:890,0
DA:899,0
DA:900,0
DA:901,0
DA:904,0
DA:907,0
DA:922,0
DA:923,0
DA:927,0
DA:928,0
DA:931,0
DA:934,0
DA:940,0
DA:942,0
DA:945,0
DA:946,0
DA:950,0
DA:951,0
DA:952,0
DA:953,0
DA:957,0
DA:959,0
DA:961,0
DA:967,0
DA:978,1
DA:979,1
DA:981,0
DA:982,0
DA:990,0
DA:1002,0
DA:1003,0
DA:1008,0
DA:1011,0
DA:1012,0
DA:1015,0
DA:1017,0
DA:1026,0
DA:1027,0
DA:1028,0
DA:1030,0
DA:1031,0
DA:1040,0
DA:1041,0
DA:1052,0
DA:1054,0
DA:1058,0
DA:1059,0
DA:1060,0
DA:1064,0
DA:1065,0
DA:1068,0
DA:1070,0
DA:1071,0
DA:1083,0
DA:1085,0
DA:1089,0
DA:1090,0
DA:1094,0
DA:1095,0
DA:1096,0
DA:1100,0
DA:1101,0
DA:1102,0
DA:1110,0
DA:1113,0
DA:1114,0
DA:1117,0
DA:1119,0
DA:1120,0
DA:1132,0
DA:1134,0
DA:1139,0
DA:1140,0
DA:1143,0
DA:1145,0
DA:1147,0
DA:1148,0
DA:1151,0
DA:1154,0
DA:1155,0
DA:1158,0
DA:1160,0
DA:1161,0
DA:1171,0
DA:1172,0
DA:1175,0
DA:1177,0
DA:1178,0
DA:1179,0
DA:1181,0
DA:1182,0
DA:1186,0
DA:1188,0
DA:1189,0
DA:1199,0
DA:1213,0
DA:1218,0
DA:1224,0
DA:1225,0
DA:1239,0
DA:1240,0
DA:1243,0
DA:1244,0
DA:1245,0
DA:1248,0
DA:1253,0
DA:1255,0
DA:1256,0
DA:1259,0
DA:1260,0
DA:1262,0
DA:1265,0
DA:1270,0
DA:1272,0
DA:1274,0
DA:1278,0
DA:1281,0
DA:1282,0
DA:1287,0
DA:1292,0
DA:1294,0
DA:1295,0
DA:1297,0
DA:1305,0
DA:1306,0
DA:1307,0
DA:1308,0
DA:1310,0
DA:1318,0
DA:1321,0
DA:1322,0
DA:1325,0
DA:1328,0
DA:1329,0
DA:1331,0
DA:1333,0
DA:1334,0
DA:1348,0
DA:1349,0
DA:1352,0
DA:1355,0
DA:1356,0
DA:1360,0
DA:1364,0
DA:1365,0
DA:1368,0
DA:1370,0
DA:1371,0
DA:1374,0
DA:1375,0
DA:1376,0
DA:1381,0
DA:1382,0
DA:1386,0
DA:1387,0
DA:1388,0
DA:1391,0
DA:1400,0
DA:1404,0
DA:1408,0
DA:1411,0
DA:1417,0
DA:1418,0
DA:1423,0
DA:1428,0
DA:1431,0
DA:1432,0
DA:1434,0
DA:1435,0
DA:1436,0
DA:1439,0
DA:1442,0
DA:1446,0
DA:1450,0
DA:1456,0
DA:1457,0
DA:1458,0
DA:1463,0
DA:1467,0
DA:1468,0
DA:1471,0
DA:1472,0
DA:1473,0
DA:1477,0
DA:1481,0
DA:1486,0
DA:1489,0
DA:1492,0
DA:1496,0
DA:1500,0
DA:1502,0
DA:1503,0
DA:1504,0
DA:1508,0
DA:1512,0
DA:1516,0
DA:1518,0
DA:1519,0
DA:1523,0
DA:1524,0
DA:1530,0
DA:1531,0
DA:1536,0
DA:1537,0
DA:1538,0
DA:1541,0
DA:1546,0
DA:1549,0
DA:1550,0
DA:1551,0
DA:1555,0
DA:1556,0
DA:1559,0
DA:1563,0
DA:1566,0
DA:1567,0
DA:1570,0
DA:1574,0
DA:1580,0
DA:1586,0
DA:1589,0
DA:1591,0
DA:1595,0
DA:1601,0
DA:1609,0
DA:1610,0
DA:1614,0
DA:1616,0
DA:1619,0
DA:1621,0
DA:1622,0
DA:1633,0
DA:1637,0
DA:1638,0
DA:1641,0
DA:1646,0
DA:1648,0
DA:1649,0
DA:1652,0
DA:1655,0
DA:1658,0
DA:1662,0
DA:1663,0
DA:1667,0
DA:1668,0
DA:1669,0
DA:1670,0
DA:1675,0
DA:1676,0
DA:1678,0
DA:1683,0
DA:1684,0
DA:1709,0
DA:1710,0
DA:1711,0
DA:1715,0
DA:1718,0
DA:1719,0
DA:1723,0
DA:1727,0
DA:1728,0
DA:1733,0
DA:1734,0
DA:1737,0
DA:1738,0
DA:1739,0
DA:1742,0
DA:1743,0
DA:1747,0
DA:1748,0
DA:1749,0
DA:1755,0
DA:1756,0
DA:1757,0
DA:1759,0
DA:1763,0
DA:1766,0
DA:1767,0
DA:1768,0
DA:1771,0
DA:1774,0
DA:1778,0
DA:1779,0
DA:1785,0
DA:1786,0
DA:1787,0
DA:1789,0
DA:1793,0
DA:1798,0
DA:1799,0
DA:1808,0
DA:1811,0
DA:1812,0
DA:1813,0
DA:1814,0
DA:1815,0
DA:1816,0
DA:1818,0
DA:1822,0
DA:1825,0
DA:1831,0
DA:1836,0
DA:1837,0
DA:1841,0
DA:1844,0
DA:1845,0
DA:1849,0
DA:1853,0
DA:1856,0
DA:1859,0
DA:1860,0
DA:1865,0
DA:1870,0
DA:1871,0
DA:1874,0
DA:1875,0
DA:1876,0
DA:1877,0
DA:1879,0
DA:1883,0
DA:1886,0
DA:1889,0
DA:1890,0
DA:1895,0
DA:1903,0
DA:1904,0
DA:1906,0
DA:1907,0
DA:1916,0
DA:1917,0
DA:1919,0
DA:1920,0
DA:1929,0
DA:1931,0
DA:1938,0
DA:1939,0
DA:1941,0
DA:1944,0
DA:1957,0
DA:1958,0
DA:1962,0
DA:1969,0
DA:1971,0
DA:1972,0
DA:1983,0
DA:1986,0
DA:1987,0
DA:1989,0
DA:1993,0
DA:1997,0
DA:1998,0
DA:2000,0
DA:2003,0
DA:2006,0
DA:2007,0
DA:2008,0
DA:2009,0
DA:2010,0
DA:2011,0
DA:2014,0
DA:2015,0
DA:2019,0
DA:2024,0
DA:2026,0
DA:2027,0
DA:2032,0
DA:2034,0
DA:2040,0
DA:2042,0
DA:2043,0
DA:2052,0
DA:2061,0
DA:2065,0
DA:2066,0
DA:2067,0
DA:2071,0
DA:2072,0
DA:2074,0
DA:2080,0
DA:2081,0
DA:2084,0
DA:2094,0
DA:2095,0
DA:2096,0
DA:2097,0
DA:2098,0
DA:2101,0
DA:2102,0
DA:2105,0
DA:2106,0
DA:2110,0
DA:2111,0
DA:2116,0
DA:2119,0
DA:2120,0
DA:2129,0
DA:2130,0
DA:2131,0
DA:2134,0
DA:2135,0
DA:2136,0
DA:2137,0
DA:2144,0
DA:2145,0
DA:2148,0
DA:2149,0
DA:2153,0
DA:2154,0
DA:2159,0
DA:2162,0
DA:2166,0
DA:2175,1
DA:2183,1
DA:2184,1
DA:2185,1
DA:2188,1
DA:2190,0
DA:2191,0
DA:2200,0
DA:2201,0
DA:2209,0
DA:2210,0
DA:2212,0
DA:2213,0
DA:2223,0
DA:2224,0
DA:2225,0
DA:2229,0
DA:2232,0
DA:2236,0
LF:762
LH:119
BRDA:112,0,0,0
BRDA:112,0,1,0
BRDA:121,1,0,0
BRDA:121,1,1,0
BRDA:134,2,0,5
BRDA:141,3,0,5
BRDA:159,4,0,0
BRDA:169,5,0,0
BRDA:181,6,0,0
BRDA:181,7,0,0
BRDA:181,7,1,0
BRDA:183,8,0,0
BRDA:186,9,0,0
BRDA:186,9,1,0
BRDA:203,10,0,29
BRDA:208,11,0,0
BRDA:215,12,0,0
BRDA:221,13,0,28
BRDA:221,13,1,0
BRDA:240,14,0,0
BRDA:241,15,0,0
BRDA:241,15,1,0
BRDA:243,16,0,0
BRDA:243,17,0,0
BRDA:243,17,1,0
BRDA:254,18,0,0
BRDA:254,19,0,0
BRDA:254,19,1,0
BRDA:269,20,0,0
BRDA:291,21,0,0
BRDA:305,22,0,29
BRDA:346,23,0,0
BRDA:346,24,0,0
BRDA:346,24,1,0
BRDA:365,25,0,2
BRDA:371,26,0,0
BRDA:371,27,0,0
BRDA:371,27,1,0
BRDA:391,28,0,0
BRDA:489,29,0,1
BRDA:491,30,0,0
BRDA:491,31,0,1
BRDA:491,31,1,1
BRDA:497,32,0,0
BRDA:497,33,0,1
BRDA:497,33,1,1
BRDA:497,33,2,1
BRDA:497,33,3,1
BRDA:502,34,0,0
BRDA:502,34,1,0
BRDA:503,35,0,0
BRDA:503,35,1,0
BRDA:503,35,2,0
BRDA:504,36,0,0
BRDA:504,36,1,0
BRDA:504,36,2,0
BRDA:509,37,0,0
BRDA:509,38,0,0
BRDA:509,38,1,0
BRDA:551,39,0,0
BRDA:551,39,1,0
BRDA:551,40,0,0
BRDA:551,40,1,0
BRDA:551,40,2,0
BRDA:580,41,0,0
BRDA:588,42,0,0
BRDA:588,42,1,0
BRDA:588,43,0,0
BRDA:588,43,1,0
BRDA:588,43,2,0
BRDA:612,44,0,2
BRDA:612,45,0,2
BRDA:612,45,1,2
BRDA:615,46,0,2
BRDA:615,46,1,0
BRDA:619,47,0,2
BRDA:630,48,0,0
BRDA:641,49,0,0
BRDA:641,50,0,0
BRDA:641,50,1,0
BRDA:641,50,2,0
BRDA:660,51,0,1
BRDA:660,52,0,1
BRDA:660,52,1,1
BRDA:662,53,0,1
BRDA:663,54,0,1
BRDA:663,54,1,1
BRDA:663,54,2,1
BRDA:692,55,0,0
BRDA:705,56,0,0
BRDA:713,57,0,0
BRDA:713,57,1,0
BRDA:727,58,0,0
BRDA:727,58,1,0
BRDA:758,59,0,0
BRDA:758,59,1,0
BRDA:768,60,0,0
BRDA:787,61,0,0
BRDA:803,62,0,0
BRDA:803,62,1,0
BRDA:806,63,0,0
BRDA:806,63,1,0
BRDA:809,64,0,0
BRDA:817,65,0,0
BRDA:817,65,1,0
BRDA:828,66,0,0
BRDA:837,67,0,0
BRDA:837,67,1,0
BRDA:853,68,0,0
BRDA:853,69,0,1
BRDA:853,69,1,0
BRDA:897,70,0,0
BRDA:910,71,0,0
BRDA:910,71,1,0
BRDA:912,72,0,0
BRDA:912,72,1,0
BRDA:913,73,0,0
BRDA:913,73,1,0
BRDA:916,74,0,0
BRDA:916,74,1,0
BRDA:924,75,0,0
BRDA:924,75,1,0
BRDA:942,76,0,0
BRDA:1008,77,0,0
BRDA:1008,77,1,0
BRDA:1059,78,0,0
BRDA:1064,79,0,0
BRDA:1089,80,0,0
BRDA:1095,81,0,0
BRDA:1106,82,0,0
BRDA:1106,82,1,0
BRDA:1113,83,0,0
BRDA:1139,84,0,0
BRDA:1147,85,0,0
BRDA:1154,86,0,0
BRDA:1171,87,0,0
BRDA:1181,88,0,0
BRDA:1181,89,0,0
BRDA:1181,89,1,0
BRDA:1181,89,2,0
BRDA:1188,90,0,0
BRDA:1188,90,1,0
BRDA:1194,91,0,0
BRDA:1194,91,1,0
BRDA:1194,91,2,0
BRDA:1243,92,0,0
BRDA:1248,93,0,0
BRDA:1248,93,1,0
BRDA:1249,94,0,0
BRDA:1249,94,1,0
BRDA:1249,94,2,0
BRDA:1255,95,0,0
BRDA:1260,96,0,0
BRDA:1281,97,0,0
BRDA:1281,98,0,0
BRDA:1281,98,1,0
BRDA:1355,99,0,0
BRDA:1355,99,1,0
BRDA:1370,100,0,0
BRDA:1370,100,1,0
BRDA:1370,101,0,0
BRDA:1370,101,1,0
BRDA:1374,102,0,0
BRDA:1381,103,0,0
BRDA:1381,103,1,0
BRDA:1381,104,0,0
BRDA:1381,104,1,0
BRDA:1423,105,0,0
BRDA:1423,105,1,0
BRDA:1424,106,0,0
BRDA:1424,106,1,0
BRDA:1424,106,2,0
BRDA:1434,107,0,0
BRDA:1446,108,0,0
BRDA:1447,109,0,0
BRDA:1447,109,1,0
BRDA:1463,110,0,0
BRDA:1463,110,1,0
BRDA:1464,111,0,0
BRDA:1464,111,1,0
BRDA:1471,112,0,0
BRDA:1471,112,1,0
BRDA:1497,113,0,0
BRDA:1497,113,1,0
BRDA:1500,114,0,0
BRDA:1500,114,1,0
BRDA:1502,115,0,0
BRDA:1502,115,1,0
BRDA:1516,116,0,0
BRDA:1516,116,1,0
BRDA:1532,117,0,0
BRDA:1532,117,1,0
BRDA:1536,118,0,0
BRDA:1536,119,0,0
BRDA:1536,119,1,0
BRDA:1555,120,0,0
BRDA:1563,121,0,0
BRDA:1563,121,1,0
BRDA:1570,122,0,0
BRDA:1571,123,0,0
BRDA:1571,123,1,0
BRDA:1582,124,0,0
BRDA:1582,124,1,0
BRDA:1596,125,0,0
BRDA:1596,125,1,0
BRDA:1602,126,0,0
BRDA:1602,126,1,0
BRDA:1609,127,0,0
BRDA:1641,128,0,0
BRDA:1641,128,1,0
BRDA:1642,129,0,0
BRDA:1642,129,1,0
BRDA:1642,129,2,0
BRDA:1648,130,0,0
BRDA:1662,131,0,0
BRDA:1662,132,0,0
BRDA:1662,132,1,0
BRDA:1662,132,2,0
BRDA:1662,132,3,0
BRDA:1662,132,4,0
BRDA:1669,133,0,0
BRDA:1698,134,0,0
BRDA:1710,135,0,0
BRDA:1718,136,0,0
BRDA:1718,136,1,0
BRDA:1737,137,0,0
BRDA:1737,138,0,0
BRDA:1737,138,1,0
BRDA:1744,139,0,0
BRDA:1744,139,1,0
BRDA:1747,140,0,0
BRDA:1747,141,0,0
BRDA:1747,141,1,0
BRDA:1766,142,0,0
BRDA:1778,143,0,0
BRDA:1778,144,0,0
BRDA:1778,144,1,0
BRDA:1811,145,0,0
BRDA:1811,145,1,0
BRDA:1811,146,0,0
BRDA:1811,146,1,0
BRDA:1831,147,0,0
BRDA:1831,147,1,0
BRDA:1832,148,0,0
BRDA:1832,148,1,0
BRDA:1832,148,2,0
BRDA:1859,149,0,0
BRDA:1865,150,0,0
BRDA:1865,150,1,0
BRDA:1866,151,0,0
BRDA:1866,151,1,0
BRDA:1866,151,2,0
BRDA:1889,152,0,0
BRDA:1896,153,0,0
BRDA:1896,153,1,0
BRDA:1896,153,2,0
BRDA:1896,153,3,0
BRDA:1896,153,4,0
BRDA:1896,153,5,0
BRDA:1896,153,6,0
BRDA:1916,154,0,0
BRDA:1931,155,0,0
BRDA:1931,155,1,0
BRDA:1931,155,2,0
BRDA:1937,156,0,0
BRDA:1947,157,0,0
BRDA:1947,157,1,0
BRDA:1948,158,0,0
BRDA:1948,158,1,0
BRDA:1952,159,0,0
BRDA:1952,159,1,0
BRDA:1957,160,0,0
BRDA:1981,161,0,0
BRDA:1986,162,0,0
BRDA:1986,162,1,0
BRDA:1989,163,0,0
BRDA:1989,163,1,0
BRDA:1990,164,0,0
BRDA:1990,164,1,0
BRDA:1997,165,0,0
BRDA:2009,166,0,0
BRDA:2011,167,0,0
BRDA:2014,168,0,0
BRDA:2014,169,0,0
BRDA:2014,169,1,0
BRDA:2021,170,0,0
BRDA:2021,170,1,0
BRDA:2066,171,0,0
BRDA:2080,172,0,0
BRDA:2080,173,0,0
BRDA:2080,173,1,0
BRDA:2080,173,2,0
BRDA:2096,174,0,0
BRDA:2096,175,0,0
BRDA:2096,175,1,0
BRDA:2101,176,0,0
BRDA:2130,177,0,0
BRDA:2130,178,0,0
BRDA:2130,178,1,0
BRDA:2135,179,0,0
BRDA:2135,180,0,0
BRDA:2135,180,1,0
BRDA:2144,181,0,0
BRDA:2188,182,0,1
BRDA:2188,182,1,0
BRDA:2201,183,0,0
BRDA:2201,183,1,0
BRF:307
BRH:27
end_of_record
TN:
SF:src\storage\storage.ts
FN:14,(anonymous_0)
FN:46,(anonymous_1)
FN:54,(anonymous_2)
FN:62,(anonymous_3)
FN:80,(anonymous_4)
FN:100,(anonymous_5)
FN:110,(anonymous_6)
FN:146,(anonymous_7)
FNF:8
FNH:5
FNDA:36,(anonymous_0)
FNDA:0,(anonymous_1)
FNDA:0,(anonymous_2)
FNDA:0,(anonymous_3)
FNDA:1,(anonymous_4)
FNDA:7,(anonymous_5)
FNDA:7,(anonymous_6)
FNDA:1,(anonymous_7)
DA:6,5
DA:15,36
DA:17,36
DA:18,36
DA:21,36
DA:22,0
DA:24,0
DA:25,0
DA:26,0
DA:29,0
DA:30,0
DA:31,0
DA:34,0
DA:35,0
DA:36,0
DA:47,0
DA:55,0
DA:63,0
DA:66,0
DA:67,0
DA:68,0
DA:70,0
DA:71,0
DA:81,1
DA:84,1
DA:85,0
DA:86,0
DA:88,0
DA:89,0
DA:101,7
DA:102,7
DA:111,7
DA:112,7
DA:113,6
DA:116,6
DA:117,0
DA:118,0
DA:120,0
DA:121,0
DA:127,1
DA:130,1
DA:131,0
DA:132,0
DA:134,0
DA:135,0
DA:147,1
DA:150,1
DA:151,0
DA:152,0
DA:154,0
DA:155,0
LF:51
LH:17
BRDA:21,0,0,0
BRDA:21,1,0,36
BRDA:21,1,1,36
BRDA:30,2,0,0
BRDA:35,3,0,0
BRDA:55,4,0,0
BRDA:55,4,1,0
BRDA:66,5,0,0
BRDA:70,6,0,0
BRDA:84,7,0,0
BRDA:88,8,0,0
BRDA:102,9,0,4
BRDA:102,9,1,3
BRDA:116,10,0,0
BRDA:120,11,0,0
BRDA:130,12,0,0
BRDA:134,13,0,0
BRDA:150,14,0,0
BRDA:154,15,0,0
BRF:19
BRH:4
end_of_record
TN:
SF:src\types\wallet.ts
FN:75,(anonymous_0)
FNF:1
FNH:1
FNDA:3,(anonymous_0)
DA:75,3
DA:76,3
DA:77,3
DA:78,3
DA:79,3
DA:80,3
DA:81,3
LF:7
LH:7
BRDA:75,0,0,3
BRDA:75,0,1,3
BRF:2
BRH:2
end_of_record
TN:
SF:src\utils\errorHandler.ts
FN:7,(anonymous_0)
FN:48,createError
FN:93,handleError
FN:144,(anonymous_3)
FN:167,(anonymous_4)
FN:209,(anonymous_5)
FN:217,(anonymous_6)
FN:225,(anonymous_7)
FN:236,(anonymous_8)
FN:251,(anonymous_9)
FN:278,(anonymous_10)
FN:298,(anonymous_11)
FNF:12
FNH:7
FNDA:4,(anonymous_0)
FNDA:2,createError
FNDA:6,handleError
FNDA:2,(anonymous_3)
FNDA:2,(anonymous_4)
FNDA:0,(anonymous_5)
FNDA:0,(anonymous_6)
FNDA:0,(anonymous_7)
FNDA:2,(anonymous_8)
FNDA:2,(anonymous_9)
FNDA:0,(anonymous_10)
FNDA:0,(anonymous_11)
DA:1,4
DA:7,4
DA:8,4
DA:9,4
DA:10,4
DA:11,4
DA:12,4
DA:13,4
DA:14,4
DA:15,4
DA:16,4
DA:17,4
DA:18,4
DA:19,4
DA:20,4
DA:21,4
DA:22,4
DA:23,4
DA:24,4
DA:25,4
DA:26,4
DA:48,4
DA:54,2
DA:93,4
DA:103,6
DA:106,6
DA:107,4
DA:111,6
DA:112,1
DA:116,5
DA:117,1
DA:118,1
DA:120,0
DA:125,4
DA:135,4
DA:136,4
DA:137,4
DA:138,4
DA:146,2
DA:149,2
DA:152,2
DA:153,0
DA:157,2
DA:175,2
DA:180,2
DA:182,0
DA:183,0
DA:185,0
DA:186,0
DA:188,0
DA:189,0
DA:192,2
DA:193,2
DA:194,2
DA:196,2
DA:199,2
DA:200,2
DA:201,2
DA:210,0
DA:218,0
DA:226,0
DA:227,0
DA:228,0
DA:237,2
DA:238,0
DA:239,0
DA:241,0
DA:252,2
DA:253,0
DA:256,2
DA:257,2
DA:260,0
DA:261,0
DA:264,0
DA:265,0
DA:266,0
DA:268,0
DA:272,0
DA:287,0
DA:288,0
DA:289,0
DA:291,0
DA:292,0
DA:294,0
DA:295,0
DA:298,0
DA:304,0
LF:87
LH:54
BRDA:7,0,0,4
BRDA:7,0,1,4
BRDA:95,1,0,0
BRDA:99,2,0,4
BRDA:99,3,0,2
BRDA:99,3,1,2
BRDA:100,4,0,0
BRDA:101,5,0,3
BRDA:106,6,0,4
BRDA:111,7,0,1
BRDA:116,8,0,1
BRDA:117,9,0,1
BRDA:117,9,1,0
BRDA:152,10,0,0
BRDA:172,11,0,2
BRDA:175,12,0,2
BRDA:175,12,1,0
BRDA:180,13,0,0
BRDA:180,13,1,0
BRDA:180,13,2,0
BRDA:180,13,3,2
BRDA:180,13,4,2
BRDA:193,14,0,2
BRDA:193,15,0,2
BRDA:193,15,1,2
BRDA:194,16,0,2
BRDA:194,16,1,0
BRDA:209,17,0,0
BRDA:227,18,0,0
BRDA:252,19,0,0
BRDA:256,20,0,2
BRDA:260,21,0,0
BRDA:264,22,0,0
BRDA:282,23,0,0
BRDA:283,24,0,0
BRDA:294,25,0,0
BRF:36
BRH:19
end_of_record
TN:
SF:src\utils\eventEmitter.ts
FN:26,(anonymous_0)
FN:33,(anonymous_1)
FN:43,(anonymous_2)
FN:47,(anonymous_3)
FN:61,(anonymous_4)
FN:80,(anonymous_5)
FN:81,(anonymous_6)
FN:91,(anonymous_7)
FNF:8
FNH:4
FNDA:36,(anonymous_0)
FNDA:1,(anonymous_1)
FNDA:1,(anonymous_2)
FNDA:0,(anonymous_3)
FNDA:0,(anonymous_4)
FNDA:0,(anonymous_5)
FNDA:0,(anonymous_6)
FNDA:15,(anonymous_7)
DA:4,4
DA:21,4
DA:27,36
DA:34,1
DA:35,1
DA:37,1
DA:44,1
DA:46,0
DA:47,0
DA:48,0
DA:49,0
DA:51,0
DA:55,0
DA:62,0
DA:64,0
DA:65,0
DA:67,0
DA:68,0
DA:69,0
DA:70,0
DA:72,0
DA:81,0
DA:82,0
DA:83,0
DA:85,0
DA:92,15
DA:93,0
DA:95,15
LF:28
LH:9
BRDA:34,0,0,1
BRDA:44,1,0,1
BRDA:46,2,0,0
BRDA:46,2,1,0
BRDA:62,3,0,0
BRDA:64,4,0,0
BRDA:64,4,1,0
BRDA:67,5,0,0
BRDA:69,6,0,0
BRDA:69,6,1,0
BRDA:92,7,0,0
BRDA:92,7,1,15
BRF:12
BRH:3
end_of_record
TN:
SF:src\utils\logger.ts
FN:20,enableDebug
FN:28,disableDebug
FN:36,configureLogging
FN:48,log
FN:60,logError
FN:70,logWarn
FN:80,logDebug
FN:93,logWithLevel
FNF:8
FNH:3
FNDA:0,enableDebug
FNDA:0,disableDebug
FNDA:0,configureLogging
FNDA:75,log
FNDA:3,logError
FNDA:0,logWarn
FNDA:1,logDebug
FNDA:0,logWithLevel
DA:5,8
DA:15,8
DA:20,8
DA:21,0
DA:22,0
DA:28,8
DA:29,0
DA:36,8
DA:37,0
DA:48,8
DA:49,75
DA:50,75
DA:52,75
DA:60,8
DA:61,3
DA:62,3
DA:70,8
DA:71,0
DA:72,0
DA:80,8
DA:81,1
DA:83,0
DA:84,0
DA:93,8
DA:98,0
DA:100,0
DA:101,0
DA:103,0
DA:104,0
DA:106,0
DA:107,0
DA:110,0
DA:111,0
LF:33
LH:16
BRDA:7,0,0,8
BRDA:7,0,1,8
BRDA:81,1,0,1
BRDA:98,2,0,0
BRDA:98,2,1,0
BRDA:98,2,2,0
BRDA:98,2,3,0
BRDA:98,2,4,0
BRF:8
BRH:3
end_of_record
